Case #1:
GGG
CCJ
CCJ
Case #2:
CODE
JJAM
JJAM
Case #3:
CA
KE
Case #4:
EE
EE
CD
BD
AD
AD
Case #5:
GGBD
CHEI
CAFJ
Case #6:
EEAB
CFHI
CGJD
Case #7:
EFI
KGL
DJC
ABH
Case #8:
FFBE
CCCA
CCCD
Case #9:
ABBB
ECDD
EFFF
Case #10:
FCC
EDD
EBA
EBA
Case #11:
BCC
DAA
FAA
FEE
Case #12:
BB
AA
Case #13:
BBF
DAA
CAA
EAA
Case #14:
ACCC
BEEE
BDDF
Case #15:
DCC
BEA
BFF
BFF
Case #16:
AAAA
BBBB
CCCC
Case #17:
EEE
FFA
CCB
CCD
Case #18:
BAC
Case #19:
B
A
Case #20:
BHJF
ALKI
CDGE
Case #21:
EBB
GAD
IFJ
CHJ
Case #22:
CDA
FBB
FBB
FEE
Case #23:
ABG
DHE
CJI
CJF
Case #24:
AA
AA
Case #25:
CBB
EAA
FDD
FDD
Case #26:
DDDD
BCEE
ACEE
Case #27:
ADD
BEE
CEE
Case #28:
BBBB
ECCC
EAAD
Case #29:
BAA
EFD
ECC
ECC
Case #30:
ABB
CDD
CDD
CEF
Case #31:
ABCD
ABCD
ABCD
Case #32:
ADDD
BFEE
BCCC
Case #33:
DDE
AAB
AAC
AAC
Case #34:
AB
Case #35:
BCCC
EEAD
EEAD
Case #36:
DBBB
FCEE
FAAA
Case #37:
CHDE
GIKA
FBJJ
Case #38:
CIG
HAD
EFF
BFF
Case #39:
CHDD
BGFE
JIAA
Case #40:
HHE
CAJ
CDG
FBI
Case #41:
BD
AC
Case #42:
BBBB
AAAA
Case #43:
AAAA
BBBB
CCCC
Case #44:
ABBCCDDEEFFF
Case #45:
CBB
CBB
DEE
DAF
Case #46:
AAAA
DCCC
BEEE
Case #47:
AAAA
CBDD
CEEE
Case #48:
ADEE
BCCC
BCCC
Case #49:
AEC
BDF
Case #50:
AAA
BBC
Case #51:
ABB
DCC
DFE
DFE
Case #52:
CCC
DFF
DAE
BAE
Case #53:
CDD
EAB
EFF
EFF
Case #54:
AAAA
BBCC
BBCC
Case #55:
CEJA
IKGF
IBHD
Case #56:
EFF
BDA
CDA
CDA
Case #57:
ABC
DEE
DEE
Case #58:
AAD
AAD
EFC
EBB
Case #59:
AAA
Case #60:
AAAA
EEDD
EECB
Case #61:
AA
Case #62:
AAAA
BBBB
CCCC
Case #63:
DCBB
AAAA
EEEE
Case #64:
EEE
DCC
ABF
ABF
Case #65:
CCJJ
CCJJ
CCJJ
Case #66:
FAEB
HGCC
HDDD
Case #67:
AA
CB
CD
ED
EF
EF
Case #68:
ABCD
ABCD
ABCD
Case #69:
ABBCCC
DDEEFF
Case #70:
AAA
AAA
Case #71:
AEEE
BCCD
BCCD
Case #72:
ABCD
ABCD
ABCD
Case #73:
CBB
EAD
Case #74:
GHAE
LCJB
DKIF
Case #75:
BBBC
IAED
IFGH
Case #76:
EEEE
CBBB
CDDA
Case #77:
BCF
ADE
ADE
ADE
Case #78:
CDB
AAA
Case #79:
EEEE
CDDD
CAAB
Case #80:
BBBB
DEEE
ACCC
Case #81:
AAA
BBB
Case #82:
FEE
DBB
DCA
DCA
Case #83:
CDD
FFB
AAE
AAE
Case #84:
CEEE
AABB
AADD
Case #85:
A
B
B
C
C
D
D
E
E
F
F
F
Case #86:
FFF
CID
EHJ
AGB
Case #87:
CCB
FIH
FED
FAG
Case #88:
BA
CC
Case #89:
CCCC
BDAA
EDAA
Case #90:
BJD
CHI
EGL
FKA
Case #91:
CJI
KLG
HDB
AEF
Case #92:
A
Case #93:
ECD
ABB
ABB
ABB
Case #94:
CDDD
CDDD
BAAE
Case #95:
BGLK
DJEF
HCAI
Case #96:
EEE
EEE
DBB
DCA
Case #97:
AA
AA
BB
BB
Case #98:
BAA
Case #99:
A
A
Case #100:
JKAH
CGEB
CIDF
