Case #1:
GGG
CCJ
CCJ
Case #2:
CODE
JJAM
JJAM
Case #3:
CA
KE
Case #4:
A
Case #5:
AAAABBBBBBBBBBBBBBBBBBBBB
AAAABBBBBBBBBBBBBBBBBBBBB
AAAABBBBBBBBBBBBBBBBBBBBB
AAAABBBBBBBBBBBBBBBBBBBBB
AAAABBBBBBBBBBBBBBBBBBBBB
AAAABBBBBBBBBBBBBBBBBBBBB
AAAABBBBBBBBBBBBBBBBBBBBB
AAAABBBBBBBBBBBBBBBBBBBBB
AAAABBBBBBBBBBBBBBBBBBBBB
CCCCDDDDDDDDDDDDDDDDDDDDD
CCCCDDDDDDDDDDDDDDDDDDDDD
CCCCEFFFFFFFFFFFFHHHHHHHH
CCCCEFFFFFFFFFFFFHHHHHHHH
CCCCEFFFFFFFFFFFFHHHHHHHH
CCCCEFFFFFFFFFFFFHHHHHHHH
CCCCEFFFFFFFFFFFFHHHHHHHH
CCCCEFFFFFFFFFFFFHHHHHHHH
CCCCEFFFFFFFFFFFFHHHHHHHH
CCCCEFFFFFFFFFFFFHHHHHHHH
CCCCEFFFFFFFFFFFFHHHHHHHH
CCCCEGGGGGGGGGGGGJJJJJJJJ
CCCCEGGGGGGGGGGGGIIIIIIII
CCCCEGGGGGGGGGGGGIIIIIIII
CCCCEGGGGGGGGGGGGIIIIIIII
CCCCEGGGGGGGGGGGGIIIIIIII
Case #6:
GGGGGGGGGGGGGGGGGGGGGGGGG
YNNNNNNNNNNNNNNNNNNNNNNNN
ONNNNNNNNNNNNNNNNNNNNNNNN
ONNNNNNNNNNNNNNNNNNNNNNNN
OHBBBQQQQQQQQQQQMMMLLLLLL
OHBBBQQQQQQQQQQQMMMLLLLLL
OHVFFFFFFFFFFFFFFFFFFFFFF
OHVFFFFFFFFFFFFFFFFFFFFFF
OHVKAAAAAZZZZIIIIIIIIIIII
OHVKAAAAAZZZZIIIIIIIIIIII
OHJKTTTTPPPRRRRRRRRRRRRRR
OHJKTTTTPPPRRRRRRRRRRRRRR
OHJKTTTTPPPRRRRRRRRRRRRRR
OHJKTTTTWWXXXXXXXXXXXXXXX
OHJKTTTTWWCCCCEEEEEEEEEEE
OHJKTTTTWWCCCCSUUUUUUUUUU
OHJKTTTTWWCCCCSUUUUUUUUUU
OHJKTTTTWWCCCCSUUUUUUUUUU
OHJKTTTTWWCCCCSUUUUUUUUUU
OHJDTTTTWWCCCCSUUUUUUUUUU
OHJDTTTTWWCCCCSUUUUUUUUUU
OHJDTTTTWWCCCCSUUUUUUUUUU
OHJDTTTTWWCCCCSUUUUUUUUUU
OHJDTTTTWWCCCCSUUUUUUUUUU
OHJDTTTTWWCCCCSUUUUUUUUUU
Case #7:
BRRRRRRRRRRRRRRRRRRRRRRRR
BRRRRRRRRRRRRRRRRRRRRRRRR
DUUUUUUUUUUUUUUUUUUUUUUUU
DHHYYYYYYYYYYYYYQQQQQQQQQ
DHHYYYYYYYYYYYYYQQQQQQQQQ
DHHLJJJJJJJJJJJJJJJJJJJJJ
DHHLAGGGGGGGGGGGGGGGGGGGG
DHHLAGGGGGGGGGGGGGGGGGGGG
DHHLAGGGGGGGGGGGGGGGGGGGG
DHHLANNIIIIIIIIIIIIIIIIII
DHHLANNIIIIIIIIIIIIIIIIII
DHHLANNXEEEEEEEEEEEEEEEEE
DHHLANNXEEEEEEEEEEEEEEEEE
DHHLFNNXSSMMMMMMMMMMMMMMM
DHHLFNNXSSMMMMMMMMMMMMMMM
DHHLFNNXSSZZZZZZTTTTTTTTT
DHHKFNNXSSZZZZZZCCCCCCCCC
DHHKWNNXPPZZZZZZCCCCCCCCC
DHHKVNNXPPZZZZZZCCCCCCCCC
DHHKVNNXPPZZZZZZOOOOOOOOO
DHHKVNNXPPZZZZZZOOOOOOOOO
DHHKVNNXPPZZZZZZOOOOOOOOO
DHHKVNNXPPZZZZZZOOOOOOOOO
DHHKVNNXPPZZZZZZOOOOOOOOO
DHHKVNNXPPZZZZZZOOOOOOOOO
Case #8:
BB
AA
Case #9:
KKKKKKKKKKKKKKKKKKKKKKKKK
KKKKKKKKKKKKKKKKKKKKKKKKK
SSSSSSSSSSSSSCCCCCCCCCCCC
SSSSSSSSSSSSSVAAAAAAAJEEG
SSSSSSSSSSSSSVAAAAAAAJEEG
SSSSSSSSSSSSSVQQQMMMMMMMM
SSSSSSSSSSSSSVQQQFHHHBBUU
SSSSSSSSSSSSSVQQQFHHHBBUU
SSSSSSSSSSSSSVQQQFOPPPPPP
SSSSSSSSSSSSSNQQQFOIIYLTT
SSSSSSSSSSSSSNQQQFOWWZXXX
SSSSSSSSSSSSSNQQQFOWWZXXX
SSSSSSSSSSSSSNQQQFOWWZRDD
SSSSSSSSSSSSSNQQQFOWWZRDD
SSSSSSSSSSSSSNQQQFOWWZRDD
SSSSSSSSSSSSSNQQQFOWWZRDD
SSSSSSSSSSSSSNQQQFOWWZRDD
SSSSSSSSSSSSSNQQQFOWWZRDD
SSSSSSSSSSSSSNQQQFOWWZRDD
SSSSSSSSSSSSSNQQQFOWWZRDD
SSSSSSSSSSSSSNQQQFOWWZRDD
SSSSSSSSSSSSSNQQQFOWWZRDD
SSSSSSSSSSSSSNQQQFOWWZRDD
SSSSSSSSSSSSSNQQQFOWWZRDD
SSSSSSSSSSSSSNQQQFOWWZRDD
Case #10:
GGGGGGGGGGGGGGGGGGGGGGGGG
HXXXXXXXXUUUUUUUUUUUUUUUU
HTJJJJJJJJJJJJJJJJJJJJJJJ
HQNNZZZZZZZZZZZZZZZZZZZZZ
HQNNZZZZZZZZZZZZZZZZZZZZZ
HQNNZZZZZZZZZZZZZZZZZZZZZ
HQNNOOMMMMMMMMMMMMMMAAAAA
HQNNOOMMMMMMMMMMMMMMAAAAA
HQNNOOLLPPPPPPPPPPPPPPPPP
SQNNOOLLPPPPPPPPPPPPPPPPP
BQNNOOLLIFFFFFFFFFFFFFFFF
BQNNOOLLYEEEVVVVVVVVVVVVV
BQNNOOLLYEEERCCCCCCCCCCCC
BQNNOOLLYEEERWWWWDDDDDDDD
BQNNOOLLYEEERWWWWDDDDDDDD
BQNNOOLLYEEERWWWWDDDDDDDD
BQNNOOLLYEEERWWWWDDDDDDDD
BQNNOOLLYEEERWWWWDDDDDDDD
BQNNOOLLYEEERWWWWDDDDDDDD
BQNNOOLLYEEERWWWWDDDDDDDD
BQNNOOLLYEEERWWWWKKKKKKKK
BQNNOOLLYEEERWWWWKKKKKKKK
BQNNOOLLYEEERWWWWKKKKKKKK
BQNNOOLLYEEERWWWWKKKKKKKK
BQNNOOLLYEEERWWWWKKKKKKKK
Case #11:
AAAAAAAAAAAAAAAAAAAAAAAAA
BBBBBBBBBBBBBBBBBBBBBBBBB
CCCCCCCCCCCCCCCCCCCCCCCCC
DDDDDDDDDDDDDDDDDDDDDDDDD
EEEEEEEEEEEEEEEEEEEEEEEEE
FFFFFFFFFFFFFFFFFFFFFFFFF
GGGGGGGGGGGGGGGGGGGGGGGGG
HHHHHHHHHHHHHHHHHHHHHHHHH
IIIIIIIIIIIIIIIIIIIIIIIII
JJJJJJJJJJJJJJJJJJJJJJJJJ
KKKKKKKKKKKKKKKKKKKKKKKKK
LLLLLLLLLLLLLLLLLLLLLLLLL
MMMMMMMMMMMMMMMMMMMMMMMMM
NNNNNNNNNNNNNNNNNNNNNNNNN
OOOOOOOOOOOOOOOOOOOOOOOOO
PPPPPPPPPPPPPPPPPPPPPPPPP
QQQQQQQQQQQQQQQQQQQQQQQQQ
RRRRRRRRRRRRRRRRRRRRRRRRR
SSSSSSSSSSSSSSSSSSSSSSSSS
TTTTTTTTTTTTTTTTTTTTTTTTT
UUUUUUUUUUUUUUUUUUUUUUUUU
VVVVVVVVVVVVVVVVVVVVVVVVV
WWWWWWWWWWWWWWWWWWWWWWWWW
XXXXXXXXXXXXXXXXXXXXXXXXX
YYYYYYYYYYYYYYYYYYYYYYYYY
Case #12:
AAAAACCCCCCCCCCCCCCCCCCCC
AAAAACCCCCCCCCCCCCCCCCCCC
BBBBBEEEEEEEEEEEEEEEEEEEE
BBBBBDDFFFFFFFFFFFFGGGGGG
BBBBBDDFFFFFFFFFFFFGGGGGG
BBBBBDDFFFFFFFFFFFFGGGGGG
BBBBBDDFFFFFFFFFFFFGGGGGG
BBBBBDDFFFFFFFFFFFFGGGGGG
BBBBBDDFFFFFFFFFFFFGGGGGG
BBBBBDDFFFFFFFFFFFFGGGGGG
BBBBBDDFFFFFFFFFFFFGGGGGG
BBBBBDDFFFFFFFFFFFFGGGGGG
BBBBBDDFFFFFFFFFFFFGGGGGG
BBBBBDDFFFFFFFFFFFFGGGGGG
BBBBBDDFFFFFFFFFFFFGGGGGG
BBBBBDDFFFFFFFFFFFFGGGGGG
BBBBBDDFFFFFFFFFFFFGGGGGG
BBBBBDDFFFFFFFFFFFFGGGGGG
BBBBBDDHHHHHHHHHHHHIIIIII
BBBBBDDHHHHHHHHHHHHIIIIII
BBBBBDDHHHHHHHHHHHHJJJJJJ
BBBBBDDHHHHHHHHHHHHJJJJJJ
BBBBBDDHHHHHHHHHHHHJJJJJJ
BBBBBDDHHHHHHHHHHHHJJJJJJ
BBBBBDDHHHHHHHHHHHHJJJJJJ
Case #13:
AAAAAABBBBBBBBBBBBBBBBBBB
AAAAAABBBBBBBBBBBBBBBBBBB
AAAAAABBBBBBBBBBBBBBBBBBB
AAAAAABBBBBBBBBBBBBBBBBBB
AAAAAABBBBBBBBBBBBBBBBBBB
AAAAAABBBBBBBBBBBBBBBBBBB
AAAAAABBBBBBBBBBBBBBBBBBB
AAAAAABBBBBBBBBBBBBBBBBBB
AAAAAABBBBBBBBBBBBBBBBBBB
CCCCCCDDDDDDDDDDDDDDDDDDD
CCCCCCDDDDDDDDDDDDDDDDDDD
CCCCCCEFFFFFFFFFFFFFHHHHH
CCCCCCEFFFFFFFFFFFFFHHHHH
CCCCCCEFFFFFFFFFFFFFHHHHH
CCCCCCEGGGGGGGGGGGGGJJJJJ
CCCCCCEGGGGGGGGGGGGGIIIII
CCCCCCEGGGGGGGGGGGGGIIIII
CCCCCCEGGGGGGGGGGGGGIIIII
CCCCCCEGGGGGGGGGGGGGIIIII
CCCCCCEGGGGGGGGGGGGGIIIII
CCCCCCEGGGGGGGGGGGGGIIIII
CCCCCCEGGGGGGGGGGGGGIIIII
CCCCCCEGGGGGGGGGGGGGIIIII
CCCCCCEGGGGGGGGGGGGGIIIII
CCCCCCEGGGGGGGGGGGGGIIIII
Case #14:
AABBBBBBBBBBBBBBBBBBBBBBB
AABBBBBBBBBBBBBBBBBBBBBBB
CCDDDDDDDDDDDDDDDDDDDDDDD
CCDDDDDDDDDDDDDDDDDDDDDDD
CCEFFFFFFFFFFFFFHHHHHHHHH
CCEFFFFFFFFFFFFFHHHHHHHHH
CCEFFFFFFFFFFFFFHHHHHHHHH
CCEFFFFFFFFFFFFFHHHHHHHHH
CCEFFFFFFFFFFFFFHHHHHHHHH
CCEFFFFFFFFFFFFFHHHHHHHHH
CCEFFFFFFFFFFFFFHHHHHHHHH
CCEFFFFFFFFFFFFFHHHHHHHHH
CCEFFFFFFFFFFFFFHHHHHHHHH
CCEFFFFFFFFFFFFFHHHHHHHHH
CCEFFFFFFFFFFFFFHHHHHHHHH
CCEFFFFFFFFFFFFFHHHHHHHHH
CCEFFFFFFFFFFFFFHHHHHHHHH
CCEFFFFFFFFFFFFFHHHHHHHHH
CCEGGGGGGGGGGGGGJJJJJJJJJ
CCEGGGGGGGGGGGGGIIIIIIIII
CCEGGGGGGGGGGGGGIIIIIIIII
CCEGGGGGGGGGGGGGIIIIIIIII
CCEGGGGGGGGGGGGGIIIIIIIII
CCEGGGGGGGGGGGGGIIIIIIIII
CCEGGGGGGGGGGGGGIIIIIIIII
Case #15:
VVVVVVVVVVVVVVVVVVVVVVVVV
DDDDKKKKFFFFFFFFFFFFFFFFF
DDDDUAPPZZZZZZZZZZZZZZZZZ
DDDDUAPPZZZZZZZZZZZZZZZZZ
DDDDUSQQIGGGGGGGGGGGGGGGG
DDDDUYCRRRRRRRRRRRRRRRRRR
NNNNUOCHELLLLLLLLLLLLLLLL
NNNNUJCWTXBBBBBBBBBBBBBBB
NNNNUJMWTXBBBBBBBBBBBBBBB
NNNNUJMWTXBBBBBBBBBBBBBBB
NNNNUJMWTXBBBBBBBBBBBBBBB
NNNNUJMWTXBBBBBBBBBBBBBBB
NNNNUJMWTXBBBBBBBBBBBBBBB
NNNNUJMWTXBBBBBBBBBBBBBBB
NNNNUJMWTXBBBBBBBBBBBBBBB
NNNNUJMWTXBBBBBBBBBBBBBBB
NNNNUJMWTXBBBBBBBBBBBBBBB
NNNNUJMWTXBBBBBBBBBBBBBBB
NNNNUJMWTXBBBBBBBBBBBBBBB
NNNNUJMWTXBBBBBBBBBBBBBBB
NNNNUJMWTXBBBBBBBBBBBBBBB
NNNNUJMWTXBBBBBBBBBBBBBBB
NNNNUJMWTXBBBBBBBBBBBBBBB
NNNNUJMWTXBBBBBBBBBBBBBBB
NNNNUJMWTXBBBBBBBBBBBBBBB
Case #16:
KHHHHHHHHIIIIIIIIIIIIIII
KHHHHHHHHIIIIIIIIIIIIIII
RRSSVVVVVVVVVVVVXXXXXXXX
RRSSVVVVVVVVVVVVXXXXXXXX
RRSSVVVVVVVVVVVVXXXXXXXX
RROOOUUUUUUUUMMMMMMMMMMM
RROOOAAAWWWWWWWWWWWWWWWW
RROOOAAALQQQQQQQQQQQQQQQ
RROOOAAALYFFFFFFFFFFFFFF
RROOOAAALYTDDDDDDDDDDDDD
RROOOAAALYTDDDDDDDDDDDDD
RROOOAAALYTDDDDDDDDDDDDD
RROOOAAALYTEJJJJJJJJJJJJ
RROOOAAALYTECCCCCCCCCCCC
RROOOAAALYTECCCCCCCCCCCC
RROOOAAALYPECCCCCCCCCCCC
RROOOAAALYPECCCCCCCCCCCC
RROOOAAALYPECCCCCCCCCCCC
RROOOAAALYGECCCCCCCCCCCC
RRNNNAAALYGECCCCCCCCCCCC
RRNNNAAALYGECCCCCCCCCCCC
RRBBBAAALYGECCCCCCCCCCCC
RRBBBAAALYGECCCCCCCCCCCC
RRBBBAAALYGECCCCCCCCCCCC
RRBBBAAALYGECCCCCCCCCCCC
Case #17:
HHHHHHHHHHHHHHHHHHHHHHHHH
VZZZDDDEEEEEEIIIIIIIIIIII
VMMMCCCCCCCCCCCCCCCCCCCCC
VMMMOBBBBBBBBBBBBBBBBBBBB
VMMMOUURRRRRRRRRRRRRRRRRR
VQQQOUURRRRRRRRRRRRRRRRRR
VQQQOUURRRRRRRRRRRRRRRRRR
VQQQOUUYJJJJJJJJJJJJJJJJJ
VQQQOUUYJJJJJJJJJJJJJJJJJ
VQQQXUUYJJJJJJJJJJJJJJJJJ
VQQQXUUYJJJJJJJJJJJJJJJJJ
VQQQXUUYJJJJJJJJJJJJJJJJJ
VQQQXUUYJJJJJJJJJJJJJJJJJ
VQQQXUUYTTTTTPPPPPPPPPPPP
AQQQXUUYTTTTTPPPPPPPPPPPP
AQQQXUUYTTTTTPPPPPPPPPPPP
AQQQXUUYTTTTTFLLLLLLLLLLL
AQQQXUUYTTTTTFWWSSSSSSSSS
AQQQXUUYTTTTTFNNKKKKKKKKK
AQQQGUUYTTTTTFNNKKKKKKKKK
AQQQGUUYTTTTTFNNKKKKKKKKK
AQQQGUUYTTTTTFNNKKKKKKKKK
AQQQGUUYTTTTTFNNKKKKKKKKK
AQQQGUUYTTTTTFNNKKKKKKKKK
AQQQGUUYTTTTTFNNKKKKKKKKK
Case #18:
IIIIIIIIIIIIIIIIIIIIIIIII
IIIIIIIIIIIIIIIIIIIIIIIII
VVVVAAAAAAAAAAAAAAAAAAAAA
VVVVGQQQQQQQQQQQQQQQQQQQQ
VVVVGQQQQQQQQQQQQQQQQQQQQ
VVVVGZFFFUUUUUUUUUUUUUUUU
VVVVGZMHHHHKKKKKKKKKKKKKK
VVVVGZMESSSSSSSSSSSSSSSSS
XXXXGZMESSSSSSSSSSSSSSSSS
XXXXGZMWSSSSSSSSSSSSSSSSS
XXXXGZMWSSSSSSSSSSSSSSSSS
XXXXGZMWYYCCCCCCCCCCCCCCC
XXXXGZMWYYJJJBBBBBBBBBBBB
XXXXGZMWYYJJJBBBBBBBBBBBB
XXXXGZMWYYJJJBBBBBBBBBBBB
XXXXGZMWLLJJJBBBBBBBBBBBB
XXXXGZMWLLJJJNNNTTTTTTTTT
XXXXGZMWLLJJJNNNTTTTTTTTT
XXXXGZMWLLJJJNNNTTTTTTTTT
XXXXGZMWLLJJJNNNTTTTTTTTT
XXXXGZMWLLJJJNNNTTTTTTTTT
XXXXGZMWLLJJJNNNDDPPPPPPP
XXXXGZMWLLJJJNNNDDPPPPPPP
XXXXGZMWLLJJJNNNDDRRROOOO
XXXXGZMWLLJJJNNNDDRRROOOO
Case #19:
AAAAAAAAAAABBBBBBBBBBBBBB
AAAAAAAAAAABBBBBBBBBBBBBB
AAAAAAAAAAABBBBBBBBBBBBBB
AAAAAAAAAAABBBBBBBBBBBBBB
AAAAAAAAAAABBBBBBBBBBBBBB
AAAAAAAAAAABBBBBBBBBBBBBB
AAAAAAAAAAABBBBBBBBBBBBBB
AAAAAAAAAAABBBBBBBBBBBBBB
AAAAAAAAAAABBBBBBBBBBBBBB
AAAAAAAAAAABBBBBBBBBBBBBB
AAAAAAAAAAABBBBBBBBBBBBBB
AAAAAAAAAAABBBBBBBBBBBBBB
AAAAAAAAAAABBBBBBBBBBBBBB
AAAAAAAAAAABBBBBBBBBBBBBB
AAAAAAAAAAABBBBBBBBBBBBBB
AAAAAAAAAAABBBBBBBBBBBBBB
AAAAAAAAAAABBBBBBBBBBBBBB
AAAAAAAAAAABBBBBBBBBBBBBB
CCCCCCCCCCCDDDDDDDDDDDDDD
CCCCCCCCCCCDDDDDDDDDDDDDD
CCCCCCCCCCCEEEEEEEEEEEEEE
CCCCCCCCCCCEEEEEEEEEEEEEE
CCCCCCCCCCCEEEEEEEEEEEEEE
CCCCCCCCCCCEEEEEEEEEEEEEE
CCCCCCCCCCCEEEEEEEEEEEEEE
Case #20:
FFFFFFFFFFFFFFFFFFFFFFFFF
FFFFFFFFFFFFFFFFFFFFFFFFF
FFFFFFFFFFFFFFFFFFFFFFFFF
FFFFFFFFFFFFFFFFFFFFFFFFF
FFFFFFFFFFFFFFFFFFFFFFFFF
FFFFFFFFFFFFFFFFFFFFFFFFF
FFFFFFFFFFFFFFFFFFFFFFFFF
UUUUUUUUUDDDRRRRRRRRRRRRR
UUUUUUUUUOJJJIIAAAAAAAAAA
UUUUUUUUUOJJJIIAAAAAAAAAA
UUUUUUUUUOXZNWQQQQQQQQQQQ
UUUUUUUUUOCVYYPMMMMMMMMMM
UUUUUUUUUOCBYYPMMMMMMMMMM
UUUUUUUUUOSBTLHHHHHHHHHHH
UUUUUUUUUOSKGLHHHHHHHHHHH
UUUUUUUUUOSKELHHHHHHHHHHH
UUUUUUUUUOSKELHHHHHHHHHHH
UUUUUUUUUOSKELHHHHHHHHHHH
UUUUUUUUUOSKELHHHHHHHHHHH
UUUUUUUUUOSKELHHHHHHHHHHH
UUUUUUUUUOSKELHHHHHHHHHHH
UUUUUUUUUOSKELHHHHHHHHHHH
UUUUUUUUUOSKELHHHHHHHHHHH
UUUUUUUUUOSKELHHHHHHHHHHH
UUUUUUUUUOSKELHHHHHHHHHHH
Case #21:
KKKKKKKKKKKKKKKKKKKKKKKKJ
KKKKKKKKKKKKKKKKKKKKKKKKJ
KKKKKKKKKKKKKKKKKKKKKKKKJ
KKKKKKKKKKKKKKKKKKKKKKKKJ
KKKKKKKKKKKKKKKKKKKKKKKKJ
KKKKKKKKKKKKKKKKKKKKKKKKJ
KKKKKKKKKKKKKKKKKKKKKKKKJ
KKKKKKKKKKKKKKKKKKKKKKKKJ
KKKKKKKKKKKKKKKKKKKKKKKKJ
KKKKKKKKKKKKKKKKKKKKKKKKJ
KKKKKKKKKKKKKKKKKKKKKKKKJ
KKKKKKKKKKKKKKKKKKKKKKKKJ
KKKKKKKKKKKKKKKKKKKKKKKKJ
KKKKKKKKKKKKKKKKKKKKKKKKJ
KKKKKKKKKKKKKKKKKKKKKKKKJ
KKKKKKKKKKKKKKKKKKKKKKKKJ
KKKKKKKKKKKKKKKKKKKKKKKKJ
NNNNNNNNNNNNNNNNNNVVVVVEE
NNNNNNNNNNNNNNNNNNQWWWRRR
NNNNNNNNNNNNNNNNNNQXHLUUU
NNNNNNNNNNNNNNNNNNQXBIIZZ
NNNNNNNNNNNNNNNNNNQACGGOO
NNNNNNNNNNNNNNNNNNQDCGGTY
NNNNNNNNNNNNNNNNNNQDCGGTF
NNNNNNNNNNNNNNNNNNQSCPPTM
Case #22:
XXXXXXXXXXXXXFFFFFFFFFFFF
GCCCCCCCCCCCCCCCCCCCCCCCC
GNJHHHHHHHHHHHHHHHHHHHHHH
GNJHHHHHHHHHHHHHHHHHHHHHH
GNJHHHHHHHHHHHHHHHHHHHHHH
GNUQQQQQQQQQQQQQQQQQQQQQQ
GNUQQQQQQQQQQQQQQQQQQQQQQ
GNUSDDDDDDDDDDDDDDDDDDDDD
GNUSPYYYYYYYYYYYYYYYYYYYY
GNUSPOOVVVVIIIIIIIIIIIIII
GNUSPOOLLAAAAAAAAAAAAAAAA
WNUSPOOLLZZZZZBBBBBBBBBBB
WNUMPOOLLZZZZZBBBBBBBBBBB
WNUMPOOLLZZZZZBBBBBBBBBBB
WNUMPOOLLZZZZZEEEEEKKKKKK
WNUMPOOLLZZZZZEEEEEKKKKKK
WNUMPOOLLZZZZZEEEEEKKKKKK
WNUMPOOLLZZZZZEEEEEKKKKKK
WNUMPOOLLZZZZZEEEEEKKKKKK
WNUMPOOLLZZZZZEEEEEKKKKKK
WNUMPOOLLZZZZZEEEEERRRRRR
WNUMPOOLLZZZZZEEEEERRRRRR
WNUMTOOLLZZZZZEEEEERRRRRR
WNUMTOOLLZZZZZEEEEERRRRRR
WNUMTOOLLZZZZZEEEEERRRRRR
Case #23:
IIIIIIIIIIIIIIIIIIIIIOOOO
IIIIIIIIIIIIIIIIIIIIIOOOO
IIIIIIIIIIIIIIIIIIIIIOOOO
IIIIIIIIIIIIIIIIIIIIIOOOO
IIIIIIIIIIIIIIIIIIIIIOOOO
IIIIIIIIIIIIIIIIIIIIIOOOO
IIIIIIIIIIIIIIIIIIIIIOOOO
IIIIIIIIIIIIIIIIIIIIIOOOO
IIIIIIIIIIIIIIIIIIIIIOOOO
IIIIIIIIIIIIIIIIIIIIIOOOO
IIIIIIIIIIIIIIIIIIIIIOOOO
IIIIIIIIIIIIIIIIIIIIIOOOO
IIIIIIIIIIIIIIIIIIIIIOOOO
IIIIIIIIIIIIIIIIIIIIIOOOO
VVVVVVVVVVVUUUUUUUUUMMMMM
VVVVVVVVVVVSSRRRRRRRRRRRR
VVVVVVVVVVVSSCCBBBKKKHJJJ
VVVVVVVVVVVSSCCXNNNNZTTTT
VVVVVVVVVVVSSCCXGGQQQQQQQ
VVVVVVVVVVVSSCCXGGQQQQQQQ
VVVVVVVVVVVSSCCXGGEAFWWWW
VVVVVVVVVVVSSCCXYYELPPPPP
VVVVVVVVVVVSSCCXYYELDDDDD
VVVVVVVVVVVSSCCXYYELDDDDD
VVVVVVVVVVVSSCCXYYELDDDDD
Case #24:
ABCDEFGHIJKLMNOPQRSTUVWXY
ABCDEFGHIJKLMNOPQRSTUVWXY
ABCDEFGHIJKLMNOPQRSTUVWXY
ABCDEFGHIJKLMNOPQRSTUVWXY
ABCDEFGHIJKLMNOPQRSTUVWXY
ABCDEFGHIJKLMNOPQRSTUVWXY
ABCDEFGHIJKLMNOPQRSTUVWXY
ABCDEFGHIJKLMNOPQRSTUVWXY
ABCDEFGHIJKLMNOPQRSTUVWXY
ABCDEFGHIJKLMNOPQRSTUVWXY
ABCDEFGHIJKLMNOPQRSTUVWXY
ABCDEFGHIJKLMNOPQRSTUVWXY
ABCDEFGHIJKLMNOPQRSTUVWXY
ABCDEFGHIJKLMNOPQRSTUVWXY
ABCDEFGHIJKLMNOPQRSTUVWXY
ABCDEFGHIJKLMNOPQRSTUVWXY
ABCDEFGHIJKLMNOPQRSTUVWXY
ABCDEFGHIJKLMNOPQRSTUVWXY
ABCDEFGHIJKLMNOPQRSTUVWXY
ABCDEFGHIJKLMNOPQRSTUVWXY
ABCDEFGHIJKLMNOPQRSTUVWXY
ABCDEFGHIJKLMNOPQRSTUVWXY
ABCDEFGHIJKLMNOPQRSTUVWXY
ABCDEFGHIJKLMNOPQRSTUVWXY
ABCDEFGHIJKLMNOPQRSTUVWXY
Case #25:
IIIIIIIIIIIIIIIIIIIIIIIII
IIIIIIIIIIIIIIIIIIIIIIIII
UYYLLLLLLLLLLLLLLLLLLLLLL
CYYLLLLLLLLLLLLLLLLLLLLLL
CYYLLLLLLLLLLLLLLLLLLLLLL
CYYLLLLLLLLLLLLLLLLLLLLLL
CPPPEEEEEERRRRRRRRRRRRRRR
CPPPNMMMMMMMMMMMMMMMMMMMM
CPPPNQQDDXXXXBBBBBBBBBBBB
CPPPTQQDDXXXXBBBBBBBBBBBB
CPPPTQQDDXXXXBBBBBBBBBBBB
CPPPTQQOGGGGGGGGGGGGGGGGG
CPPPTQQOFSSSSSSSSSSSSSSSS
CJJJTQQOFSSSSSSSSSSSSSSSS
CJJJTQQOFSSSSSSSSSSSSSSSS
CJJJTQQOFSSSSSSSSSSSSSSSS
CJJJTQQOFAAAAAKKKKKKKKKKK
CJJJTQQOFAAAAAKKKKKKKKKKK
CJJJTQQHFAAAAAKKKKKKKKKKK
CJJJTQQHFAAAAAKKKKKKKKKKK
CJJJTQQHFAAAAAKKKKKKKKKKK
CJJJTQQHFAAAAAVVVVVWWWWWW
CJJJTQQHFAAAAAVVVVVWWWWWW
CJJJTQQHFAAAAAVVVVVWWWWWW
Case #26:
AB
Case #27:
MLLLL
MLLLL
KIAAA
GCHJJ
BNOOO
EFOOO
DFOOO
Case #28:
ABCDEFGHIJKLMNOPQRSTUVWXY
ABCDEFGHIJKLMNOPQRSTUVWXY
ABCDEFGHIJKLMNOPQRSTUVWXY
ABCDEFGHIJKLMNOPQRSTUVWXY
ABCDEFGHIJKLMNOPQRSTUVWXY
ABCDEFGHIJKLMNOPQRSTUVWXY
ABCDEFGHIJKLMNOPQRSTUVWXY
ABCDEFGHIJKLMNOPQRSTUVWXY
ABCDEFGHIJKLMNOPQRSTUVWXY
ABCDEFGHIJKLMNOPQRSTUVWXY
ABCDEFGHIJKLMNOPQRSTUVWXY
ABCDEFGHIJKLMNOPQRSTUVWXY
ABCDEFGHIJKLMNOPQRSTUVWXY
ABCDEFGHIJKLMNOPQRSTUVWXY
ABCDEFGHIJKLMNOPQRSTUVWXY
ABCDEFGHIJKLMNOPQRSTUVWXY
ABCDEFGHIJKLMNOPQRSTUVWXY
ABCDEFGHIJKLMNOPQRSTUVWXY
ABCDEFGHIJKLMNOPQRSTUVWXY
ABCDEFGHIJKLMNOPQRSTUVWXY
ABCDEFGHIJKLMNOPQRSTUVWXY
ABCDEFGHIJKLMNOPQRSTUVWXY
ABCDEFGHIJKLMNOPQRSTUVWXY
ABCDEFGHIJKLMNOPQRSTUVWXY
ABCDEFGHIJKLMNOPQRSTUVWXY
Case #29:
ABBBBBBBBBBBBBBBBBBBBBBBB
ABBBBBBBBBBBBBBBBBBBBBBBB
ABBBBBBBBBBBBBBBBBBBBBBBB
ABBBBBBBBBBBBBBBBBBBBBBBB
ABBBBBBBBBBBBBBBBBBBBBBBB
CDDDDDDDDDDDDDDDDDDDDDDDD
CDDDDDDDDDDDDDDDDDDDDDDDD
CEFFFFFFFFFFFFFFFFHHHHHHH
CEFFFFFFFFFFFFFFFFHHHHHHH
CEFFFFFFFFFFFFFFFFHHHHHHH
CEFFFFFFFFFFFFFFFFHHHHHHH
CEFFFFFFFFFFFFFFFFHHHHHHH
CEFFFFFFFFFFFFFFFFHHHHHHH
CEFFFFFFFFFFFFFFFFHHHHHHH
CEFFFFFFFFFFFFFFFFHHHHHHH
CEFFFFFFFFFFFFFFFFHHHHHHH
CEFFFFFFFFFFFFFFFFHHHHHHH
CEGGGGGGGGGGGGGGGGJJJJJJJ
CEGGGGGGGGGGGGGGGGIIIIIII
CEGGGGGGGGGGGGGGGGIIIIIII
CEGGGGGGGGGGGGGGGGIIIIIII
CEGGGGGGGGGGGGGGGGIIIIIII
CEGGGGGGGGGGGGGGGGIIIIIII
CEGGGGGGGGGGGGGGGGIIIIIII
CEGGGGGGGGGGGGGGGGIIIIIII
Case #30:
TTTTTTTTTTTTTTTTPMMMBRRRR
TTTTTTTTTTTTTTTTPMMMBRRRR
TTTTTTTTTTTTTTTTPMMMBRRRR
TTTTTTTTTTTTTTTTPMMMBRRRR
TTTTTTTTTTTTTTTTPMMMBRRRR
TTTTTTTTTTTTTTTTPMMMBRRRR
TTTTTTTTTTTTTTTTPMMMBRRRR
TTTTTTTTTTTTTTTTPMMMBRRRR
TTTTTTTTTTTTTTTTPMMMBRRRR
TTTTTTTTTTTTTTTTPMMMBRRRR
TTTTTTTTTTTTTTTTPMMMBRRRR
TTTTTTTTTTTTTTTTPMMMBRRRR
TTTTTTTTTTTTTTTTPMMMBRRRR
TTTTTTTTTTTTTTTTPMMMBRRRR
TTTTTTTTTTTTTTTTPMMMBRRRR
TTTTTTTTTTTTTTTTPMMMBRRRR
JJJJJJJJJJJJJJJWNNVZYYYYY
JJJJJJJJJJJJJJJQHHCCUUUUU
JJJJJJJJJJJJJJJQAELLKKXXX
JJJJJJJJJJJJJJJQAIGGGGGGG
JJJJJJJJJJJJJJJQSIFOOOOOO
JJJJJJJJJJJJJJJQSIDOOOOOO
JJJJJJJJJJJJJJJQSIDOOOOOO
JJJJJJJJJJJJJJJQSIDOOOOOO
JJJJJJJJJJJJJJJQSIDOOOOOO
Case #31:
CB
AA
Case #32:
AAAAAAAAAAAAAAAAAAAAAAAAA
BBBBBBBBBBBBBBBBBBBBBBBBB
CCCCCCCCCCCCCCCCCCCCCCCCC
DDDDDDDDDDDDDDDDDDDDDDDDD
EEEEEEEEEEEEEEEEEEEEEEEEE
FFFFFFFFFFFFFFFFFFFFFFFFF
GGGGGGGGGGGGGGGGGGGGGGGGG
HHHHHHHHHHHHHHHHHHHHHHHHH
IIIIIIIIIIIIIIIIIIIIIIIII
JJJJJJJJJJJJJJJJJJJJJJJJJ
KKKKKKKKKKKKKKKKKKKKKKKKK
LLLLLLLLLLLLLLLLLLLLLLLLL
MMMMMMMMMMMMMMMMMMMMMMMMM
NNNNNNNNNNNNNNNNNNNNNNNNN
OOOOOOOOOOOOOOOOOOOOOOOOO
PPPPPPPPPPPPPPPPPPPPPPPPP
QQQQQQQQQQQQQQQQQQQQQQQQQ
RRRRRRRRRRRRRRRRRRRRRRRRR
SSSSSSSSSSSSSSSSSSSSSSSSS
TTTTTTTTTTTTTTTTTTTTTTTTT
UUUUUUUUUUUUUUUUUUUUUUUUU
VVVVVVVVVVVVVVVVVVVVVVVVV
WWWWWWWWWWWWWWWWWWWWWWWWW
XXXXXXXXXXXXXXXXXXXXXXXXX
YYYYYYYYYYYYYYYYYYYYYYYYY
Case #33:
FFFFFFFFFFFFFFFFFFFFFFFFF
VOOOOOOOOOOOOOOOOOOOOOOOO
VOOOOOOOOOOOOOOOOOOOOOOOO
VOOOOOOOOOOOOOOOOOOOOOOOO
VCGGGGGGGGGGGGGGGGSSSSSSS
VCGGGGGGGGGGGGGGGGSSSSSSS
VCGGGGGGGGGGGGGGGGSSSSSSS
VCWWNNNNNNNNNNNNNNNNNNNNN
VCWWNNNNNNNNNNNNNNNNNNNNN
VCWWADDDQQQQQQQQQQQQQQQQQ
VCWWAZZZZYYMMMMMMMMMMMMMM
VCWWAZZZZLXXXXXXXXXXXXXXX
VCWWAZZZZLXXXXXXXXXXXXXXX
VCWWUZZZZLXXXXXXXXXXXXXXX
VCBBUZZZZLRHHHHHHHHHHHHHH
VCBBUZZZZLRHHHHHHHHHHHHHH
VCBBUZZZZLRKJJJJJJJJJJJJJ
VCBBUZZZZLRKJJJJJJJJJJJJJ
VCTTUZZZZLRKJJJJJJJJJJJJJ
VCTTUZZZZLRKIIIEEEEEEEEEE
VCTTUZZZZLRKIIIPPPPPPPPPP
VCTTUZZZZLRKIIIPPPPPPPPPP
VCTTUZZZZLRKIIIPPPPPPPPPP
VCTTUZZZZLRKIIIPPPPPPPPPP
VCTTUZZZZLRKIIIPPPPPPPPPP
Case #34:
AAAAAAABBBBBBBBBBBBBBBBBB
AAAAAAABBBBBBBBBBBBBBBBBB
AAAAAAABBBBBBBBBBBBBBBBBB
AAAAAAABBBBBBBBBBBBBBBBBB
AAAAAAABBBBBBBBBBBBBBBBBB
AAAAAAABBBBBBBBBBBBBBBBBB
AAAAAAABBBBBBBBBBBBBBBBBB
AAAAAAABBBBBBBBBBBBBBBBBB
AAAAAAABBBBBBBBBBBBBBBBBB
AAAAAAABBBBBBBBBBBBBBBBBB
AAAAAAABBBBBBBBBBBBBBBBBB
AAAAAAABBBBBBBBBBBBBBBBBB
AAAAAAABBBBBBBBBBBBBBBBBB
AAAAAAABBBBBBBBBBBBBBBBBB
AAAAAAABBBBBBBBBBBBBBBBBB
AAAAAAABBBBBBBBBBBBBBBBBB
AAAAAAABBBBBBBBBBBBBBBBBB
AAAAAAABBBBBBBBBBBBBBBBBB
CCCCCCCDDDDDDDDDDDDDDDDDD
CCCCCCCDDDDDDDDDDDDDDDDDD
CCCCCCCEEEEEEEEEEEEEEEEEE
CCCCCCCEEEEEEEEEEEEEEEEEE
CCCCCCCEEEEEEEEEEEEEEEEEE
CCCCCCCEEEEEEEEEEEEEEEEEE
CCCCCCCEEEEEEEEEEEEEEEEEE
Case #35:
AAAAAAAAAAAAAAAAAAAAAAAAA
BBBBBBBBBBBBBBBBBBBBBBBBB
CCCCCCCCCCCCCCCCCCCCCCCCC
DDDDDDDDDDDDDDDDDDDDDDDDD
EEEEEEEEEEEEEEEEEEEEEEEEE
FFFFFFFFFFFFFFFFFFFFFFFFF
GGGGGGGGGGGGGGGGGGGGGGGGG
HHHHHHHHHHHHHHHHHHHHHHHHH
IIIIIIIIIIIIIIIIIIIIIIIII
JJJJJJJJJJJJJJJJJJJJJJJJJ
KKKKKKKKKKKKKKKKKKKKKKKKK
LLLLLLLLLLLLLLLLLLLLLLLLL
MMMMMMMMMMMMMMMMMMMMMMMMM
NNNNNNNNNNNNNNNNNNNNNNNNN
OOOOOOOOOOOOOOOOOOOOOOOOO
PPPPPPPPPPPPPPPPPPPPPPPPP
QQQQQQQQQQQQQQQQQQQQQQQQQ
RRRRRRRRRRRRRRRRRRRRRRRRR
SSSSSSSSSSSSSSSSSSSSSSSSS
TTTTTTTTTTTTTTTTTTTTTTTTT
UUUUUUUUUUUUUUUUUUUUUUUUU
VVVVVVVVVVVVVVVVVVVVVVVVV
WWWWWWWWWWWWWWWWWWWWWWWWW
XXXXXXXXXXXXXXXXXXXXXXXXX
YYYYYYYYYYYYYYYYYYYYYYYYY
Case #36:
AA
AA
Case #37:
AAAAAAAAABBBBBBBBBBBBBBBB
AAAAAAAAABBBBBBBBBBBBBBBB
AAAAAAAAABBBBBBBBBBBBBBBB
AAAAAAAAABBBBBBBBBBBBBBBB
AAAAAAAAABBBBBBBBBBBBBBBB
AAAAAAAAABBBBBBBBBBBBBBBB
AAAAAAAAABBBBBBBBBBBBBBBB
AAAAAAAAABBBBBBBBBBBBBBBB
AAAAAAAAABBBBBBBBBBBBBBBB
AAAAAAAAABBBBBBBBBBBBBBBB
AAAAAAAAABBBBBBBBBBBBBBBB
AAAAAAAAABBBBBBBBBBBBBBBB
AAAAAAAAABBBBBBBBBBBBBBBB
AAAAAAAAABBBBBBBBBBBBBBBB
AAAAAAAAABBBBBBBBBBBBBBBB
CCCCCCCCCDDDDDDDDDDDDDDDD
CCCCCCCCCDDDDDDDDDDDDDDDD
CCCCCCCCCEEEEEEEEEEEEEEEE
CCCCCCCCCEEEEEEEEEEEEEEEE
CCCCCCCCCEEEEEEEEEEEEEEEE
CCCCCCCCCEEEEEEEEEEEEEEEE
CCCCCCCCCEEEEEEEEEEEEEEEE
CCCCCCCCCEEEEEEEEEEEEEEEE
CCCCCCCCCEEEEEEEEEEEEEEEE
CCCCCCCCCEEEEEEEEEEEEEEEE
Case #38:
GGSCCIEFFFFFZZBXXXXAYNNTT
JJMMKKKVRRLWWPDQHHHOUUUUU
Case #39:
AAACCCCCCCCCCCCCCCCCCCCCC
AAACCCCCCCCCCCCCCCCCCCCCC
AAACCCCCCCCCCCCCCCCCCCCCC
BBBEEEEEEEEEEEEEEEEEEEEEE
BBBDDFFFFFFFFFFFFGGGGGGGG
BBBDDFFFFFFFFFFFFGGGGGGGG
BBBDDFFFFFFFFFFFFGGGGGGGG
BBBDDFFFFFFFFFFFFGGGGGGGG
BBBDDFFFFFFFFFFFFGGGGGGGG
BBBDDFFFFFFFFFFFFGGGGGGGG
BBBDDFFFFFFFFFFFFGGGGGGGG
BBBDDFFFFFFFFFFFFGGGGGGGG
BBBDDFFFFFFFFFFFFGGGGGGGG
BBBDDFFFFFFFFFFFFGGGGGGGG
BBBDDFFFFFFFFFFFFGGGGGGGG
BBBDDFFFFFFFFFFFFGGGGGGGG
BBBDDFFFFFFFFFFFFGGGGGGGG
BBBDDFFFFFFFFFFFFGGGGGGGG
BBBDDFFFFFFFFFFFFGGGGGGGG
BBBDDFFFFFFFFFFFFGGGGGGGG
BBBDDHHHHHHHHHHHHIIIIIIII
BBBDDHHHHHHHHHHHHIIIIIIII
BBBDDHHHHHHHHHHHHJJJJJJJJ
BBBDDHHHHHHHHHHHHJJJJJJJJ
BBBDDHHHHHHHHHHHHJJJJJJJJ
Case #40:
YYYYYYYYYYYYYYYYYYYYYYYYY
YYYYYYYYYYYYYYYYYYYYYYYYY
YYYYYYYYYYYYYYYYYYYYYYYYY
YYYYYYYYYYYYYYYYYYYYYYYYY
YYYYYYYYYYYYYYYYYYYYYYYYY
YYYYYYYYYYYYYYYYYYYYYYYYY
YYYYYYYYYYYYYYYYYYYYYYYYY
YYYYYYYYYYYYYYYYYYYYYYYYY
YYYYYYYYYYYYYYYYYYYYYYYYY
YYYYYYYYYYYYYYYYYYYYYYYYY
YYYYYYYYYYYYYYYYYYYYYYYYY
YYYYYYYYYYYYYYYYYYYYYYYYY
YYYYYYYYYYYYYYYYYYYYYYYYY
YYYYYYYYYYYYYYYYYYYYYYYYY
ZLLLEEEEEEEEEEEEEEEEEEEEE
ZFHHHPRRRRRRRRRRRRRRRRRRR
ZFOVVVVVVVVVVVVVVVVVVVVVV
ZFOAAIIIIIIIIIIIIIIIIIIII
ZFOAACBBBBWWWWWWWWWWWWWWW
ZFOAACGGKKJJJJJJJJJJJJJJJ
ZSOAACGGNDDDDDDDDDDDDDDDD
ZMOAACGGNXXXXXXXXXXXXXXXX
ZMOAACGGUXXXXXXXXXXXXXXXX
ZTOAACGGUXXXXXXXXXXXXXXXX
ZTOAACGGQXXXXXXXXXXXXXXXX
Case #41:
CCCYYYYYYYYYYYYYYYYYYYYYY
CCCYYYYYYYYYYYYYYYYYYYYYY
CCCYYYYYYYYYYYYYYYYYYYYYY
CCCYYYYYYYYYYYYYYYYYYYYYY
EERRHHHHHHHHHHHHHHHHHHHHH
EETBXXXXXXXXXXXXXXXXXXXXX
ZZNBXXXXXXXXXXXXXXXXXXXXX
ZZNWLLLLLLLLLLLLLLLLLLLLL
ZZPWQSSSMMMMMMMMMMMMMMMMM
ZZVWQGDDDDDDDDDDDDDDDDDDD
ZZVWQGDDDDDDDDDDDDDDDDDDD
ZZVWQGUKKKIIIIIIIIIIIIIII
ZZVWQGUJJOOOOOOOOOOOOOOOO
ZZVWFGUJJOOOOOOOOOOOOOOOO
ZZVWFGUJJOOOOOOOOOOOOOOOO
ZZVWFAUJJOOOOOOOOOOOOOOOO
ZZVWFAUJJOOOOOOOOOOOOOOOO
ZZVWFAUJJOOOOOOOOOOOOOOOO
ZZVWFAUJJOOOOOOOOOOOOOOOO
ZZVWFAUJJOOOOOOOOOOOOOOOO
ZZVWFAUJJOOOOOOOOOOOOOOOO
ZZVWFAUJJOOOOOOOOOOOOOOOO
ZZVWFAUJJOOOOOOOOOOOOOOOO
ZZVWFAUJJOOOOOOOOOOOOOOOO
ZZVWFAUJJOOOOOOOOOOOOOOOO
Case #42:
AAAAAAAAAAAAAAAAAAAAAAAAA
AAAAAAAAAAAAAAAAAAAAAAAAA
AAAAAAAAAAAAAAAAAAAAAAAAA
AAAAAAAAAAAAAAAAAAAAAAAAA
AAAAAAAAAAAAAAAAAAAAAAAAA
AAAAAAAAAAAAAAAAAAAAAAAAA
AAAAAAAAAAAAAAAAAAAAAAAAA
AAAAAAAAAAAAAAAAAAAAAAAAA
AAAAAAAAAAAAAAAAAAAAAAAAA
AAAAAAAAAAAAAAAAAAAAAAAAA
AAAAAAAAAAAAAAAAAAAAAAAAA
AAAAAAAAAAAAAAAAAAAAAAAAA
AAAAAAAAAAAAAAAAAAAAAAAAA
AAAAAAAAAAAAAAAAAAAAAAAAA
AAAAAAAAAAAAAAAAAAAAAAAAA
AAAAAAAAAAAAAAAAAAAAAAAAA
AAAAAAAAAAAAAAAAAAAAAAAAA
AAAAAAAAAAAAAAAAAAAAAAAAA
AAAAAAAAAAAAAAAAAAAAAAAAA
AAAAAAAAAAAAAAAAAAAAAAAAA
AAAAAAAAAAAAAAAAAAAAAAAAA
AAAAAAAAAAAAAAAAAAAAAAAAA
AAAAAAAAAAAAAAAAAAAAAAAAA
AAAAAAAAAAAAAAAAAAAAAAAAA
AAAAAAAAAAAAAAAAAAAAAAAAA
Case #43:
CCCCC
CCCCC
ABBBB
ABBBB
ABBBB
Case #44:
AAAAAAAAAAAAAAAAAAAAAAAAA
AAAAAAAAAAAAAAAAAAAAAAAAA
AAAAAAAAAAAAAAAAAAAAAAAAA
AAAAAAAAAAAAAAAAAAAAAAAAA
AAAAAAAAAAAAAAAAAAAAAAAAA
AAAAAAAAAAAAAAAAAAAAAAAAA
AAAAAAAAAAAAAAAAAAAAAAAAA
AAAAAAAAAAAAAAAAAAAAAAAAA
AAAAAAAAAAAAAAAAAAAAAAAAA
AAAAAAAAAAAAAAAAAAAAAAAAA
JUUUUUUUUUUUUUUUUUUUUUUUU
TLEFFFFFFFFFFFFFFFFFFFFFF
CLEFFFFFFFFFFFFFFFFFFFFFF
QLNGGGGGGGGGGGGGGGGGGGGGG
KLNZPPPPPPPPPPPPPPPPPPPPP
KDNBMYRRRRRRRRRRRRRRRRRRR
KOWIXYRRRRRRRRRRRRRRRRRRR
KOWVXYRRRRRRRRRRRRRRRRRRR
SOWHXYRRRRRRRRRRRRRRRRRRR
SOWHXYRRRRRRRRRRRRRRRRRRR
SOWHXYRRRRRRRRRRRRRRRRRRR
SOWHXYRRRRRRRRRRRRRRRRRRR
SOWHXYRRRRRRRRRRRRRRRRRRR
SOWHXYRRRRRRRRRRRRRRRRRRR
SOWHXYRRRRRRRRRRRRRRRRRRR
Case #45:
ACCCCCCCCCCCCCCCCCCCCCCCC
ACCCCCCCCCCCCCCCCCCCCCCCC
ACCCCCCCCCCCCCCCCCCCCCCCC
ACCCCCCCCCCCCCCCCCCCCCCCC
ACCCCCCCCCCCCCCCCCCCCCCCC
BEEEEEEEEEEEEEEEEEEEEEEEE
BDDDDDDDDDDDDDDDDDDDDDDDD
BDDDDDDDDDDDDDDDDDDDDDDDD
BDDDDDDDDDDDDDDDDDDDDDDDD
BDDDDDDDDDDDDDDDDDDDDDDDD
BDDDDDDDDDDDDDDDDDDDDDDDD
BDDDDDDDDDDDDDDDDDDDDDDDD
BDDDDDDDDDDDDDDDDDDDDDDDD
BDDDDDDDDDDDDDDDDDDDDDDDD
BDDDDDDDDDDDDDDDDDDDDDDDD
BDDDDDDDDDDDDDDDDDDDDDDDD
BDDDDDDDDDDDDDDDDDDDDDDDD
BDDDDDDDDDDDDDDDDDDDDDDDD
BDDDDDDDDDDDDDDDDDDDDDDDD
BDDDDDDDDDDDDDDDDDDDDDDDD
BDDDDDDDDDDDDDDDDDDDDDDDD
BDDDDDDDDDDDDDDDDDDDDDDDD
BDDDDDDDDDDDDDDDDDDDDDDDD
BDDDDDDDDDDDDDDDDDDDDDDDD
BDDDDDDDDDDDDDDDDDDDDDDDD
Case #46:
EEEEEEEEEEEEEEEEEEBBBBBBB
EEEEEEEEEEEEEEEEEEBBBBBBB
EEEEEEEEEEEEEEEEEEBBBBBBB
VVVLLLLLLLLLLLLLLLLLLLLLL
VVVLLLLLLLLLLLLLLLLLLLLLL
VVVLLLLLLLLLLLLLLLLLLLLLL
VVVHFFFFFFFFFFFFFFFFFFFFF
VVVHDMMMMMMMMMMMMMMMMMMMM
VVVHUMMMMMMMMMMMMMMMMMMMM
VVVHUQQGGGGGGGGGGGGGGGGGG
VVVHUQQZTTTTTTTTTTTTTTTTT
VVVHUQQZTTTTTTTTTTTTTTTTT
VVVHUQQZCCCSSSSSSSSSSSSSS
VVVHUQQZCCCNNNNKKKKKKKKKK
VVVHUQQZCCCNNNNAOOOOOOOOO
VVVHUQQZCCCNNNNAIWWWRRRRR
VVVHUQQZCCCNNNNAIWWWRRRRR
VVVHUQQZCCCNNNNAIWWWRRRRR
VVVHUQQZCCCNNNNAIWWWRRRRR
VVVHUQQZCCCNNNNAXYPPPPPPP
VVVHUQQZCCCNNNNAXYPPPPPPP
VVVHUQQZCCCNNNNAXYPPPPPPP
VVVHUQQZCCCNNNNAXYPPPPPPP
VVVHUQQZCCCNNNNAXJPPPPPPP
VVVHUQQZCCCNNNNAXJPPPPPPP
Case #47:
ZZZZZZZZZZZZZZZZZZZZZZZZZ
ZZZZZZZZZZZZZZZZZZZZZZZZZ
ZZZZZZZZZZZZZZZZZZZZZZZZZ
YYNNNNNNNNNNVVVVVVVVVVVVV
YYUUUXXXXDDDDDDDDDDDDTTTT
YYUUUKKKKHHHHHHHHHHHHHHHH
YYUUUKKKKHHHHHHHHHHHHHHHH
YYUUUKKKKIILLLLLLLLLLLLLL
YYUUUKKKKIILLLLLLLLLLLLLL
YYUUUKKKKIILLLLLLLLLLLLLL
YYUUUKKKKIIOOFFFFFFFFFFFF
YYUUUKKKKIIOOFFFFFFFFFFFF
YYUUUKKKKIIOOFFFFFFFFFFFF
YYUUUKKKKIIOOFFFFFFFFFFFF
YYBBBKKKKIIOOPPPMMJJJGGGG
YYBBBKKKKIIOOPPPRAAAAAAAA
YYBBBKKKKIIOOPPPRECCCCCCC
YYBBBKKKKIIOOPPPREWWWWWWW
YYSSSKKKKIIOOPPPREWWWWWWW
YYSSSKKKKIIOOPPPREWWWWWWW
YYSSSKKKKIIOOPPPREQQQQQQQ
YYSSSKKKKIIOOPPPREQQQQQQQ
YYSSSKKKKIIOOPPPREQQQQQQQ
YYSSSKKKKIIOOPPPREQQQQQQQ
YYSSSKKKKIIOOPPPREQQQQQQQ
Case #48:
BBBB
AAAA
AAAA
AAAA
Case #49:
HHHHHHHHHHHHHHHHHHHHHHHHH
YWWWWWWWWWWWWWWWWWWWWWWWW
YWWWWWWWWWWWWWWWWWWWWWWWW
YMEEEEEEEEEEEEEEEEEEEEEEE
YMLVVVVVVVVVVVVVVVVVVVVVV
YMLVVVVVVVVVVVVVVVVVVVVVV
YMLFFJJJJJJJJJJJJJJJJJJJJ
YMLFFBSSSSSSSSSSSSSSSSSSS
YMLFFBZZZRRRRRRRRRRRRRKKK
YQLFFBZZZGXXXXXXXXXXXXXXX
YQLFFBZZZGNTTTTTTTTTTTTTT
YQLFFBZZZGNTTTTTTTTTTTTTT
YQLFFBZZZGNCOOOOOOOOOOOOO
YQLFFBZZZGNCOOOOOOOOOOOOO
YQLFFBZZZGNCDIIIIIIIIIIII
YQLFFBZZZGNCDIIIIIIIIIIII
YQLFFBZZZGNCDIIIIIIIIIIII
YQLFFBZZZGNCDIIIIIIIIIIII
YQLFFBZZZGNCDAAAAAAAAAAAA
YQLFFBZZZGNCDAAAAAAAAAAAA
YQLFFBZZZGNCDAAAAAAAAAAAA
YQLFFBZZZGNCDAAAAAAAAAAAA
YQLFFBZZZGNPUAAAAAAAAAAAA
YQLFFBZZZGNPUAAAAAAAAAAAA
YQLFFBZZZGNPUAAAAAAAAAAAA
Case #50:
RRRRRRRRRRRRRRRRRRRRRRRRR
RRRRRRRRRRRRRRRRRRRRRRRRR
RRRRRRRRRRRRRRRRRRRRRRRRR
RRRRRRRRRRRRRRRRRRRRRRRRR
RRRRRRRRRRRRRRRRRRRRRRRRR
RRRRRRRRRRRRRRRRRRRRRRRRR
RRRRRRRRRRRRRRRRRRRRRRRRR
RRRRRRRRRRRRRRRRRRRRRRRRR
RRRRRRRRRRRRRRRRRRRRRRRRR
RRRRRRRRRRRRRRRRRRRRRRRRR
RRRRRRRRRRRRRRRRRRRRRRRRR
RRRRRRRRRRRRRRRRRRRRRRRRR
LVVVVVVVVVVVVVVVVVVVVVVVV
LXSSSSSSSSSSSSSSSSSSSSSSS
LXSSSSSSSSSSSSSSSSSSSSSSS
LBSSSSSSSSSSSSSSSSSSSSSSS
LBAKKKKKKKKKKKKKKKKKKKKKK
LBWPMYYYYYYYYYYYYYYYYYYYY
GBWPDJJJJJJJJJJJJJJJJJJJJ
GBWPDZFFFFFFFFFFFFFFFFFFF
GBWPTZQIIIIIIIIIIIIIIIIII
GBWPTZQNNEEEEEEEEEEEEEEEE
GBWPTZQNNEEEEEEEEEEEEEEEE
GUWPCZQNNHHHHHHHHHHHHHHHH
GUWPOZQNNHHHHHHHHHHHHHHHH
Case #51:
JGBKEDIICCFLHHMMAAAAAAAAA
Case #52:
AAAAAAAAAAAAAAAAAAAAAAAAA
BBCCCCCCCCCCCCCCCCCCCCCCC
BBCCCCCCCCCCCCCCCCCCCCCCC
BBDDEEEEEEEEEEEEEEEEEEEEE
BBDDEEEEEEEEEEEEEEEEEEEEE
BBDDFFGGGGGGGGGGGGGGGGGGG
BBDDFFGGGGGGGGGGGGGGGGGGG
BBDDFFHHIIIIIIIIIIIIIIIII
BBDDFFHHIIIIIIIIIIIIIIIII
BBDDFFHHJJKKKKKKKKKKKKKKK
BBDDFFHHJJKKKKKKKKKKKKKKK
BBDDFFHHJJLLMMMMMMMMMMMMM
BBDDFFHHJJLLMMMMMMMMMMMMM
BBDDFFHHJJLLNNOOOOOOOOOOO
BBDDFFHHJJLLNNOOOOOOOOOOO
BBDDFFHHJJLLNNPPQQQQQQQQQ
BBDDFFHHJJLLNNPPQQQQQQQQQ
BBDDFFHHJJLLNNPPRRSSSSSSS
BBDDFFHHJJLLNNPPRRSSSSSSS
BBDDFFHHJJLLNNPPRRTTUUUUU
BBDDFFHHJJLLNNPPRRTTUUUUU
BBDDFFHHJJLLNNPPRRTTVVWWW
BBDDFFHHJJLLNNPPRRTTVVWWW
BBDDFFHHJJLLNNPPRRTTVVXXY
BBDDFFHHJJLLNNPPRRTTVVXXY
Case #53:
KKKKKKKKKKKKKKKKKKKKKKKKK
KKKKKKKKKKKKKKKKKKKKKKKKK
KKKKKKKKKKKKKKKKKKKKKKKKK
KKKKKKKKKKKKKKKKKKKKKKKKK
KKKKKKKKKKKKKKKKKKKKKKKKK
KKKKKKKKKKKKKKKKKKKKKKKKK
KKKKKKKKKKKKKKKKKKKKKKKKK
KKKKKKKKKKKKKKKKKKKKKKKKK
KKKKKKKKKKKKKKKKKKKKKKKKK
KKKKKKKKKKKKKKKKKKKKKKKKK
GOOLLLLLLLLLLLLLLLLLLLLLL
GOOLLLLLLLLLLLLLLLLLLLLLL
GOOLLLLLLLLLLLLLLLLLLLLLL
GOOLLLLLLLLLLLLLLLLLLLLLL
VOOLLLLLLLLLLLLLLLLLLLLLL
VQHHHHHHHHWWWWWWWWWWWWWWW
VQHHHHHHHHWWWWWWWWWWWWWWW
VQANNNCCCCCCCCCCCCCCCCCCC
VQAUSSIIIPFFFFFFFFFFFFFFF
VQAUJBBBBBBBBBBBBBBBBBBBB
VQXZJDEEEEEEEEEEEEEEEEEEE
VQMRJDEEEEEEEEEEEEEEEEEEE
VQYRJDEEEEEEEEEEEEEEEEEEE
VQYRJTEEEEEEEEEEEEEEEEEEE
VQYRJTEEEEEEEEEEEEEEEEEEE
Case #54:
OOOOOOOOOOOOOOOOOOOOOOOOO
OOOOOOOOOOOOOOOOOOOOOOOOO
SSBBBBBBBNNNNNNNNNNNNNNCC
SSIRRRGGGGGGGGGGGGGGGGGGG
SSIZZQQQQQQXXXXXXXXXXXXXX
SSIZZPHHHHHHHHHHHHHHHHHHH
SSIZZPDUUUUUUUUUUUUUUUUUU
SSIZZPDUUUUUUUUUUUUUUUUUU
SSIZZPDEEFFFFFFFFFFFFFFFF
SSIZZPDEEFFFFFFFFFFFFFFFF
SSIZZPDEEFFFFFFFFFFFFFFFF
SSIZZPDEEFFFFFFFFFFFFFFFF
SSIZZPDEEFFFFFFFFFFFFFFFF
SSIZZWDEEAJJJJJJJJJJJJJJJ
SSIZZWDEEAVVTTTTTTTTTTTTT
SSIZZWDEEAVVTTTTTTTTTTTTT
SSIZZWDEEAVVTTTTTTTTTTTTT
SSIZZWDEEAVVMKKKKKKKKKKKK
SSIZZWDEEAYYMKKKKKKKKKKKK
SSIZZWDEEAYYMKKKKKKKKKKKK
SSIZZWDEEAYYMKKKKKKKKKKKK
SSIZZWDEEAYYMKKKKKKKKKKKK
SSIZZWDEEALLMKKKKKKKKKKKK
SSIZZWDEEALLMKKKKKKKKKKKK
SSIZZWDEEALLMKKKKKKKKKKKK
Case #55:
AAAAAAAAAAAAAAAAAAAABBBBB
AAAAAAAAAAAAAAAAAAAABBBBB
AAAAAAAAAAAAAAAAAAAABBBBB
AAAAAAAAAAAAAAAAAAAABBBBB
AAAAAAAAAAAAAAAAAAAABBBBB
AAAAAAAAAAAAAAAAAAAABBBBB
AAAAAAAAAAAAAAAAAAAABBBBB
AAAAAAAAAAAAAAAAAAAABBBBB
AAAAAAAAAAAAAAAAAAAABBBBB
AAAAAAAAAAAAAAAAAAAABBBBB
CCCCCCCCCCCCCCCCCCCCDDDDD
CCCCCCCCCCCCCCCCCCCCDDDDD
CCCCCCCCCCCCCCCCCCCCEEEEE
CCCCCCCCCCCCCCCCCCCCEEEEE
CCCCCCCCCCCCCCCCCCCCEEEEE
CCCCCCCCCCCCCCCCCCCCEEEEE
CCCCCCCCCCCCCCCCCCCCEEEEE
CCCCCCCCCCCCCCCCCCCCEEEEE
CCCCCCCCCCCCCCCCCCCCEEEEE
CCCCCCCCCCCCCCCCCCCCEEEEE
CCCCCCCCCCCCCCCCCCCCEEEEE
CCCCCCCCCCCCCCCCCCCCEEEEE
CCCCCCCCCCCCCCCCCCCCEEEEE
CCCCCCCCCCCCCCCCCCCCEEEEE
CCCCCCCCCCCCCCCCCCCCEEEEE
Case #56:
FFFFFFFFFFFFFFFFFFFFFFFFX
FFFFFFFFFFFFFFFFFFFFFFFFX
FFFFFFFFFFFFFFFFFFFFFFFFX
NNNNNNNNNNNNNNNNNNNAAAAAA
NNNNNNNNNNNNNNNNNNNCBBTTS
NNNNNNNNNNNNNNNNNNNCRVZQQ
NNNNNNNNNNNNNNNNNNNCKWMMO
NNNNNNNNNNNNNNNNNNNYKWMMO
NNNNNNNNNNNNNNNNNNNYKWEPP
NNNNNNNNNNNNNNNNNNNYKWJUD
NNNNNNNNNNNNNNNNNNNYKWHUD
NNNNNNNNNNNNNNNNNNNYKWHGL
NNNNNNNNNNNNNNNNNNNYKWHGI
NNNNNNNNNNNNNNNNNNNYKWHGI
NNNNNNNNNNNNNNNNNNNYKWHGI
NNNNNNNNNNNNNNNNNNNYKWHGI
NNNNNNNNNNNNNNNNNNNYKWHGI
NNNNNNNNNNNNNNNNNNNYKWHGI
NNNNNNNNNNNNNNNNNNNYKWHGI
NNNNNNNNNNNNNNNNNNNYKWHGI
NNNNNNNNNNNNNNNNNNNYKWHGI
NNNNNNNNNNNNNNNNNNNYKWHGI
NNNNNNNNNNNNNNNNNNNYKWHGI
NNNNNNNNNNNNNNNNNNNYKWHGI
NNNNNNNNNNNNNNNNNNNYKWHGI
Case #57:
AAA
AAA
AAA
AAA
AAA
Case #58:
ABCDEFGHIJKLMNOPQRSTUVWXY
ABCDEFGHIJKLMNOPQRSTUVWXY
ABCDEFGHIJKLMNOPQRSTUVWXY
ABCDEFGHIJKLMNOPQRSTUVWXY
ABCDEFGHIJKLMNOPQRSTUVWXY
ABCDEFGHIJKLMNOPQRSTUVWXY
ABCDEFGHIJKLMNOPQRSTUVWXY
ABCDEFGHIJKLMNOPQRSTUVWXY
ABCDEFGHIJKLMNOPQRSTUVWXY
ABCDEFGHIJKLMNOPQRSTUVWXY
ABCDEFGHIJKLMNOPQRSTUVWXY
ABCDEFGHIJKLMNOPQRSTUVWXY
ABCDEFGHIJKLMNOPQRSTUVWXY
ABCDEFGHIJKLMNOPQRSTUVWXY
ABCDEFGHIJKLMNOPQRSTUVWXY
ABCDEFGHIJKLMNOPQRSTUVWXY
ABCDEFGHIJKLMNOPQRSTUVWXY
ABCDEFGHIJKLMNOPQRSTUVWXY
ABCDEFGHIJKLMNOPQRSTUVWXY
ABCDEFGHIJKLMNOPQRSTUVWXY
ABCDEFGHIJKLMNOPQRSTUVWXY
ABCDEFGHIJKLMNOPQRSTUVWXY
ABCDEFGHIJKLMNOPQRSTUVWXY
ABCDEFGHIJKLMNOPQRSTUVWXY
ABCDEFGHIJKLMNOPQRSTUVWXY
Case #59:
JJJJJJJJJJJJJJJJJJJJJJJJJ
WWMMMMMMMMMMXXXXXXXXXXXXX
WWMMMMMMMMMMXXXXXXXXXXXXX
WWKKVVVVVVVVVVVVVVVVVVVVV
NNKKVVVVVVVVVVVVVVVVVVVVV
NNKKVVVVVVVVVVVVVVVVVVVVV
NNKKVVVVVVVVVVVVVVVVVVVVV
NNKKVVVVVVVVVVVVVVVVVVVVV
NNKKQHHHHHHZZZZZZZZZZZZZZ
NNKKQHHHHHHZZZZZZZZZZZZZZ
NNKKQEUUUUUUUPPPPPPPPPPPP
NNKKQEDDDTTTTTTTTTTTTTTTT
NNKKQEDDDTTTTTTTTTTTTTTTT
NNKKQEDDDTTTTTTTTTTTTTTTT
NNKKQEDDDTTTTTTTTTTTTTTTT
NNKKQEDDDOOFFFFFFFFFFFFFF
NNKKQEDDDIIFFFFFFFFFFFFFF
NNKKQEDDDIIFFFFFFFFFFFFFF
NNKKQEDDDIIAARRRRRRRRRRRR
NNKKQEDDDIIBBCCCCLLLLLLLL
NNKKQEDDDIIBBCCCCSSYYYYYY
NNKKQEDDDIIBBCCCCSSYYYYYY
NNKKQEDDDIIBBCCCCSSYYYYYY
NNKKQEDDDGGBBCCCCSSYYYYYY
NNKKQEDDDGGBBCCCCSSYYYYYY
Case #60:
AAAAAAAAAAAACCCCCCCCCCCCC
AAAAAAAAAAAACCCCCCCCCCCCC
AAAAAAAAAAAACCCCCCCCCCCCC
AAAAAAAAAAAACCCCCCCCCCCCC
AAAAAAAAAAAACCCCCCCCCCCCC
AAAAAAAAAAAACCCCCCCCCCCCC
AAAAAAAAAAAACCCCCCCCCCCCC
BBBBBBBBBBBBEEEEEEEEEEEEE
BBBBBBBBBBBBDDDDDDDDDDDDD
BBBBBBBBBBBBDDDDDDDDDDDDD
BBBBBBBBBBBBDDDDDDDDDDDDD
BBBBBBBBBBBBDDDDDDDDDDDDD
BBBBBBBBBBBBDDDDDDDDDDDDD
BBBBBBBBBBBBDDDDDDDDDDDDD
BBBBBBBBBBBBDDDDDDDDDDDDD
BBBBBBBBBBBBDDDDDDDDDDDDD
BBBBBBBBBBBBDDDDDDDDDDDDD
BBBBBBBBBBBBDDDDDDDDDDDDD
BBBBBBBBBBBBDDDDDDDDDDDDD
BBBBBBBBBBBBDDDDDDDDDDDDD
BBBBBBBBBBBBDDDDDDDDDDDDD
BBBBBBBBBBBBDDDDDDDDDDDDD
BBBBBBBBBBBBDDDDDDDDDDDDD
BBBBBBBBBBBBDDDDDDDDDDDDD
BBBBBBBBBBBBDDDDDDDDDDDDD
Case #61:
AAAA
BBBB
BBBB
Case #62:
GGGGGGGGGGGGGOOOOOOOOOOOO
GGGGGGGGGGGGGOOOOOOOOOOOO
GGGGGGGGGGGGGOOOOOOOOOOOO
GGGGGGGGGGGGGOOOOOOOOOOOO
GGGGGGGGGGGGGOOOOOOOOOOOO
GGGGGGGGGGGGGOOOOOOOOOOOO
GGGGGGGGGGGGGOOOOOOOOOOOO
GGGGGGGGGGGGGOOOOOOOOOOOO
GGGGGGGGGGGGGOOOOOOOOOOOO
GGGGGGGGGGGGGOOOOOOOOOOOO
GGGGGGGGGGGGGOOOOOOOOOOOO
SSSSSSSSMMMMMMMMMMMMMMMMM
SSSSSSSSLLJFFFFFFFFFFFFFF
SSSSSSSSLLJFFFFFFFFFFFFFF
SSSSSSSSLLPUYXXXXXXXXXXXX
SSSSSSSSLLPZHVVVVVVEEEEEE
QQQQQQQQLLPZHVVVVVVEEEEEE
QQQQQQQQLLPZABKKWCDDDDDDD
QQQQQQQQLLPNAITTTRRRRRRRR
QQQQQQQQLLPNAITTTRRRRRRRR
QQQQQQQQLLPNAITTTRRRRRRRR
QQQQQQQQLLPNAITTTRRRRRRRR
QQQQQQQQLLPNAITTTRRRRRRRR
QQQQQQQQLLPNAITTTRRRRRRRR
QQQQQQQQLLPNAITTTRRRRRRRR
Case #63:
ZZZZZZZZZZMMMMMMMMMMMMMMM
SQQQQQQQQQQQQQQQQQQQQQQQQ
SQQQQQQQQQQQQQQQQQQQQQQQQ
SQQQQQQQQQQQQQQQQQQQQQQQQ
SHHHDDDDDDDDDDDDDDUUUUUUU
SHHHPPPKKKKKKKKKKKKKKKKKK
SHHHPPPKKKKKKKKKKKKKKKKKK
SHHHPPPRRRGGGGGGGGGGGGGGG
SHHHPPPRRRGGGGGGGGGGGGGGG
SIIIPPPRRRGGGGGGGGGGGGGGG
SIIIPPPRRRTOOOOOOOOOOOOOO
SIIIPPPRRRTBJXXXXXXXXXXXX
SIIIPPPRRRTBJXXXXXXXXXXXX
SIIIYYYRRRCBWVVVVVVVVVVVV
SIIIYYYRRRCBWVVVVVVVVVVVV
FIIIYYYRRRCBWNNNEEEEEEEEE
FIIIYYYRRRCBWLLLEEEEEEEEE
FIIIYYYRRRCBWLLLEEEEEEEEE
FIIIYYYRRRCAWLLLEEEEEEEEE
FIIIYYYRRRCAWLLLEEEEEEEEE
FIIIYYYRRRCAWLLLEEEEEEEEE
FIIIYYYRRRCAWLLLEEEEEEEEE
FIIIYYYRRRCAWLLLEEEEEEEEE
FIIIYYYRRRCAWLLLEEEEEEEEE
FIIIYYYRRRCAWLLLEEEEEEEEE
Case #64:
HHHHHHHHHHHHHHHHHHHHHHHHH
ZIIIIIIIIIIIIIIIIIIIIAAAA
ZKEEEEEEEEEEEEEEEEEEEEEEE
ZKNNNNBBBBBBBBBBBBBBBBBBB
ZKNNNNLLTTTTTTTTTTTTTTTTT
ZKNNNNLLTTTTTTTTTTTTTTTTT
ZMNNNNLLOOODDDDDDDDDDDDDD
ZGNNNNLLOOODDDDDDDDDDDDDD
ZGNNNNLLOOODDDDDDDDDDDDDD
ZGNNNNLLOOOUUUVVVVVVVVVVV
WGNNNNLLOOOUUUPFFFFFFFFFF
YGNNNNLLOOOUUUPCCQQQQQQQQ
YGNNNNLLOOOUUUPCCQQQQQQQQ
YGNNNNLLOOOUUUPCCQQQQQQQQ
YGNNNNLLOOOUUUPCCQQQQQQQQ
YGNNNNLLOOOUUUPCCJXXXXXXX
YGNNNNLLOOOUUUPCCJXXXXXXX
YGNNNNLLOOOUUUPCCJXXXXXXX
YGNNNNLLOOOUUUPCCJSSSSRRR
YGNNNNLLOOOUUUPCCJSSSSRRR
YGNNNNLLOOOUUUPCCJSSSSRRR
YGNNNNLLOOOUUUPCCJSSSSRRR
YGNNNNLLOOOUUUPCCJSSSSRRR
YGNNNNLLOOOUUUPCCJSSSSRRR
YGNNNNLLOOOUUUPCCJSSSSRRR
Case #65:
AAAAAAAAAAAAAAAAAAAAAAAAA
BBBBBBBBBBBBBBBBBBBBBBBBB
CCCCCCCCCCCCCCCCCCCCCCCCC
DDDDDDDDDDDDDDDDDDDDDDDDD
EEEEEEEEEEEEEEEEEEEEEEEEE
FFFFFFFFFFFFFFFFFFFFFFFFF
GGGGGGGGGGGGGGGGGGGGGGGGG
HHHHHHHHHHHHHHHHHHHHHHHHH
IIIIIIIIIIIIIIIIIIIIIIIII
JJJJJJJJJJJJJJJJJJJJJJJJJ
KKKKKKKKKKKKKKKKKKKKKKKKK
LLLLLLLLLLLLLLLLLLLLLLLLL
MMMMMMMMMMMMMMMMMMMMMMMMM
NNNNNNNNNNNNNNNNNNNNNNNNN
OOOOOOOOOOOOOOOOOOOOOOOOO
PPPPPPPPPPPPPPPPPPPPPPPPP
QQQQQQQQQQQQQQQQQQQQQQQQQ
RRRRRRRRRRRRRRRRRRRRRRRRR
SSSSSSSSSSSSSSSSSSSSSSSSS
TTTTTTTTTTTTTTTTTTTTTTTTT
UUUUUUUUUUUUUUUUUUUUUUUUU
VVVVVVVVVVVVVVVVVVVVVVVVV
WWWWWWWWWWWWWWWWWWWWWWWWW
XXXXXXXXXXXXXXXXXXXXXXXXX
YYYYYYYYYYYYYYYYYYYYYYYYY
Case #66:
AAAAAAAAAAAAAAALLLLLLLLLL
MMMMMMMMMMMMMMQKKKKKKKKKK
MMMMMMMMMMMMMMVVVSSSSSNNN
MMMMMMMMMMMMMMIIIFBBBZZZZ
MMMMMMMMMMMMMMIIIFEEYOOOO
MMMMMMMMMMMMMMHHHFEEYOOOO
MMMMMMMMMMMMMMHHHFEEYOOOO
MMMMMMMMMMMMMMHHHFEEDDTTJ
MMMMMMMMMMMMMMHHHFXXDDUWW
MMMMMMMMMMMMMMHHHFXXRRUWW
MMMMMMMMMMMMMMHHHFXXRRPWW
MMMMMMMMMMMMMMHHHFXXRRGWW
MMMMMMMMMMMMMMHHHFXXRRGWW
MMMMMMMMMMMMMMHHHFXXRRGCC
MMMMMMMMMMMMMMHHHFXXRRGCC
MMMMMMMMMMMMMMHHHFXXRRGCC
MMMMMMMMMMMMMMHHHFXXRRGCC
MMMMMMMMMMMMMMHHHFXXRRGCC
MMMMMMMMMMMMMMHHHFXXRRGCC
MMMMMMMMMMMMMMHHHFXXRRGCC
MMMMMMMMMMMMMMHHHFXXRRGCC
MMMMMMMMMMMMMMHHHFXXRRGCC
MMMMMMMMMMMMMMHHHFXXRRGCC
MMMMMMMMMMMMMMHHHFXXRRGCC
MMMMMMMMMMMMMMHHHFXXRRGCC
Case #67:
ABCDEFGHIJKLMNOPQRSTUVWXY
ABCDEFGHIJKLMNOPQRSTUVWXY
ABCDEFGHIJKLMNOPQRSTUVWXY
ABCDEFGHIJKLMNOPQRSTUVWXY
ABCDEFGHIJKLMNOPQRSTUVWXY
ABCDEFGHIJKLMNOPQRSTUVWXY
ABCDEFGHIJKLMNOPQRSTUVWXY
ABCDEFGHIJKLMNOPQRSTUVWXY
ABCDEFGHIJKLMNOPQRSTUVWXY
ABCDEFGHIJKLMNOPQRSTUVWXY
ABCDEFGHIJKLMNOPQRSTUVWXY
ABCDEFGHIJKLMNOPQRSTUVWXY
ABCDEFGHIJKLMNOPQRSTUVWXY
ABCDEFGHIJKLMNOPQRSTUVWXY
ABCDEFGHIJKLMNOPQRSTUVWXY
ABCDEFGHIJKLMNOPQRSTUVWXY
ABCDEFGHIJKLMNOPQRSTUVWXY
ABCDEFGHIJKLMNOPQRSTUVWXY
ABCDEFGHIJKLMNOPQRSTUVWXY
ABCDEFGHIJKLMNOPQRSTUVWXY
ABCDEFGHIJKLMNOPQRSTUVWXY
ABCDEFGHIJKLMNOPQRSTUVWXY
ABCDEFGHIJKLMNOPQRSTUVWXY
ABCDEFGHIJKLMNOPQRSTUVWXY
ABCDEFGHIJKLMNOPQRSTUVWXY
Case #68:
EEEEEEEEEEEEEEEEEEEEEEEEE
EEEEEEEEEEEEEEEEEEEEEEEEE
EEEEEEEEEEEEEEEEEEEEEEEEE
EEEEEEEEEEEEEEEEEEEEEEEEE
EEEEEEEEEEEEEEEEEEEEEEEEE
EEEEEEEEEEEEEEEEEEEEEEEEE
EEEEEEEEEEEEEEEEEEEEEEEEE
EEEEEEEEEEEEEEEEEEEEEEEEE
EEEEEEEEEEEEEEEEEEEEEEEEE
EEEEEEEEEEEEEEEEEEEEEEEEE
EEEEEEEEEEEEEEEEEEEEEEEEE
EEEEEEEEEEEEEEEEEEEEEEEEE
EEEEEEEEEEEEEEEEEEEEEEEEE
EEEEEEEEEEEEEEEEEEEEEEEEE
EEEEEEEEEEEEEEEEEEEEEEEEE
EEEEEEEEEEEEEEEEEEEEEEEEE
BBBBBBVVVIIIIIIIIIIIIIIII
BBBBBBVVVIIIIIIIIIIIIIIII
BBBBBBWMMXHHHHHHHHHHHHHHH
BBBBBBWSKKKKKKKKKKKKKKKKK
NNNNNNQZFCCCRRYYYYYYYYYYY
UUUUUUQJGLAAAAAAAAAAAAAAA
UUUUUUQOGTDPPPPPPPPPPPPPP
UUUUUUQOGTDPPPPPPPPPPPPPP
UUUUUUQOGTDPPPPPPPPPPPPPP
Case #69:
IIIIIIIIIIIIIIIIIIIIIIIII
IIIIIIIIIIIIIIIIIIIIIIIII
WWWWWWDDDDDDDDDDDDDDDDDDD
WWWWWWDDDDDDDDDDDDDDDDDDD
WWWWWWHHOOOOOOOOOOOOOOOOO
WWWWWWHHFFNNNNNNNNNLLLLLL
WWWWWWHHFFRGTTTTTTTTTTTTT
WWWWWWHHFFRYYYYCCCCCCCCCC
WWWWWWHHFFRYYYYPPPPPJJUUU
WWWWWWHHFFRYYYYPPPPPJJUUU
WWWWWWHHFFRYYYYPPPPPBQQQQ
WWWWWWHHFFRYYYYPPPPPBQQQQ
WWWWWWHHFFEYYYYPPPPPBQQQQ
WWWWWWHHFFEYYYYPPPPPBXXSS
WWWWWWHHFFEYYYYPPPPPBXXSS
WWWWWWHHFFEYYYYPPPPPBXXSS
WWWWWWHHKKEYYYYPPPPPBXXVV
WWWWWWHHKKEYYYYPPPPPBXXMM
WWWWWWHHKKEYYYYPPPPPBXXMM
WWWWWWHHKKEYYYYPPPPPBXXMM
WWWWWWHHKKEYYYYPPPPPBXXMM
WWWWWWHHKKEYYYYPPPPPBZZMM
WWWWWWHHKKEYYYYPPPPPBAAMM
WWWWWWHHKKEYYYYPPPPPBAAMM
WWWWWWHHKKEYYYYPPPPPBAAMM
Case #70:
ABCDEFGHIJKLMNOPQRSTUVWXY
ABCDEFGHIJKLMNOPQRSTUVWXY
ABCDEFGHIJKLMNOPQRSTUVWXY
ABCDEFGHIJKLMNOPQRSTUVWXY
ABCDEFGHIJKLMNOPQRSTUVWXY
ABCDEFGHIJKLMNOPQRSTUVWXY
ABCDEFGHIJKLMNOPQRSTUVWXY
ABCDEFGHIJKLMNOPQRSTUVWXY
ABCDEFGHIJKLMNOPQRSTUVWXY
ABCDEFGHIJKLMNOPQRSTUVWXY
ABCDEFGHIJKLMNOPQRSTUVWXY
ABCDEFGHIJKLMNOPQRSTUVWXY
ABCDEFGHIJKLMNOPQRSTUVWXY
ABCDEFGHIJKLMNOPQRSTUVWXY
ABCDEFGHIJKLMNOPQRSTUVWXY
ABCDEFGHIJKLMNOPQRSTUVWXY
ABCDEFGHIJKLMNOPQRSTUVWXY
ABCDEFGHIJKLMNOPQRSTUVWXY
ABCDEFGHIJKLMNOPQRSTUVWXY
ABCDEFGHIJKLMNOPQRSTUVWXY
ABCDEFGHIJKLMNOPQRSTUVWXY
ABCDEFGHIJKLMNOPQRSTUVWXY
ABCDEFGHIJKLMNOPQRSTUVWXY
ABCDEFGHIJKLMNOPQRSTUVWXY
ABCDEFGHIJKLMNOPQRSTUVWXY
Case #71:
AAAAAAAAAAAAAAAAAAAAAAAAA
BBBBBBBBBBBBBBBBBBBBBBBBB
CCCCCCCCCCCCCCCCCCCCCCCCC
DDDDDDDDDDDDDDDDDDDDDDDDD
EEEEEEEEEEEEEEEEEEEEEEEEE
FFFFFFFFFFFFFFFFFFFFFFFFF
GGGGGGGGGGGGGGGGGGGGGGGGG
HHHHHHHHHHHHHHHHHHHHHHHHH
IIIIIIIIIIIIIIIIIIIIIIIII
JJJJJJJJJJJJJJJJJJJJJJJJJ
KKKKKKKKKKKKKKKKKKKKKKKKK
LLLLLLLLLLLLLLLLLLLLLLLLL
MMMMMMMMMMMMMMMMMMMMMMMMM
NNNNNNNNNNNNNNNNNNNNNNNNN
OOOOOOOOOOOOOOOOOOOOOOOOO
PPPPPPPPPPPPPPPPPPPPPPPPP
QQQQQQQQQQQQQQQQQQQQQQQQQ
RRRRRRRRRRRRRRRRRRRRRRRRR
SSSSSSSSSSSSSSSSSSSSSSSSS
TTTTTTTTTTTTTTTTTTTTTTTTT
UUUUUUUUUUUUUUUUUUUUUUUUU
VVVVVVVVVVVVVVVVVVVVVVVVV
WWWWWWWWWWWWWWWWWWWWWWWWW
XXXXXXXXXXXXXXXXXXXXXXXXX
YYYYYYYYYYYYYYYYYYYYYYYYY
Case #72:
GGXXXXXXXXXXXXXXXXXXXXXXX
GGXXXXXXXXXXXXXXXXXXXXXXX
GGXXXXXXXXXXXXXXXXXXXXXXX
GGXXXXXXXXXXXXXXXXXXXXXXX
EWWWWWJJJJJJJJJJJJJJJJJJJ
EWWWWWJJJJJJJJJJJJJJJJJJJ
EAIIIIIIIIIIIIIIIIIIIIIII
EAIIIIIIIIIIIIIIIIIIIIIII
EAYTTTTTTTTTTTTTTTTTTTTTT
EAYCLLLLLLLLLLLLLLLLLLLLL
EAYCQBBBBBBBBBBBBBBBBBBBB
EAYCQRRRRKKKKKKKKKKKKKKKK
EAYCQRRRRFFPPPPPPPPPPPPPP
EAYCQRRRRFFPPPPPPPPPPPPPP
EAYCQRRRRFFPPPPPPPPPPPPPP
EAYCQRRRRFFHHMMMMMMMMNNNN
EAYCQRRRRFFHHOOOOOOOOVVVV
EAYCQRRRRFFHHOOOOOOOOVVVV
EAYCQRRRRFFHHOOOOOOOOVVVV
EAYCQDDDDFFHHOOOOOOOOVVVV
EAYCQDDDDFFHHOOOOOOOOVVVV
EAYCQDDDDFFHHOOOOOOOOVVVV
EAYCQZZZZFFHHOOOOOOOOVVVV
EAYCQZZZZFFHHOOOOOOOOUSSS
EAYCQZZZZFFHHOOOOOOOOUSSS
Case #73:
AAA
AAA
AAA
AAA
Case #74:
A
A
Case #75:
A
B
Case #76:
GAA
CEE
BDF
Case #77:
F
D
D
M
M
M
H
H
C
G
E
B
B
K
K
K
K
I
A
A
J
J
L
L
L
Case #78:
AAACCCCCCCCCCCCCCCCCCCCCC
AAACCCCCCCCCCCCCCCCCCCCCC
AAACCCCCCCCCCCCCCCCCCCCCC
AAACCCCCCCCCCCCCCCCCCCCCC
AAACCCCCCCCCCCCCCCCCCCCCC
AAACCCCCCCCCCCCCCCCCCCCCC
AAACCCCCCCCCCCCCCCCCCCCCC
AAACCCCCCCCCCCCCCCCCCCCCC
AAACCCCCCCCCCCCCCCCCCCCCC
AAACCCCCCCCCCCCCCCCCCCCCC
AAACCCCCCCCCCCCCCCCCCCCCC
AAACCCCCCCCCCCCCCCCCCCCCC
AAACCCCCCCCCCCCCCCCCCCCCC
AAACCCCCCCCCCCCCCCCCCCCCC
AAACCCCCCCCCCCCCCCCCCCCCC
AAACCCCCCCCCCCCCCCCCCCCCC
AAACCCCCCCCCCCCCCCCCCCCCC
AAACCCCCCCCCCCCCCCCCCCCCC
AAACCCCCCCCCCCCCCCCCCCCCC
BBBEEEEEEEEEEEEEEEEEEEEEE
BBBDDDDDDDDDDDDDDDDDDDDDD
BBBDDDDDDDDDDDDDDDDDDDDDD
BBBDDDDDDDDDDDDDDDDDDDDDD
BBBDDDDDDDDDDDDDDDDDDDDDD
BBBDDDDDDDDDDDDDDDDDDDDDD
Case #79:
ABCDEFGHIJKLMNOPQRSTUVWXY
ABCDEFGHIJKLMNOPQRSTUVWXY
ABCDEFGHIJKLMNOPQRSTUVWXY
ABCDEFGHIJKLMNOPQRSTUVWXY
ABCDEFGHIJKLMNOPQRSTUVWXY
ABCDEFGHIJKLMNOPQRSTUVWXY
ABCDEFGHIJKLMNOPQRSTUVWXY
ABCDEFGHIJKLMNOPQRSTUVWXY
ABCDEFGHIJKLMNOPQRSTUVWXY
ABCDEFGHIJKLMNOPQRSTUVWXY
ABCDEFGHIJKLMNOPQRSTUVWXY
ABCDEFGHIJKLMNOPQRSTUVWXY
ABCDEFGHIJKLMNOPQRSTUVWXY
ABCDEFGHIJKLMNOPQRSTUVWXY
ABCDEFGHIJKLMNOPQRSTUVWXY
ABCDEFGHIJKLMNOPQRSTUVWXY
ABCDEFGHIJKLMNOPQRSTUVWXY
ABCDEFGHIJKLMNOPQRSTUVWXY
ABCDEFGHIJKLMNOPQRSTUVWXY
ABCDEFGHIJKLMNOPQRSTUVWXY
ABCDEFGHIJKLMNOPQRSTUVWXY
ABCDEFGHIJKLMNOPQRSTUVWXY
ABCDEFGHIJKLMNOPQRSTUVWXY
ABCDEFGHIJKLMNOPQRSTUVWXY
ABCDEFGHIJKLMNOPQRSTUVWXY
Case #80:
AAAAAAAAAAAAAAAAAAAAAAAAA
BBBBBBBBBBBBBBBBBBBBBBBBB
CCCCCCCCCCCCCCCCCCCCCCCCC
DDDDDDDDDDDDDDDDDDDDDDDDD
EEEEEEEEEEEEEEEEEEEEEEEEE
FFFFFFFFFFFFFFFFFFFFFFFFF
GGGGGGGGGGGGGGGGGGGGGGGGG
HHHHHHHHHHHHHHHHHHHHHHHHH
IIIIIIIIIIIIIIIIIIIIIIIII
JJJJJJJJJJJJJJJJJJJJJJJJJ
KKKKKKKKKKKKKKKKKKKKKKKKK
LLLLLLLLLLLLLLLLLLLLLLLLL
MMMMMMMMMMMMMMMMMMMMMMMMM
NNNNNNNNNNNNNNNNNNNNNNNNN
OOOOOOOOOOOOOOOOOOOOOOOOO
PPPPPPPPPPPPPPPPPPPPPPPPP
QQQQQQQQQQQQQQQQQQQQQQQQQ
RRRRRRRRRRRRRRRRRRRRRRRRR
SSSSSSSSSSSSSSSSSSSSSSSSS
TTTTTTTTTTTTTTTTTTTTTTTTT
UUUUUUUUUUUUUUUUUUUUUUUUU
VVVVVVVVVVVVVVVVVVVVVVVVV
WWWWWWWWWWWWWWWWWWWWWWWWW
XXXXXXXXXXXXXXXXXXXXXXXXX
YYYYYYYYYYYYYYYYYYYYYYYYY
Case #81:
AAAAAAAAACCCCCCCCCCCCCCCC
AAAAAAAAACCCCCCCCCCCCCCCC
AAAAAAAAACCCCCCCCCCCCCCCC
AAAAAAAAACCCCCCCCCCCCCCCC
BBBBBBBBBEEEEEEEEEEEEEEEE
BBBBBBBBBDDFFFFFGGGGGGGGG
BBBBBBBBBDDFFFFFGGGGGGGGG
BBBBBBBBBDDFFFFFGGGGGGGGG
BBBBBBBBBDDFFFFFGGGGGGGGG
BBBBBBBBBDDFFFFFGGGGGGGGG
BBBBBBBBBDDFFFFFGGGGGGGGG
BBBBBBBBBDDFFFFFGGGGGGGGG
BBBBBBBBBDDFFFFFGGGGGGGGG
BBBBBBBBBDDFFFFFGGGGGGGGG
BBBBBBBBBDDHHHHHIIIIIIIII
BBBBBBBBBDDHHHHHIIIIIIIII
BBBBBBBBBDDHHHHHJJJJJJJJJ
BBBBBBBBBDDHHHHHJJJJJJJJJ
BBBBBBBBBDDHHHHHJJJJJJJJJ
BBBBBBBBBDDHHHHHJJJJJJJJJ
BBBBBBBBBDDHHHHHJJJJJJJJJ
BBBBBBBBBDDHHHHHJJJJJJJJJ
BBBBBBBBBDDHHHHHJJJJJJJJJ
BBBBBBBBBDDHHHHHJJJJJJJJJ
BBBBBBBBBDDHHHHHJJJJJJJJJ
Case #82:
VVVVVVVVVVVVVVVVVVVVVVVVV
QZZZWWWWWWWWWWWWWWWWWWWWW
QPGGGGGGGGGGGGGGGGGGGGGGG
QPKDDDDDDDDDDDDDDDDDDDDDD
QPKYYMMMMMMMMMMMMMMMMMMMM
QPKYYEEFFFFFFFFFFFFFFFFFF
QPKYYEEFFFFFFFFFFFFFFFFFF
QPKYYEEBBIIIIIIIIIIIIIIII
QJLYYTTBBHHHHRRRRRRRRRRRR
QJLYYTTBBHHHHRRRRRRRRRRRR
QJLYYTTBBHHHHRRRRRRRRRRRR
QJLYYTTBBHHHHSCCCCCCCCCCC
QJLYYTTBBHHHHSCCCCCCCCCCC
QJLYYTTBBUUUUSCCCCCCCCCCC
QJLYYTTBBUUUUSCCCCCCCCCCC
QJLYYTTBBUUUUSCCCCCCCCCCC
QJLYYTTBBUUUUSCCCCCCCCCCC
QJLYYTTBBUUUUSCCCCCCCCCCC
QJLYYTTBBUUUUSNNNAAAAAAAA
QJLYYTTBBUUUUSNNNOOOXXXXX
QJLYYTTBBUUUUSNNNOOOXXXXX
QJLYYTTBBUUUUSNNNOOOXXXXX
QJLYYTTBBUUUUSNNNOOOXXXXX
QJLYYTTBBUUUUSNNNOOOXXXXX
QJLYYTTBBUUUUSNNNOOOXXXXX
Case #83:
AAAAAACCCCCCCCCCCCCCCCCCC
AAAAAACCCCCCCCCCCCCCCCCCC
AAAAAACCCCCCCCCCCCCCCCCCC
AAAAAACCCCCCCCCCCCCCCCCCC
AAAAAACCCCCCCCCCCCCCCCCCC
AAAAAACCCCCCCCCCCCCCCCCCC
AAAAAACCCCCCCCCCCCCCCCCCC
BBBBBBEEEEEEEEEEEEEEEEEEE
BBBBBBDDFFFFFFFFGGGGGGGGG
BBBBBBDDFFFFFFFFGGGGGGGGG
BBBBBBDDFFFFFFFFGGGGGGGGG
BBBBBBDDFFFFFFFFGGGGGGGGG
BBBBBBDDFFFFFFFFGGGGGGGGG
BBBBBBDDFFFFFFFFGGGGGGGGG
BBBBBBDDFFFFFFFFGGGGGGGGG
BBBBBBDDFFFFFFFFGGGGGGGGG
BBBBBBDDFFFFFFFFGGGGGGGGG
BBBBBBDDFFFFFFFFGGGGGGGGG
BBBBBBDDFFFFFFFFGGGGGGGGG
BBBBBBDDFFFFFFFFGGGGGGGGG
BBBBBBDDHHHHHHHHIIIIIIIII
BBBBBBDDHHHHHHHHIIIIIIIII
BBBBBBDDHHHHHHHHJJJJJJJJJ
BBBBBBDDHHHHHHHHJJJJJJJJJ
BBBBBBDDHHHHHHHHJJJJJJJJJ
Case #84:
AAABBBBBBBBBBBBBBBBBBBBBB
AAABBBBBBBBBBBBBBBBBBBBBB
AAABBBBBBBBBBBBBBBBBBBBBB
AAABBBBBBBBBBBBBBBBBBBBBB
AAABBBBBBBBBBBBBBBBBBBBBB
CCCDDDDDDDDDDDDDDDDDDDDDD
CCCDDDDDDDDDDDDDDDDDDDDDD
CCCEFFFFFFFFFFFFFFFFFHHHH
CCCEFFFFFFFFFFFFFFFFFHHHH
CCCEFFFFFFFFFFFFFFFFFHHHH
CCCEFFFFFFFFFFFFFFFFFHHHH
CCCEFFFFFFFFFFFFFFFFFHHHH
CCCEFFFFFFFFFFFFFFFFFHHHH
CCCEFFFFFFFFFFFFFFFFFHHHH
CCCEFFFFFFFFFFFFFFFFFHHHH
CCCEGGGGGGGGGGGGGGGGGJJJJ
CCCEGGGGGGGGGGGGGGGGGIIII
CCCEGGGGGGGGGGGGGGGGGIIII
CCCEGGGGGGGGGGGGGGGGGIIII
CCCEGGGGGGGGGGGGGGGGGIIII
CCCEGGGGGGGGGGGGGGGGGIIII
CCCEGGGGGGGGGGGGGGGGGIIII
CCCEGGGGGGGGGGGGGGGGGIIII
CCCEGGGGGGGGGGGGGGGGGIIII
CCCEGGGGGGGGGGGGGGGGGIIII
Case #85:
AAAAAAACCCCCCCCCCCCCCCCCC
AAAAAAACCCCCCCCCCCCCCCCCC
AAAAAAACCCCCCCCCCCCCCCCCC
AAAAAAACCCCCCCCCCCCCCCCCC
AAAAAAACCCCCCCCCCCCCCCCCC
AAAAAAACCCCCCCCCCCCCCCCCC
AAAAAAACCCCCCCCCCCCCCCCCC
AAAAAAACCCCCCCCCCCCCCCCCC
AAAAAAACCCCCCCCCCCCCCCCCC
AAAAAAACCCCCCCCCCCCCCCCCC
AAAAAAACCCCCCCCCCCCCCCCCC
AAAAAAACCCCCCCCCCCCCCCCCC
BBBBBBBEEEEEEEEEEEEEEEEEE
BBBBBBBDDDDDDDDDDDDDDDDDD
BBBBBBBDDDDDDDDDDDDDDDDDD
BBBBBBBDDDDDDDDDDDDDDDDDD
BBBBBBBDDDDDDDDDDDDDDDDDD
BBBBBBBDDDDDDDDDDDDDDDDDD
BBBBBBBDDDDDDDDDDDDDDDDDD
BBBBBBBDDDDDDDDDDDDDDDDDD
BBBBBBBDDDDDDDDDDDDDDDDDD
BBBBBBBDDDDDDDDDDDDDDDDDD
BBBBBBBDDDDDDDDDDDDDDDDDD
BBBBBBBDDDDDDDDDDDDDDDDDD
BBBBBBBDDDDDDDDDDDDDDDDDD
Case #86:
ABCDEFGHIJKLMNOPQRSTUVWXY
ABCDEFGHIJKLMNOPQRSTUVWXY
ABCDEFGHIJKLMNOPQRSTUVWXY
ABCDEFGHIJKLMNOPQRSTUVWXY
ABCDEFGHIJKLMNOPQRSTUVWXY
ABCDEFGHIJKLMNOPQRSTUVWXY
ABCDEFGHIJKLMNOPQRSTUVWXY
ABCDEFGHIJKLMNOPQRSTUVWXY
ABCDEFGHIJKLMNOPQRSTUVWXY
ABCDEFGHIJKLMNOPQRSTUVWXY
ABCDEFGHIJKLMNOPQRSTUVWXY
ABCDEFGHIJKLMNOPQRSTUVWXY
ABCDEFGHIJKLMNOPQRSTUVWXY
ABCDEFGHIJKLMNOPQRSTUVWXY
ABCDEFGHIJKLMNOPQRSTUVWXY
ABCDEFGHIJKLMNOPQRSTUVWXY
ABCDEFGHIJKLMNOPQRSTUVWXY
ABCDEFGHIJKLMNOPQRSTUVWXY
ABCDEFGHIJKLMNOPQRSTUVWXY
ABCDEFGHIJKLMNOPQRSTUVWXY
ABCDEFGHIJKLMNOPQRSTUVWXY
ABCDEFGHIJKLMNOPQRSTUVWXY
ABCDEFGHIJKLMNOPQRSTUVWXY
ABCDEFGHIJKLMNOPQRSTUVWXY
ABCDEFGHIJKLMNOPQRSTUVWXY
Case #87:
BC
DA
Case #88:
AA
Case #89:
TTTTTTTTTTTTTTTTTTTTTTTTT
TTTTTTTTTTTTTTTTTTTTTTTTT
TTTTTTTTTTTTTTTTTTTTTTTTT
TTTTTTTTTTTTTTTTTTTTTTTTT
TTTTTTTTTTTTTTTTTTTTTTTTT
TTTTTTTTTTTTTTTTTTTTTTTTT
TTTTTTTTTTTTTTTTTTTTTTTTT
TTTTTTTTTTTTTTTTTTTTTTTTT
TTTTTTTTTTTTTTTTTTTTTTTTT
TTTTTTTTTTTTTTTTTTTTTTTTT
TTTTTTTTTTTTTTTTTTTTTTTTT
TTTTTTTTTTTTTTTTTTTTTTTTT
TTTTTTTTTTTTTTTTTTTTTTTTT
TTTTTTTTTTTTTTTTTTTTTTTTT
TTTTTTTTTTTTTTTTTTTTTTTTT
TTTTTTTTTTTTTTTTTTTTTTTTT
IIOOOOOOOOOOOOOOOOOOOOOOO
IIPPGGGGGFFFCCCCCCCCCCCCC
IIPPYZZZUUUUUUUUUUUUUUUUU
IIPPYWKKHHHHJJJEEEEEEEEEE
IIPPYWBAAAAARRRRRRRRRRRRR
IIPPYSBVMQXXXXXXXXXXXXXXX
IIPPYSBVMQXXXXXXXXXXXXXXX
IIPPYLBVMQXXXXXXXXXXXXXXX
IIPPYLBVDNNNNNNNNNNNNNNNN
Case #90:
ZZZZZZZZZZZZZZZZZZZZZZZZZ
XKKKKKKKKKKKKKKKKKKKKKKKK
XBBDDDDDDDDDDDDDDDDDDDDDD
XBBIJJJJJJJJJJJJJJJJJJJJJ
XBBIJJJJJJJJJJJJJJJJJJJJJ
XBBIUUNNNNNRRRPPPPPPPPPPP
XBBIUUEMMMMMMMMMMMMMMMMMM
XBBIUUEMMMMMMMMMMMMMMMMMM
XBBIUUEMMMMMMMMMMMMMMMMMM
XBBIUUECFFFFFFFFFFFFFFFFF
XBBIUUECVVVVOOOOLLLLLLLLL
XBBIUUECVVVVYYYWHHHHHHHHH
XBBIUUECVVVVYYYWHHHHHHHHH
XBBIUUECVVVVYYYAAAASSSSSS
XBBIUUECVVVVYYYAAAASSSSSS
XBBIUUECVVVVYYYAAAASSSSSS
XBBIUUECVVVVYYYAAAAQTTTTT
XGGIUUECVVVVYYYAAAAQTTTTT
XGGIUUECVVVVYYYAAAAQTTTTT
XGGIUUECVVVVYYYAAAAQTTTTT
XGGIUUECVVVVYYYAAAAQTTTTT
XGGIUUECVVVVYYYAAAAQTTTTT
XGGIUUECVVVVYYYAAAAQTTTTT
XGGIUUECVVVVYYYAAAAQTTTTT
XGGIUUECVVVVYYYAAAAQTTTTT
Case #91:
CCCJH
BAKFG
DIIEE
Case #92:
ABBCCDDEEFFGGHHIIJJKKLLMM
ZNOOPPQQRRSSTTUUVVWWXXYYY
ZNOOPPQQRRSSTTUUVVWWXXYYY
ZNOOPPQQRRSSTTUUVVWWXXYYY
ZNOOPPQQRRSSTTUUVVWWXXYYY
ZNOOPPQQRRSSTTUUVVWWXXYYY
ZNOOPPQQRRSSTTUUVVWWXXYYY
ZNOOPPQQRRSSTTUUVVWWXXYYY
ZNOOPPQQRRSSTTUUVVWWXXYYY
ZNOOPPQQRRSSTTUUVVWWXXYYY
ZNOOPPQQRRSSTTUUVVWWXXYYY
ZNOOPPQQRRSSTTUUVVWWXXYYY
ZNOOPPQQRRSSTTUUVVWWXXYYY
ZNOOPPQQRRSSTTUUVVWWXXYYY
ZNOOPPQQRRSSTTUUVVWWXXYYY
ZNOOPPQQRRSSTTUUVVWWXXYYY
ZNOOPPQQRRSSTTUUVVWWXXYYY
ZNOOPPQQRRSSTTUUVVWWXXYYY
ZNOOPPQQRRSSTTUUVVWWXXYYY
ZNOOPPQQRRSSTTUUVVWWXXYYY
ZNOOPPQQRRSSTTUUVVWWXXYYY
ZNOOPPQQRRSSTTUUVVWWXXYYY
ZNOOPPQQRRSSTTUUVVWWXXYYY
ZNOOPPQQRRSSTTUUVVWWXXYYY
ZNOOPPQQRRSSTTUUVVWWXXYYY
Case #93:
ZZZZZZZZZZZZZZZZZZZZNXXXX
ZZZZZZZZZZZZZZZZZZZZNXXXX
ZZZZZZZZZZZZZZZZZZZZNXXXX
ZZZZZZZZZZZZZZZZZZZZNXXXX
ZZZZZZZZZZZZZZZZZZZZNXXXX
ZZZZZZZZZZZZZZZZZZZZNXXXX
ZZZZZZZZZZZZZZZZZZZZNXXXX
ZZZZZZZZZZZZZZZZZZZZNXXXX
LLLLLLLLLLLLLSSSSSSSSFFFF
LLLLLLLLLLLLLQVVVVVVVVVVV
LLLLLLLLLLLLLQDKKKKKKKKKK
LLLLLLLLLLLLLQDWRRRRRRRRR
LLLLLLLLLLLLLQDWIBBBBBBBB
LLLLLLLLLLLLLQDWIYOOOOOOO
LLLLLLLLLLLLLQDWIYOOOOOOO
LLLLLLLLLLLLLQDWIYUEMMTTT
LLLLLLLLLLLLLQDWIYUJGGGGG
LLLLLLLLLLLLLQDWIYUJHCCCC
LLLLLLLLLLLLLQDWIYUJHPAAA
LLLLLLLLLLLLLQDWIYUJHPAAA
LLLLLLLLLLLLLQDWIYUJHPAAA
LLLLLLLLLLLLLQDWIYUJHPAAA
LLLLLLLLLLLLLQDWIYUJHPAAA
LLLLLLLLLLLLLQDWIYUJHPAAA
LLLLLLLLLLLLLQDWIYUJHPAAA
Case #94:
AAAAAAAAAAAAAAAAAACCCCCCC
AAAAAAAAAAAAAAAAAACCCCCCC
AAAAAAAAAAAAAAAAAACCCCCCC
AAAAAAAAAAAAAAAAAACCCCCCC
AAAAAAAAAAAAAAAAAACCCCCCC
AAAAAAAAAAAAAAAAAACCCCCCC
AAAAAAAAAAAAAAAAAACCCCCCC
AAAAAAAAAAAAAAAAAACCCCCCC
AAAAAAAAAAAAAAAAAACCCCCCC
AAAAAAAAAAAAAAAAAACCCCCCC
AAAAAAAAAAAAAAAAAACCCCCCC
AAAAAAAAAAAAAAAAAACCCCCCC
AAAAAAAAAAAAAAAAAACCCCCCC
AAAAAAAAAAAAAAAAAACCCCCCC
BBBBBBBBBBBBBBBBBBEEEEEEE
BBBBBBBBBBBBBBBBBBDDDDDDD
BBBBBBBBBBBBBBBBBBDDDDDDD
BBBBBBBBBBBBBBBBBBDDDDDDD
BBBBBBBBBBBBBBBBBBDDDDDDD
BBBBBBBBBBBBBBBBBBDDDDDDD
BBBBBBBBBBBBBBBBBBDDDDDDD
BBBBBBBBBBBBBBBBBBDDDDDDD
BBBBBBBBBBBBBBBBBBDDDDDDD
BBBBBBBBBBBBBBBBBBDDDDDDD
BBBBBBBBBBBBBBBBBBDDDDDDD
Case #95:
KKRRDG
JNPOOO
CLIIII
MHABBB
MHQEEE
MHQFFF
Case #96:
BBBB
AJJE
AIDF
AIGC
AIGH
AIGH
Case #97:
AAAAAAAAACCCCCCCCCCCCCCCC
AAAAAAAAACCCCCCCCCCCCCCCC
AAAAAAAAACCCCCCCCCCCCCCCC
AAAAAAAAACCCCCCCCCCCCCCCC
AAAAAAAAACCCCCCCCCCCCCCCC
AAAAAAAAACCCCCCCCCCCCCCCC
BBBBBBBBBEEEEEEEEEEEEEEEE
BBBBBBBBBDDFFFFFFFGGGGGGG
BBBBBBBBBDDFFFFFFFGGGGGGG
BBBBBBBBBDDFFFFFFFGGGGGGG
BBBBBBBBBDDFFFFFFFGGGGGGG
BBBBBBBBBDDFFFFFFFGGGGGGG
BBBBBBBBBDDFFFFFFFGGGGGGG
BBBBBBBBBDDFFFFFFFGGGGGGG
BBBBBBBBBDDHHHHHHHIIIIIII
BBBBBBBBBDDHHHHHHHIIIIIII
BBBBBBBBBDDHHHHHHHJJJJJJJ
BBBBBBBBBDDHHHHHHHJJJJJJJ
BBBBBBBBBDDHHHHHHHJJJJJJJ
BBBBBBBBBDDHHHHHHHJJJJJJJ
BBBBBBBBBDDHHHHHHHJJJJJJJ
BBBBBBBBBDDHHHHHHHJJJJJJJ
BBBBBBBBBDDHHHHHHHJJJJJJJ
BBBBBBBBBDDHHHHHHHJJJJJJJ
BBBBBBBBBDDHHHHHHHJJJJJJJ
Case #98:
AAAAAABBBBBBBBBBBBBBBBBBB
AAAAAABBBBBBBBBBBBBBBBBBB
AAAAAABBBBBBBBBBBBBBBBBBB
AAAAAABBBBBBBBBBBBBBBBBBB
AAAAAABBBBBBBBBBBBBBBBBBB
AAAAAABBBBBBBBBBBBBBBBBBB
AAAAAABBBBBBBBBBBBBBBBBBB
AAAAAABBBBBBBBBBBBBBBBBBB
AAAAAABBBBBBBBBBBBBBBBBBB
AAAAAABBBBBBBBBBBBBBBBBBB
CCCCCCDDDDDDDDDDDDDDDDDDD
CCCCCCDDDDDDDDDDDDDDDDDDD
CCCCCCEEEEEEEEEEEEEEEEEEE
CCCCCCEEEEEEEEEEEEEEEEEEE
CCCCCCEEEEEEEEEEEEEEEEEEE
CCCCCCEEEEEEEEEEEEEEEEEEE
CCCCCCEEEEEEEEEEEEEEEEEEE
CCCCCCEEEEEEEEEEEEEEEEEEE
CCCCCCEEEEEEEEEEEEEEEEEEE
CCCCCCEEEEEEEEEEEEEEEEEEE
CCCCCCEEEEEEEEEEEEEEEEEEE
CCCCCCEEEEEEEEEEEEEEEEEEE
CCCCCCEEEEEEEEEEEEEEEEEEE
CCCCCCEEEEEEEEEEEEEEEEEEE
CCCCCCEEEEEEEEEEEEEEEEEEE
Case #99:
EEEEEEEEEEEEEEEEEEEEEEEEE
EEEEEEEEEEEEEEEEEEEEEEEEE
EEEEEEEEEEEEEEEEEEEEEEEEE
EEEEEEEEEEEEEEEEEEEEEEEEE
EEEEEEEEEEEEEEEEEEEEEEEEE
EEEEEEEEEEEEEEEEEEEEEEEEE
EEEEEEEEEEEEEEEEEEEEEEEEE
EEEEEEEEEEEEEEEEEEEEEEEEE
EEEEEEEEEEEEEEEEEEEEEEEEE
EEEEEEEEEEEEEEEEEEEEEEEEE
NFFFFFFFFFFFFFFFFFFFFFFFF
NFFFFFFFFFFFFFFFFFFFFFFFF
GLWIRRRRRRRRRRRRRRRRRRRRR
ZCWIRRRRRRRRRRRRRRRRRRRRR
ZCUSOMMMMMMMMMMMMMMMMMMMM
ZAUPYYYYYYYYYYYYYYYYYYYYY
ZQUPHDDDDDDDDDDDDDDDDDDDD
ZQUPVDDDDDDDDDDDDDDDDDDDD
BTXJVDDDDDDDDDDDDDDDDDDDD
BTXJVDDDDDDDDDDDDDDDDDDDD
BKXJVDDDDDDDDDDDDDDDDDDDD
BKXJVDDDDDDDDDDDDDDDDDDDD
BKXJVDDDDDDDDDDDDDDDDDDDD
BKXJVDDDDDDDDDDDDDDDDDDDD
BKXJVDDDDDDDDDDDDDDDDDDDD
Case #100:
PP
BU
ZC
RC
OS
AS
HD
HD
WD
ME
MK
QL
QL
GT
JT
JT
JX
YV
FV
FV
FI
FI
FN
FN
FN
