Case #1:
IOOOIOOOIOOOIOOOIOOOIOOOIOOOIOOOIOOOIOOOIOOOIOOOOO
OOOOOOOOOOOOOOOOOOOOOOOOOOOOOOOOOOOOOOOOOOOOOOOOOO
IOOOIOOOIOOOIOOOIOOOIOOOIOOOIOOOIOOOIOOOIOOOIOOOOO
OOOOOOOOOOOOOOOOOOOOOOOOOOOOOOOOOOOOOOOOOOOOOOOOOO
IOOOIOOOIOOOIOOOIOOOIOOOIOOOIOOOIOOOIOOOIOOOIOOOOO
OOOOOOOOOOOOOOOOOOOOOOOOOOOOOOOOOOOOOOOOOOOOOOOOOO
IOOOIOOOIOOOIOOOIOOOIOOOIOOOIOOOIOOOIOOOIOOOIOOOOO
OOOOOOOOOOOOOOOOOOOOOOOOOOOOOOOOOOOOOOOOOOOOOOOOOO
IOOOIOOOIOOOIOOOIOOOIOOOIOOOIOOOIOOOIOOOIOOOIOOOOO
OOOOOOOOOOOOOOOOOOOOOOOOOOOOOOOOOOOOOOOOOOOOOOOOOO
IOOOIOOOIOOOIOOOIOOOIOOOIOOOIOOOIOOOIOOOIOOOIOOOOO
OOOOOOOOOOOOOOOOOOOOOOOOOOOOOOOOOOOOOOOOOOOOOOOOOO
IOOOIOOOIOOOIOOOIOOOIOOOIOOOIOOOIOOOIOOOIOOOIOOOOO
OOOOOOOOOOOOOOOOOOOOOOOOOOOOOOOOOOOOOOOOOOOOOOOOOO
IOOOIOOOIOOOIOOOIOOOIOOOIOOOIOOOIOOOIOOOIOOOIOOOOO
OOOOOOOOOOOOOOOOOOOOOOOOOOOOOOOOOOOOOOOOOOOOOOOOOO
IOOOIOOOIOOOIOOOIOOOIOOOIOOOIOOOIOOOIOOOIOOOIOOOOO
OOOOOOOOOOOOOOOOOOOOOOOOOOOOOOOOOOOOOOOOOOOOOOOOOO
IOOOIOOOIOOOIOOOIOOOIOOOIOOOIOOOIOOOIOOOIOOOIOOOOO
OOOOOOOOOOOOOOOOOOOOOOOOOOOOOOOOOOOOOOOOOOOOOOOOOO
IOOOIOOOIOOOIOOOIOOOIOOOIOOOIOOOIOOOIOOOIOOOIOOOOO
OOOOOOOOOOOOOOOOOOOOOOOOOOOOOOOOOOOOOOOOOOOOOOOOOO
IOOOIOOOIOOOIOOOIOOOIOOOIOOOIOOOIOOOIOOOIOOOIOOOOO
OOOOOOOOOOOOOOOOOOOOOOOOOOOOOOOOOOOOOOOOOOOOOOOOOO
IOOOIOOOIOOOIOOOIOOOIOOOIOOOIOOOIOOOIOOOIOOOIOOOOO
OOOOOOOOOOOOOOOOOOOOOOOOOOOOOOOOOOOOOOOOOOOOOOOOOO
IOOOIOOOIOOOIOOOIOOOIOOOIOOOIOOOIOOOIOOOIOOOIOOOOO
OOOOOOOOOOOOOOOOOOOOOOOOOOOOOOOOOOOOOOOOOOOOOOOOOO
IOOOIOOOIOOOIOOOIOOOIOOOIOOOIOOOIOOOIOOOIOOOIOOOOO
OOOOOOOOOOOOOOOOOOOOOOOOOOOOOOOOOOOOOOOOOOOOOOOOOO
IOOOIOOOIOOOIOOOIOOOIOOOIOOOIOOOIOOOIOOOIOOOIOOOOO
OOOOOOOOOOOOOOOOOOOOOOOOOOOOOOOOOOOOOOOOOOOOOOOOOO
IOOOIOOOIOOOIOOOIOOOIOOOIOOOIOOOIOOOIOOOIOOOIOOOOO
OOOOOOOOOOOOOOOOOOOOOOOOOOOOOOOOOOOOOOOOOOOOOOOOOO
IOOOIOOOIOOOIOOOIOOOIOOOIOOOIOOOIOOOIOOOIOOOIOOOOO
OOOOOOOOOOOOOOOOOOOOOOOOOOOOOOOOOOOOOOOOOOOOOOOOOO
IOOOIOOOIOOOIOOOIOOOIOOOIOOOIOOOIOOOIOOOIOOOIOOOOO
OOOOOOOOOOOOOOOOOOOOOOOOOOOOOOOOOOOOOOOOOOOOOOOOOO
IOOOIOOOIOOOIOOOIOOOIOOOIOOOIOOOIOOOIOOOIOOOIOOOOO
OOOOOOOOOOOOOOOOOOOOOOOOOOOOOOOOOOOOOOOOOOOOOOOOOO
IOOOIOOOIOOOIOOOIOOOIOOOIOOOIOOOIOOOIOOOIOOOIOOOOO
OOOOOOOOOOOOOOOOOOOOOOOOOOOOOOOOOOOOOOOOOOOOOOOOOO
IOOOIOOOIOOOIOOOIOOOIOOOIOOOIOOOIOOOIOOOIOOOIOOOOO
OOOOOOOOOOOOOOOOOOOOOOOOOOOOOOOOOOOOOOOOOOOOOOOOOO
IOOOIOOOIOOOIOOOIOOOIOOOIOOOIOOOIOOOIOOOIOOOIOOOOO
OOOOOOOOOOOOOOOOOOOOOOOOOOOOOOOOOOOOOOOOOOOOOOOOOO
IOOOIOOOIOOOIOOOIOOOIOOOIOOOIOOOIOOOIOOOIOOOIOOOOO
OOOOOOOOOOOOOOOOOOOOOOOOOOOOOOOOOOOOOOOOOOOOOOOOOO
IOOOIOOOIOOOIOOOIOOOIOOOIOOOIOOOIOOOIOOOIOOOI/OOOO
OOOOOOOOOOOOOOOOOOOOOOOOOOOOOOOOOOOOOOOOOOOOOOOOOO
Case #2:
IOOOIOOOIOOOIOOOIOOOIOOOIOOOIOOOIOOOIOOOIOOOIOOOOO
OOOOOOOOOOOOOOOOOOOOOOOOOOOOOOOOOOOOOOOOOOOOOOOOOO
IOOOIOOOIOOOIOOOIOOOIOOOIOOOIOOOIOOOIOOOIOOOIOOOOO
OOOOOOOOOOOOOOOOOOOOOOOOOOOOOOOOOOOOOOOOOOOOOOOOOO
IOOOIOOOIOOOIOOOIOOOIOOOIOOOIOOOIOOOIOOOIOOOIOOOOO
OOOOOOOOOOOOOOOOOOOOOOOOOOOOOOOOOOOOOOOOOOOOOOOOOO
IOOOIOOOIOOOIOOOIOOOIOOOIOOOIOOOIOOOIOOOIOOOIOOOOO
OOOOOOOOOOOOOOOOOOOOOOOOOOOOOOOOOOOOOOOOOOOOOOOOOO
IOOOIOOOIOOOIOOOIOOOIOOOIOOOIOOOIOOOIOOOIOOOIOOOOO
OOOOOOOOOOOOOOOOOOOOOOOOOOOOOOOOOOOOOOOOOOOOOOOOOO
IOOOIOOOIOOOIOOOIOOOIOOOIOOOIOOOIOOOIOOOIOOOIOOOOO
OOOOOOOOOOOOOOOOOOOOOOOOOOOOOOOOOOOOOOOOOOOOOOOOOO
IOOOIOOOIOOOIOOOIOOOIOOOIOOOIOOOIOOOIOOOIOOOIOOOOO
OOOOOOOOOOOOOOOOOOOOOOOOOOOOOOOOOOOOOOOOOOOOOOOOOO
IOOOIOOOIOOOIOOOIOOOIOOOIOOOIOOOIOOOIOOOIOOOIOOOOO
OOOOOOOOOOOOOOOOOOOOOOOOOOOOOOOOOOOOOOOOOOOOOOOOOO
IOOOIOOOIOOOIOOOIOOOIOOOIOOOIOOOIOOOIOOOIOOOIOOOOO
OOOOOOOOOOOOOOOOOOOOOOOOOOOOOOOOOOOOOOOOOOOOOOOOOO
IOOOIOOOIOOOIOOOIOOOIOOOIOOOIOOOIOOOIOOOIOOOIOOOOO
OOOOOOOOOOOOOOOOOOOOOOOOOOOOOOOOOOOOOOOOOOOOOOOOOO
IOOOIOOOIOOOIOOOIOOOIOOOIOOOIOOOIOOOIOOOIOOOIOOOOO
OOOOOOOOOOOOOOOOOOOOOOOOOOOOOOOOOOOOOOOOOOOOOOOOOO
IOOOIOOOIOOOIOOOIOOOIOOOIOOOIOOOIOOOIOOOIOOOIOOOOO
OOOOOOOOOOOOOOOOOOOOOOOOOOOOOOOOOOOOOOOOOOOOOOOOOO
IOOOIOOOIOOOIOOOIOOOIOOOIOOOIOOOIOOOIOOOIOOOIOOOOO
OOOOOOOOOOOOOOOOOOOOOOOOOOOOOOOOOOOOOOOOOOOOOOOOOO
IOOOIOOOIOOOIOOOIOOOIOOOIOOOIOOOIOOOIOOOIOOOIOOOOO
OOOOOOOOOOOOOOOOOOOOOOOOOOOOOOOOOOOOOOOOOOOOOOOOOO
IOOOIOOOIOOOIOOOIOOOIOOOIOOOIOOOIOOOIOOOIOOOIOOOOO
OOOOOOOOOOOOOOOOOOOOOOOOOOOOOOOOOOOOOOOOOOOOOOOOOO
IOOOIOOOIOOOIOOOIOOOIOOOIOOOIOOOIOOOIOOOIOOOIOOOOO
OOOOOOOOOOOOOOOOOOOOOOOOOOOOOOOOOOOOOOOOOOOOOOOOOO
IOOOIOOOIOOOIOOOIOOOIOOOIOOOIOOOIOOOIOOOIOOOIOOOOO
OOOOOOOOOOOOOOOOOOOOOOOOOOOOOOOOOOOOOOOOOOOOOOOOOO
IOOOIOOOIOOOIOOOIOOOIOOOIOOOIOOOIOOOIOOOIOOOIOOOOO
OOOOOOOOOOOOOOOOOOOOOOOOOOOOOOOOOOOOOOOOOOOOOOOOOO
IOOOIOOOIOOOIOOOIOOOIOOOIOOOIOOOIOOOIOOOIOOOIOOOOO
OOOOOOOOOOOOOOOOOOOOOOOOOOOOOOOOOOOOOOOOOOOOOOOOOO
IOOOIOOOIOOOIOOOIOOOIOOOIOOOIOOOIOOOIOOOIOOOIOOOOO
OOOOOOOOOOOOOOOOOOOOOOOOOOOOOOOOOOOOOOOOOOOOOOOOOO
IOOOIOOOIOOOIOOOIOOOIOOOIOOOIOOOIOOOIOOOIOOOIOOOOO
OOOOOOOOOOOOOOOOOOOOOOOOOOOOOOOOOOOOOOOOOOOOOOOOOO
IOOOIOOOIOOOIOOOIOOOIOOOIOOOIOOOIOOOIOOOIOOOIOOOOO
OOOOOOOOOOOOOOOOOOOOOOOOOOOOOOOOOOOOOOOOOOOOOOOOOO
IOOOIOOOIOOOIOOOIOOOIOOOIOOOIOOOIOOOIOOOIOOOIOOOOO
OOOOOOOOOOOOOOOOOOOOOOOOOOOOOOOOOOOOOOOOOOOOOOOOOO
IOOOIOOOIOOOIOOOIOOOIOOOIOOOIOOOIOOOIOOOIOOOIOOOOO
OOOOOOOOOOOOOOOOOOOOOOOOOOOOOOOOOOOOOOOOOOOOOOOOOO
IOOOIOOOIOOOIOOOIOOOIOOOIOOOIOOOIOOOIOOOIOOOIOOOOO
OOOOOOOOOOOOOOOOOOOOOOOOOOOOOOOOOOOOOOOOOOOOOOOOOO
Case #3:
IOOOIOOOIOOOIOOOIOOOIOOOIOOOIOOOIOOOIOOOIOOOIOOOOO
OOOOOOOOOOOOOOOOOOOOOOOOOOOOOOOOOOOOOOOOOOOOOOOOOO
IOOOIOOOIOOOIOOOIOOOIOOOIOOOIOOOIOOOIOOOIOOOIOOOOO
OOOOOOOOOOOOOOOOOOOOOOOOOOOOOOOOOOOOOOOOOOOOOOOOOO
IOOOIOOOIOOOIOOOIOOOIOOOIOOOIOOOIOOOIOOOIOOOIOOOOO
OOOOOOOOOOOOOOOOOOOOOOOOOOOOOOOOOOOOOOOOOOOOOOOOOO
IOOOIOOOIOOOIOOOIOOOIOOOIOOOIOOOIOOOIOOOIOOOIOOOOO
OOOOOOOOOOOOOOOOOOOOOOOOOOOOOOOOOOOOOOOOOOOOOOOOOO
IOOOIOOOIOOOIOOOIOOOIOOOIOOOIOOOIOOOIOOOIOOOIOOOOO
OOOOOOOOOOOOOOOOOOOOOOOOOOOOOOOOOOOOOOOOOOOOOOOOOO
IOOOIOOOIOOOIOOOIOOOIOOOIOOOIOOOIOOOIOOOIOOOIOOOOO
OOOOOOOOOOOOOOOOOOOOOOOOOOOOOOOOOOOOOOOOOOOOOOOOOO
IOOOIOOOIOOOIOOOIOOOIOOOIOOOIOOOIOOOIOOOIOOOIOOOOO
OOOOOOOOOOOOOOOOOOOOOOOOOOOOOOOOOOOOOOOOOOOOOOOOOO
IOOOIOOOIOOOIOOOIOOOIOOOIOOOIOOOIOOOIOOOIOOOIOOOOO
OOOOOOOOOOOOOOOOOOOOOOOOOOOOOOOOOOOOOOOOOOOOOOOOOO
IOOOIOOOIOOOIOOOIOOOIOOOIOOOIOOOIOOOIOOOIOOOIOOOOO
OOOOOOOOOOOOOOOOOOOOOOOOOOOOOOOOOOOOOOOOOOOOOOOOOO
IOOOIOOOIOOOIOOOIOOOIOOOIOOOIOOOIOOOIOOOIOOOIOOOOO
OOOOOOOOOOOOOOOOOOOOOOOOOOOOOOOOOOOOOOOOOOOOOOOOOO
IOOOIOOOIOOOIOOOIOOOIOOOIOOOIOOOIOOOIOOOIOOOIOOOOO
OOOOOOOOOOOOOOOOOOOOOOOOOOOOOOOOOOOOOOOOOOOOOOOOOO
IOOOIOOOIOOOIOOOIOOOIOOOIOOOIOOOIOOOIOOOIOOOIOOOOO
OOOOOOOOOOOOOOOOOOOOOOOOOOOOOOOOOOOOOOOOOOOOOOOOOO
IOOOIOOOIOOOIOOOIOOOIOOOIOOOIOOOIOOOIOOOIOOOIOOOOO
OOOOOOOOOOOOOOOOOOOOOOOOOOOOOOOOOOOOOOOOOOOOOOOOOO
IOOOIOOOIOOOIOOOIOOOIOOOIOOOIOOOIOOOIOOOIOOOIOOOOO
OOOOOOOOOOOOOOOOOOOOOOOOOOOOOOOOOOOOOOOOOOOOOOOOOO
IOOOIOOOIOOOIOOOIOOOIOOOIOOOIOOOIOOOIOOOIOOOIOOOOO
OOOOOOOOOOOOOOOOOOOOOOOOOOOOOOOOOOOOOOOOOOOOOOOOOO
IOOOIOOOIOOOIOOOIOOOIOOOIOOOIOOOIOOOIOOOIOOOIOOOOO
OOOOOOOOOOOOOOOOOOOOOOOOOOOOOOOOOOOOOOOOOOOOOOOOOO
IOOOIOOOIOOOIOOOIOOOIOOOIOOOIOOOIOOOIOOOIOOOIOOOOO
OOOOOOOOOOOOOOOOOOOOOOOOOOOOOOOOOOOOOOOOOOOOOOOOOO
IOOOIOOOIOOOIOOOIOOOIOOOIOOOIOOOIOOOIOOOIOOOIOOOOO
OOOOOOOOOOOOOOOOOOOOOOOOOOOOOOOOOOOOOOOOOOOOOOOOOO
IOOOIOOOIOOOIOOOIOOOIOOOIOOOIOOOIOOOIOOOIOOOIOOOOO
OOOOOOOOOOOOOOOOOOOOOOOOOOOOOOOOOOOOOOOOOOOOOOOOOO
IOOOIOOOIOOOIOOOIOOOIOOOIOOOIOOOIOOOIOOOIOOOIOOOOO
OOOOOOOOOOOOOOOOOOOOOOOOOOOOOOOOOOOOOOOOOOOOOOOOOO
IOOOIOOOIOOOIOOOIOOOIOOOIOOOIOOOIOOOIOOOIOOOIOOOOO
OOOOOOOOOOOOOOOOOOOOOOOOOOOOOOOOOOOOOOOOOOOOOOOOOO
IOOOIOOOIOOOIOOOIOOOIOOOIOOOIOOOIOOOIOOOIOOOIOOOOO
OOOOOOOOOOOOOOOOOOOOOOOOOOOOOOOOOOOOOOOOOOOOOOOOOO
IOOOIOOOIOOOIOOOIOOOIOOOIOOOIOOOIOOOIOOOIOOOIOOOOO
OOOOOOOOOOOOOOOOOOOOOOOOOOOOOOOOOOOOOOOOOOOOOOOOOO
IOOOIOOOIOOOIOOOIOOOIOOOIOOOIOOOIOOOIOOOIOOOIOOOOO
OOOOOOOOOOOOOOOOOOOOOOOOOOOOOOOOOOOOOOOOOOOOOOOOOO
IOOOIOOOIOOOIOOOIOOOIOOOIOOOIOOOIOOOI/OOI/OOI/OOOO
OOOOOOOOOOOOOOOOOOOOOOOOOOOOOOOOOOOOOOOOOOOOOOOOOO
Case #4:
IOOOIOOOIOOOIOOOIOOOIOOOIOOOIOOOIOOOIOOOIOOOIOOOOO
OOOOOOOOOOOOOOOOOOOOOOOOOOOOOOOOOOOOOOOOOOOOOOOOOO
IOOOIOOOIOOOIOOOIOOOIOOOIOOOIOOOIOOOIOOOIOOOIOOOOO
OOOOOOOOOOOOOOOOOOOOOOOOOOOOOOOOOOOOOOOOOOOOOOOOOO
IOOOIOOOIOOOIOOOIOOOIOOOIOOOIOOOIOOOIOOOIOOOIOOOOO
OOOOOOOOOOOOOOOOOOOOOOOOOOOOOOOOOOOOOOOOOOOOOOOOOO
IOOOIOOOIOOOIOOOIOOOIOOOIOOOIOOOIOOOIOOOIOOOIOOOOO
OOOOOOOOOOOOOOOOOOOOOOOOOOOOOOOOOOOOOOOOOOOOOOOOOO
IOOOIOOOIOOOIOOOIOOOIOOOIOOOIOOOIOOOIOOOIOOOIOOOOO
OOOOOOOOOOOOOOOOOOOOOOOOOOOOOOOOOOOOOOOOOOOOOOOOOO
IOOOIOOOIOOOIOOOIOOOIOOOIOOOIOOOIOOOIOOOIOOOIOOOOO
OOOOOOOOOOOOOOOOOOOOOOOOOOOOOOOOOOOOOOOOOOOOOOOOOO
IOOOIOOOIOOOIOOOIOOOIOOOIOOOIOOOIOOOIOOOIOOOIOOOOO
OOOOOOOOOOOOOOOOOOOOOOOOOOOOOOOOOOOOOOOOOOOOOOOOOO
IOOOIOOOIOOOIOOOIOOOIOOOIOOOIOOOIOOOIOOOIOOOIOOOOO
OOOOOOOOOOOOOOOOOOOOOOOOOOOOOOOOOOOOOOOOOOOOOOOOOO
IOOOIOOOIOOOIOOOIOOOIOOOIOOOIOOOIOOOIOOOIOOOIOOOOO
OOOOOOOOOOOOOOOOOOOOOOOOOOOOOOOOOOOOOOOOOOOOOOOOOO
IOOOIOOOIOOOIOOOIOOOIOOOIOOOIOOOIOOOIOOOIOOOIOOOOO
OOOOOOOOOOOOOOOOOOOOOOOOOOOOOOOOOOOOOOOOOOOOOOOOOO
IOOOIOOOIOOOIOOOIOOOIOOOIOOOIOOOIOOOIOOOIOOOIOOOOO
OOOOOOOOOOOOOOOOOOOOOOOOOOOOOOOOOOOOOOOOOOOOOOOOOO
IOOOIOOOIOOOIOOOIOOOIOOOIOOOIOOOIOOOIOOOIOOOIOOOOO
OOOOOOOOOOOOOOOOOOOOOOOOOOOOOOOOOOOOOOOOOOOOOOOOOO
IOOOIOOOIOOOIOOOIOOOIOOOIOOOIOOOIOOOIOOOIOOOIOOOOO
OOOOOOOOOOOOOOOOOOOOOOOOOOOOOOOOOOOOOOOOOOOOOOOOOO
IOOOIOOOIOOOIOOOIOOOIOOOIOOOIOOOIOOOIOOOIOOOIOOOOO
OOOOOOOOOOOOOOOOOOOOOOOOOOOOOOOOOOOOOOOOOOOOOOOOOO
IOOOIOOOIOOOIOOOIOOOIOOOIOOOIOOOIOOOIOOOIOOOIOOOOO
OOOOOOOOOOOOOOOOOOOOOOOOOOOOOOOOOOOOOOOOOOOOOOOOOO
IOOOIOOOIOOOIOOOIOOOIOOOIOOOIOOOIOOOIOOOIOOOIOOOOO
OOOOOOOOOOOOOOOOOOOOOOOOOOOOOOOOOOOOOOOOOOOOOOOOOO
IOOOIOOOIOOOIOOOIOOOIOOOIOOOIOOOIOOOIOOOIOOOIOOOOO
OOOOOOOOOOOOOOOOOOOOOOOOOOOOOOOOOOOOOOOOOOOOOOOOOO
IOOOIOOOIOOOIOOOIOOOIOOOIOOOIOOOIOOOIOOOIOOOIOOOOO
OOOOOOOOOOOOOOOOOOOOOOOOOOOOOOOOOOOOOOOOOOOOOOOOOO
IOOOIOOOIOOOIOOOIOOOIOOOIOOOIOOOIOOOIOOOIOOOIOOOOO
OOOOOOOOOOOOOOOOOOOOOOOOOOOOOOOOOOOOOOOOOOOOOOOOOO
IOOOIOOOIOOOIOOOIOOOIOOOIOOOIOOOIOOOIOOOIOOOIOOOOO
OOOOOOOOOOOOOOOOOOOOOOOOOOOOOOOOOOOOOOOOOOOOOOOOOO
IOOOIOOOIOOOIOOOIOOOIOOOIOOOIOOOIOOOIOOOIOOOIOOOOO
OOOOOOOOOOOOOOOOOOOOOOOOOOOOOOOOOOOOOOOOOOOOOOOOOO
IOOOIOOOIOOOIOOOIOOOIOOOIOOOIOOOIOOOIOOOIOOOIOOOOO
OOOOOOOOOOOOOOOOOOOOOOOOOOOOOOOOOOOOOOOOOOOOOOOOOO
IOOOIOOOIOOOIOOOIOOOIOOOIOOOIOOOIOOOIOOOIOOOIOOOOO
OOOOOOOOOOOOOOOOOOOOOOOOOOOOOOOOOOOOOOOOOOOOOOOOOO
IOOOIOOOIOOOIOOOIOOOIOOOIOOOIOOOIOOOIOOOIOOOIOOOOO
OOOOOOOOOOOOOOOOOOOOOOOOOOOOOOOOOOOOOOOOOOOOOOOOOO
IOOOIOOOIOOOIOOOI/OOI/OOI/OOI/OOI/OOI/OOI/OOI/OOOO
OOOOOOOOOOOOOOOOOOOOOOOOOOOOOOOOOOOOOOOOOOOOOOOOOO
Case #5:
IOOOIOOOIOOOIOOOIOOOIOOOIOOOIOOOIOOOIOOOIOOOIOOOOO
OOOOOOOOOOOOOOOOOOOOOOOOOOOOOOOOOOOOOOOOOOOOOOOOOO
IOOOIOOOIOOOIOOOIOOOIOOOIOOOIOOOIOOOIOOOIOOOIOOOOO
OOOOOOOOOOOOOOOOOOOOOOOOOOOOOOOOOOOOOOOOOOOOOOOOOO
IOOOIOOOIOOOIOOOIOOOIOOOIOOOIOOOIOOOIOOOIOOOIOOOOO
OOOOOOOOOOOOOOOOOOOOOOOOOOOOOOOOOOOOOOOOOOOOOOOOOO
IOOOIOOOIOOOIOOOIOOOIOOOIOOOIOOOIOOOIOOOIOOOIOOOOO
OOOOOOOOOOOOOOOOOOOOOOOOOOOOOOOOOOOOOOOOOOOOOOOOOO
IOOOIOOOIOOOIOOOIOOOIOOOIOOOIOOOIOOOIOOOIOOOIOOOOO
OOOOOOOOOOOOOOOOOOOOOOOOOOOOOOOOOOOOOOOOOOOOOOOOOO
IOOOIOOOIOOOIOOOIOOOIOOOIOOOIOOOIOOOIOOOIOOOIOOOOO
OOOOOOOOOOOOOOOOOOOOOOOOOOOOOOOOOOOOOOOOOOOOOOOOOO
IOOOIOOOIOOOIOOOIOOOIOOOIOOOIOOOIOOOIOOOIOOOIOOOOO
OOOOOOOOOOOOOOOOOOOOOOOOOOOOOOOOOOOOOOOOOOOOOOOOOO
IOOOIOOOIOOOIOOOIOOOIOOOIOOOIOOOIOOOIOOOIOOOIOOOOO
OOOOOOOOOOOOOOOOOOOOOOOOOOOOOOOOOOOOOOOOOOOOOOOOOO
IOOOIOOOIOOOIOOOIOOOIOOOIOOOIOOOIOOOIOOOIOOOIOOOOO
OOOOOOOOOOOOOOOOOOOOOOOOOOOOOOOOOOOOOOOOOOOOOOOOOO
IOOOIOOOIOOOIOOOIOOOIOOOIOOOIOOOIOOOIOOOIOOOIOOOOO
OOOOOOOOOOOOOOOOOOOOOOOOOOOOOOOOOOOOOOOOOOOOOOOOOO
IOOOIOOOIOOOIOOOIOOOIOOOIOOOIOOOIOOOIOOOIOOOIOOOOO
OOOOOOOOOOOOOOOOOOOOOOOOOOOOOOOOOOOOOOOOOOOOOOOOOO
IOOOIOOOIOOOIOOOIOOOIOOOIOOOIOOOIOOOIOOOIOOOIOOOOO
OOOOOOOOOOOOOOOOOOOOOOOOOOOOOOOOOOOOOOOOOOOOOOOOOO
IOOOIOOOIOOOIOOOIOOOIOOOIOOOIOOOIOOOIOOOIOOOIOOOOO
OOOOOOOOOOOOOOOOOOOOOOOOOOOOOOOOOOOOOOOOOOOOOOOOOO
IOOOIOOOIOOOIOOOIOOOIOOOIOOOIOOOIOOOIOOOIOOOIOOOOO
OOOOOOOOOOOOOOOOOOOOOOOOOOOOOOOOOOOOOOOOOOOOOOOOOO
IOOOIOOOIOOOIOOOIOOOIOOOIOOOIOOOIOOOIOOOIOOOIOOOOO
OOOOOOOOOOOOOOOOOOOOOOOOOOOOOOOOOOOOOOOOOOOOOOOOOO
IOOOIOOOIOOOIOOOIOOOIOOOIOOOIOOOIOOOIOOOIOOOIOOOOO
OOOOOOOOOOOOOOOOOOOOOOOOOOOOOOOOOOOOOOOOOOOOOOOOOO
IOOOIOOOIOOOIOOOIOOOIOOOIOOOIOOOIOOOIOOOIOOOIOOOOO
OOOOOOOOOOOOOOOOOOOOOOOOOOOOOOOOOOOOOOOOOOOOOOOOOO
IOOOIOOOIOOOIOOOIOOOIOOOIOOOIOOOIOOOIOOOIOOOIOOOOO
OOOOOOOOOOOOOOOOOOOOOOOOOOOOOOOOOOOOOOOOOOOOOOOOOO
IOOOIOOOIOOOIOOOIOOOIOOOIOOOIOOOIOOOIOOOIOOOIOOOOO
OOOOOOOOOOOOOOOOOOOOOOOOOOOOOOOOOOOOOOOOOOOOOOOOOO
IOOOIOOOIOOOIOOOIOOOIOOOIOOOIOOOIOOOIOOOIOOOIOOOOO
OOOOOOOOOOOOOOOOOOOOOOOOOOOOOOOOOOOOOOOOOOOOOOOOOO
IOOOIOOOIOOOIOOOIOOOIOOOIOOOIOOOIOOOIOOOIOOOIOOOOO
OOOOOOOOOOOOOOOOOOOOOOOOOOOOOOOOOOOOOOOOOOOOOOOOOO
IOOOIOOOIOOOIOOOIOOOIOOOIOOOIOOOIOOOIOOOIOOOIOOOOO
OOOOOOOOOOOOOOOOOOOOOOOOOOOOOOOOOOOOOOOOOOOOOOOOOO
IOOOIOOOIOOOIOOOIOOOIOOOIOOOIOOOIOOOIOOOIOOOIOOOOO
OOOOOOOOOOOOOOOOOOOOOOOOOOOOOOOOOOOOOOOOOOOOOOOOOO
IOOOIOOOIOOOIOOOIOOOIOOOIOOOIOOOIOOOIOOOIOOOIOOOOO
OOOOOOOOOOOOOOOOOOOOOOOOOOOOOOOOOOOOOOOOOOOOOOOOOO
IOOOIOOOIOOOIOOOIOOOIOOOIOOOIOOOIOOOIOOOI/OOI/OOOO
OOOOOOOOOOOOOOOOOOOOOOOOOOOOOOOOOOOOOOOOOOOOOOOOOO
Case #6:
IOOOIOOOIOOOIOOOIOOOIOOOIOOOIOOOIOOOIOOOIOOOIOOOOO
OOOOOOOOOOOOOOOOOOOOOOOOOOOOOOOOOOOOOOOOOOOOOOOOOO
IOOOIOOOIOOOI/OOI/OOI/OOI/OOI/OOI/OOI/OOI/OOI/OOOO
OOOOOOOOOOOOOOOOOOOOOOOOOOOOOOOOOOOOOOOOOOOOOOOOOO
I/OOI/OOI/OOI/OOI/OOI/OOI/OOI/OOI/OOI/OOI/OOI/OOOO
OOOOOOOOOOOOOOOOOOOOOOOOOOOOOOOOOOOOOOOOOOOOOOOOOO
I/OOI/OOI/OOI/OOI/OOI/OOI/OOI/OOI/OOI/OOI/OOI/OOOO
OOOOOOOOOOOOOOOOOOOOOOOOOOOOOOOOOOOOOOOOOOOOOOOOOO
I/OOI/OOI/OOI/OOI/OOI/OOI/OOI/OOI/OOI/OOI/OOI/OOOO
OOOOOOOOOOOOOOOOOOOOOOOOOOOOOOOOOOOOOOOOOOOOOOOOOO
I/OOI/OOI/OOI/OOI/OOI/OOI/OOI/OOI/OOI/OOI/OOI/OOOO
OOOOOOOOOOOOOOOOOOOOOOOOOOOOOOOOOOOOOOOOOOOOOOOOOO
I/OOI/OOI/OOI/OOI/OOI/OOI/OOI/OOI/OOI/OOI/OOI/OOOO
OOOOOOOOOOOOOOOOOOOOOOOOOOOOOOOOOOOOOOOOOOOOOOOOOO
I/OOI/OOI/OOI/OOI/OOI/OOI/OOI/OOI/OOI/OOI/OOI/OOOO
OOOOOOOOOOOOOOOOOOOOOOOOOOOOOOOOOOOOOOOOOOOOOOOOOO
I/OOI/OOI/OOI/OOI/OOI/OOI/OOI/OOI/OOI/OOI/OOI/OOOO
OOOOOOOOOOOOOOOOOOOOOOOOOOOOOOOOOOOOOOOOOOOOOOOOOO
I/OOI/OOI/OOI/OOI/OOI/OOI/OOI/OOI/OOI/OOI/OOI/OOOO
OOOOOOOOOOOOOOOOOOOOOOOOOOOOOOOOOOOOOOOOOOOOOOOOOO
I/OOI/OOI/OOI/OOI/OOI/OOI/OOI/OOI/OOI/OOI/OOI/OOOO
OOOOOOOOOOOOOOOOOOOOOOOOOOOOOOOOOOOOOOOOOOOOOOOOOO
I/OOI/OOI/OOI/OOI/OOI/OOI/OOI/OOI/OOI/OOI/OOI/OOOO
OOOOOOOOOOOOOOOOOOOOOOOOOOOOOOOOOOOOOOOOOOOOOOOOOO
I/OOI/OOI/OOI/OOI/OOI/OOI/OOI/OOI/OOI/OOI/OOI/OOOO
OOOOOOOOOOOOOOOOOOOOOOOOOOOOOOOOOOOOOOOOOOOOOOOOOO
I/OOI/OOI/OOI/OOI/OOI/OOI/OOI/OOI/OOI/OOI/OOI/OOOO
OOOOOOOOOOOOOOOOOOOOOOOOOOOOOOOOOOOOOOOOOOOOOOOOOO
I/OOI/OOI/OOI/OOI/OOI/OOI/OOI/OOI/OOI/OOI/OOI/OOOO
OOOOOOOOOOOOOOOOOOOOOOOOOOOOOOOOOOOOOOOOOOOOOOOOOO
I/OOI/OOI/OOI/OOI/OOI/OOI/OOI/OOI/OOI/OOI/OOI/OOOO
OOOOOOOOOOOOOOOOOOOOOOOOOOOOOOOOOOOOOOOOOOOOOOOOOO
I/OOI/OOI/OOI/OOI/OOI/OOI/OOI/OOI/OOI/OOI/OOI/OOOO
OOOOOOOOOOOOOOOOOOOOOOOOOOOOOOOOOOOOOOOOOOOOOOOOOO
I/OOI/OOI/OOI/OOI/OOI/OOI/OOI/OOI/OOI/OOI/OOI/OOOO
OOOOOOOOOOOOOOOOOOOOOOOOOOOOOOOOOOOOOOOOOOOOOOOOOO
I/OOI/OOI/OOI/OOI/OOI/OOI/OOI/OOI/OOI/OOI/OOI/OOOO
OOOOOOOOOOOOOOOOOOOOOOOOOOOOOOOOOOOOOOOOOOOOOOOOOO
I/OOI/OOI/OOI/OOI/OOI/OOI/OOI/OOI/OOI/OOI/OOI/OOOO
OOOOOOOOOOOOOOOOOOOOOOOOOOOOOOOOOOOOOOOOOOOOOOOOOO
I/OOI/OOI/OOI/OOI/OOI/OOI/OOI/OOI/OOI/OOI/OOI/OOOO
OOOOOOOOOOOOOOOOOOOOOOOOOOOOOOOOOOOOOOOOOOOOOOOOOO
I/OOI/OOI/OOI/OOI/OOI/OOI/OOI/OOI/OOI/OOI/OOI/OOOO
OOOOOOOOOOOOOOOOOOOOOOOOOOOOOOOOOOOOOOOOOOOOOOOOOO
I/OOI/OOI/OOI/OOI/OOI/OOI/OOI/OOI/OOI/OOI/OOI/OOOO
OOOOOOOOOOOOOOOOOOOOOOOOOOOOOOOOOOOOOOOOOOOOOOOOOO
I/OOI/OOI/OOI/OOI/OOI/OOI/OOI/OOI/OOI/OOI/OOI/OOOO
OOOOOOOOOOOOOOOOOOOOOOOOOOOOOOOOOOOOOOOOOOOOOOOOOO
I/OOI/OOI/OOI/OOI/OOI/OOI/OOI/OOI/OOI/OOI/OOI/OOOO
OOOOOOOOOOOOOOOOOOOOOOOOOOOOOOOOOOOOOOOOOOOOOOOOOO
Case #7:
IOOOIOOOIOOOIOOOIOOOIOOOIOOOIOOOIOOOIOOOIOOOIOOOOO
OOOOOOOOOOOOOOOOOOOOOOOOOOOOOOOOOOOOOOOOOOOOOOOOOO
IOOOIOOOIOOOIOOOIOOOIOOOIOOOIOOOIOOOIOOOIOOOIOOOOO
OOOOOOOOOOOOOOOOOOOOOOOOOOOOOOOOOOOOOOOOOOOOOOOOOO
IOOOIOOOIOOOIOOOIOOOIOOOIOOOIOOOIOOOIOOOIOOOIOOOOO
OOOOOOOOOOOOOOOOOOOOOOOOOOOOOOOOOOOOOOOOOOOOOOOOOO
IOOOIOOOIOOOIOOOIOOOIOOOIOOOIOOOIOOOIOOOIOOOIOOOOO
OOOOOOOOOOOOOOOOOOOOOOOOOOOOOOOOOOOOOOOOOOOOOOOOOO
IOOOIOOOIOOOIOOOIOOOIOOOIOOOIOOOIOOOIOOOIOOOIOOOOO
OOOOOOOOOOOOOOOOOOOOOOOOOOOOOOOOOOOOOOOOOOOOOOOOOO
IOOOIOOOIOOOIOOOIOOOIOOOIOOOIOOOIOOOIOOOIOOOIOOOOO
OOOOOOOOOOOOOOOOOOOOOOOOOOOOOOOOOOOOOOOOOOOOOOOOOO
IOOOIOOOIOOOIOOOIOOOIOOOIOOOIOOOIOOOIOOOIOOOIOOOOO
OOOOOOOOOOOOOOOOOOOOOOOOOOOOOOOOOOOOOOOOOOOOOOOOOO
IOOOIOOOIOOOIOOOIOOOIOOOIOOOIOOOIOOOIOOOIOOOIOOOOO
OOOOOOOOOOOOOOOOOOOOOOOOOOOOOOOOOOOOOOOOOOOOOOOOOO
IOOOIOOOIOOOIOOOIOOOIOOOIOOOIOOOIOOOIOOOIOOOIOOOOO
OOOOOOOOOOOOOOOOOOOOOOOOOOOOOOOOOOOOOOOOOOOOOOOOOO
IOOOIOOOIOOOIOOOIOOOIOOOIOOOIOOOIOOOIOOOIOOOIOOOOO
OOOOOOOOOOOOOOOOOOOOOOOOOOOOOOOOOOOOOOOOOOOOOOOOOO
IOOOIOOOIOOOIOOOIOOOIOOOIOOOIOOOIOOOIOOOIOOOIOOOOO
OOOOOOOOOOOOOOOOOOOOOOOOOOOOOOOOOOOOOOOOOOOOOOOOOO
IOOOIOOOIOOOIOOOIOOOIOOOIOOOIOOOIOOOIOOOIOOOIOOOOO
OOOOOOOOOOOOOOOOOOOOOOOOOOOOOOOOOOOOOOOOOOOOOOOOOO
IOOOIOOOIOOOIOOOIOOOIOOOIOOOIOOOIOOOIOOOIOOOIOOOOO
OOOOOOOOOOOOOOOOOOOOOOOOOOOOOOOOOOOOOOOOOOOOOOOOOO
IOOOIOOOIOOOIOOOIOOOIOOOIOOOIOOOIOOOIOOOIOOOIOOOOO
OOOOOOOOOOOOOOOOOOOOOOOOOOOOOOOOOOOOOOOOOOOOOOOOOO
IOOOIOOOIOOOIOOOIOOOIOOOIOOOIOOOIOOOIOOOIOOOIOOOOO
OOOOOOOOOOOOOOOOOOOOOOOOOOOOOOOOOOOOOOOOOOOOOOOOOO
IOOOIOOOIOOOIOOOIOOOIOOOIOOOIOOOIOOOIOOOIOOOIOOOOO
OOOOOOOOOOOOOOOOOOOOOOOOOOOOOOOOOOOOOOOOOOOOOOOOOO
IOOOIOOOIOOOIOOOIOOOIOOOIOOOIOOOIOOOIOOOIOOOIOOOOO
OOOOOOOOOOOOOOOOOOOOOOOOOOOOOOOOOOOOOOOOOOOOOOOOOO
IOOOIOOOIOOOIOOOIOOOIOOOIOOOIOOOIOOOIOOOIOOOIOOOOO
OOOOOOOOOOOOOOOOOOOOOOOOOOOOOOOOOOOOOOOOOOOOOOOOOO
IOOOIOOOIOOOIOOOIOOOIOOOIOOOIOOOIOOOIOOOIOOOIOOOOO
OOOOOOOOOOOOOOOOOOOOOOOOOOOOOOOOOOOOOOOOOOOOOOOOOO
IOOOIOOOIOOOIOOOIOOOIOOOIOOOIOOOIOOOIOOOIOOOIOOOOO
OOOOOOOOOOOOOOOOOOOOOOOOOOOOOOOOOOOOOOOOOOOOOOOOOO
IOOOI/OOI/OOI/OOI/OOI/OOI/OOI/OOI/OOI/OOI/OOI/OOOO
OOOOOOOOOOOOOOOOOOOOOOOOOOOOOOOOOOOOOOOOOOOOOOOOOO
I/OOI/OOI/OOI/OOI/OOI/OOI/OOI/OOI/OOI/OOI/OOI/OOOO
OOOOOOOOOOOOOOOOOOOOOOOOOOOOOOOOOOOOOOOOOOOOOOOOOO
I/OOI/OOI/OOI/OOI/OOI/OOI/OOI/OOI/OOI/OOI/OOI/OOOO
OOOOOOOOOOOOOOOOOOOOOOOOOOOOOOOOOOOOOOOOOOOOOOOOOO
I/OOI/OOI/OOI/OOI/OOI/OOI/OOI/OOI/OOI/OOI/OOI/OOOO
OOOOOOOOOOOOOOOOOOOOOOOOOOOOOOOOOOOOOOOOOOOOOOOOOO
I/OOI/OOI/OOI/OOI/OOI/OOI/OOI/OOI/OOI/OOI/OOI/OOOO
OOOOOOOOOOOOOOOOOOOOOOOOOOOOOOOOOOOOOOOOOOOOOOOOOO
Case #8:
IOOOIOOOIOOOIOOOIOOOIOOOIOOOIOOOIOOOIOOOIOOOIOOOOO
OOOOOOOOOOOOOOOOOOOOOOOOOOOOOOOOOOOOOOOOOOOOOOOOOO
IOOOIOOOIOOOIOOOIOOOIOOOIOOOIOOOIOOOIOOOIOOOIOOOOO
OOOOOOOOOOOOOOOOOOOOOOOOOOOOOOOOOOOOOOOOOOOOOOOOOO
IOOOIOOOIOOOIOOOIOOOIOOOIOOOIOOOIOOOIOOOIOOOIOOOOO
OOOOOOOOOOOOOOOOOOOOOOOOOOOOOOOOOOOOOOOOOOOOOOOOOO
IOOOIOOOIOOOIOOOIOOOIOOOIOOOIOOOIOOOIOOOIOOOIOOOOO
OOOOOOOOOOOOOOOOOOOOOOOOOOOOOOOOOOOOOOOOOOOOOOOOOO
IOOOIOOOIOOOIOOOIOOOIOOOIOOOIOOOIOOOIOOOIOOOIOOOOO
OOOOOOOOOOOOOOOOOOOOOOOOOOOOOOOOOOOOOOOOOOOOOOOOOO
IOOOIOOOIOOOIOOOIOOOIOOOIOOOIOOOIOOOIOOOIOOOIOOOOO
OOOOOOOOOOOOOOOOOOOOOOOOOOOOOOOOOOOOOOOOOOOOOOOOOO
IOOOIOOOIOOOIOOOIOOOIOOOIOOOIOOOIOOOIOOOIOOOIOOOOO
OOOOOOOOOOOOOOOOOOOOOOOOOOOOOOOOOOOOOOOOOOOOOOOOOO
IOOOIOOOIOOOIOOOIOOOIOOOIOOOIOOOIOOOIOOOIOOOIOOOOO
OOOOOOOOOOOOOOOOOOOOOOOOOOOOOOOOOOOOOOOOOOOOOOOOOO
IOOOIOOOIOOOIOOOIOOOIOOOIOOOIOOOIOOOIOOOIOOOIOOOOO
OOOOOOOOOOOOOOOOOOOOOOOOOOOOOOOOOOOOOOOOOOOOOOOOOO
IOOOIOOOIOOOIOOOIOOOIOOOIOOOIOOOIOOOIOOOIOOOIOOOOO
OOOOOOOOOOOOOOOOOOOOOOOOOOOOOOOOOOOOOOOOOOOOOOOOOO
IOOOIOOOIOOOIOOOIOOOIOOOIOOOIOOOIOOOIOOOIOOOIOOOOO
OOOOOOOOOOOOOOOOOOOOOOOOOOOOOOOOOOOOOOOOOOOOOOOOOO
IOOOIOOOIOOOIOOOIOOOIOOOIOOOIOOOIOOOIOOOIOOOIOOOOO
OOOOOOOOOOOOOOOOOOOOOOOOOOOOOOOOOOOOOOOOOOOOOOOOOO
IOOOIOOOIOOOIOOOIOOOIOOOIOOOIOOOIOOOIOOOIOOOIOOOOO
OOOOOOOOOOOOOOOOOOOOOOOOOOOOOOOOOOOOOOOOOOOOOOOOOO
IOOOIOOOIOOOIOOOIOOOIOOOIOOOIOOOIOOOIOOOIOOOIOOOOO
OOOOOOOOOOOOOOOOOOOOOOOOOOOOOOOOOOOOOOOOOOOOOOOOOO
IOOOIOOOIOOOIOOOIOOOIOOOIOOOIOOOIOOOIOOOIOOOIOOOOO
OOOOOOOOOOOOOOOOOOOOOOOOOOOOOOOOOOOOOOOOOOOOOOOOOO
IOOOIOOOIOOOIOOOIOOOIOOOIOOOIOOOIOOOIOOOIOOOIOOOOO
OOOOOOOOOOOOOOOOOOOOOOOOOOOOOOOOOOOOOOOOOOOOOOOOOO
IOOOIOOOIOOOI/OOI/OOI/OOI/OOI/OOI/OOI/OOI/OOI/OOOO
OOOOOOOOOOOOOOOOOOOOOOOOOOOOOOOOOOOOOOOOOOOOOOOOOO
I/OOI/OOI/OOI/OOI/OOI/OOI/OOI/OOI/OOI/OOI/OOI/OOOO
OOOOOOOOOOOOOOOOOOOOOOOOOOOOOOOOOOOOOOOOOOOOOOOOOO
I/OOI/OOI/OOI/OOI/OOI/OOI/OOI/OOI/OOI/OOI/OOI/OOOO
OOOOOOOOOOOOOOOOOOOOOOOOOOOOOOOOOOOOOOOOOOOOOOOOOO
I/OOI/OOI/OOI/OOI/OOI/OOI/OOI/OOI/OOI/OOI/OOI/OOOO
OOOOOOOOOOOOOOOOOOOOOOOOOOOOOOOOOOOOOOOOOOOOOOOOOO
I/OOI/OOI/OOI/OOI/OOI/OOI/OOI/OOI/OOI/OOI/OOI/OOOO
OOOOOOOOOOOOOOOOOOOOOOOOOOOOOOOOOOOOOOOOOOOOOOOOOO
I/OOI/OOI/OOI/OOI/OOI/OOI/OOI/OOI/OOI/OOI/OOI/OOOO
OOOOOOOOOOOOOOOOOOOOOOOOOOOOOOOOOOOOOOOOOOOOOOOOOO
I/OOI/OOI/OOI/OOI/OOI/OOI/OOI/OOI/OOI/OOI/OOI/OOOO
OOOOOOOOOOOOOOOOOOOOOOOOOOOOOOOOOOOOOOOOOOOOOOOOOO
I/OOI/OOI/OOI/OOI/OOI/OOI/OOI/OOI/OOI/OOI/OOI/OOOO
OOOOOOOOOOOOOOOOOOOOOOOOOOOOOOOOOOOOOOOOOOOOOOOOOO
I/OOI/OOI/OOI/OOI/OOI/OOI/OOI/OOI/OOI/OOI/OOI/OOOO
OOOOOOOOOOOOOOOOOOOOOOOOOOOOOOOOOOOOOOOOOOOOOOOOOO
Case #9:
IOOOIOOOIOOOIOOOIOOOIOOOIOOOIOOOIOOOIOOOIOOOIOOOOO
OOOOOOOOOOOOOOOOOOOOOOOOOOOOOOOOOOOOOOOOOOOOOOOOOO
IOOOIOOOIOOOIOOOIOOOIOOOIOOOIOOOIOOOIOOOIOOOIOOOOO
OOOOOOOOOOOOOOOOOOOOOOOOOOOOOOOOOOOOOOOOOOOOOOOOOO
IOOOIOOOIOOOIOOOIOOOIOOOIOOOIOOOIOOOIOOOIOOOIOOOOO
OOOOOOOOOOOOOOOOOOOOOOOOOOOOOOOOOOOOOOOOOOOOOOOOOO
IOOOIOOOIOOOIOOOIOOOIOOOIOOOIOOOIOOOIOOOIOOOIOOOOO
OOOOOOOOOOOOOOOOOOOOOOOOOOOOOOOOOOOOOOOOOOOOOOOOOO
IOOOIOOOIOOOIOOOIOOOIOOOIOOOIOOOIOOOIOOOIOOOIOOOOO
OOOOOOOOOOOOOOOOOOOOOOOOOOOOOOOOOOOOOOOOOOOOOOOOOO
IOOOIOOOIOOOIOOOIOOOIOOOIOOOIOOOIOOOIOOOIOOOIOOOOO
OOOOOOOOOOOOOOOOOOOOOOOOOOOOOOOOOOOOOOOOOOOOOOOOOO
IOOOIOOOIOOOIOOOIOOOIOOOIOOOI/OOI/OOI/OOI/OOI/OOOO
OOOOOOOOOOOOOOOOOOOOOOOOOOOOOOOOOOOOOOOOOOOOOOOOOO
I/OOI/OOI/OOI/OOI/OOI/OOI/OOI/OOI/OOI/OOI/OOI/OOOO
OOOOOOOOOOOOOOOOOOOOOOOOOOOOOOOOOOOOOOOOOOOOOOOOOO
I/OOI/OOI/OOI/OOI/OOI/OOI/OOI/OOI/OOI/OOI/OOI/OOOO
OOOOOOOOOOOOOOOOOOOOOOOOOOOOOOOOOOOOOOOOOOOOOOOOOO
I/OOI/OOI/OOI/OOI/OOI/OOI/OOI/OOI/OOI/OOI/OOI/OOOO
OOOOOOOOOOOOOOOOOOOOOOOOOOOOOOOOOOOOOOOOOOOOOOOOOO
I/OOI/OOI/OOI/OOI/OOI/OOI/OOI/OOI/OOI/OOI/OOI/OOOO
OOOOOOOOOOOOOOOOOOOOOOOOOOOOOOOOOOOOOOOOOOOOOOOOOO
I/OOI/OOI/OOI/OOI/OOI/OOI/OOI/OOI/OOI/OOI/OOI/OOOO
OOOOOOOOOOOOOOOOOOOOOOOOOOOOOOOOOOOOOOOOOOOOOOOOOO
I/OOI/OOI/OOI/OOI/OOI/OOI/OOI/OOI/OOI/OOI/OOI/OOOO
OOOOOOOOOOOOOOOOOOOOOOOOOOOOOOOOOOOOOOOOOOOOOOOOOO
I/OOI/OOI/OOI/OOI/OOI/OOI/OOI/OOI/OOI/OOI/OOI/OOOO
OOOOOOOOOOOOOOOOOOOOOOOOOOOOOOOOOOOOOOOOOOOOOOOOOO
I/OOI/OOI/OOI/OOI/OOI/OOI/OOI/OOI/OOI/OOI/OOI/OOOO
OOOOOOOOOOOOOOOOOOOOOOOOOOOOOOOOOOOOOOOOOOOOOOOOOO
I/OOI/OOI/OOI/OOI/OOI/OOI/OOI/OOI/OOI/OOI/OOI/OOOO
OOOOOOOOOOOOOOOOOOOOOOOOOOOOOOOOOOOOOOOOOOOOOOOOOO
I/OOI/OOI/OOI/OOI/OOI/OOI/OOI/OOI/OOI/OOI/OOI/OOOO
OOOOOOOOOOOOOOOOOOOOOOOOOOOOOOOOOOOOOOOOOOOOOOOOOO
I/OOI/OOI/OOI/OOI/OOI/OOI/OOI/OOI/OOI/OOI/OOI/OOOO
OOOOOOOOOOOOOOOOOOOOOOOOOOOOOOOOOOOOOOOOOOOOOOOOOO
I/OOI/OOI/OOI/OOI/OOI/OOI/OOI/OOI/OOI/OOI/OOI/OOOO
OOOOOOOOOOOOOOOOOOOOOOOOOOOOOOOOOOOOOOOOOOOOOOOOOO
I/OOI/OOI/OOI/OOI/OOI/OOI/OOI/OOI/OOI/OOI/OOI/OOOO
OOOOOOOOOOOOOOOOOOOOOOOOOOOOOOOOOOOOOOOOOOOOOOOOOO
I/OOI/OOI/OOI/OOI/OOI/OOI/OOI/OOI/OOI/OOI/OOI/OOOO
OOOOOOOOOOOOOOOOOOOOOOOOOOOOOOOOOOOOOOOOOOOOOOOOOO
I/OOI/OOI/OOI/OOI/OOI/OOI/OOI/OOI/OOI/OOI/OOI/OOOO
OOOOOOOOOOOOOOOOOOOOOOOOOOOOOOOOOOOOOOOOOOOOOOOOOO
I/OOI/OOI/OOI/OOI/OOI/OOI/OOI/OOI/OOI/OOI/OOI/OOOO
OOOOOOOOOOOOOOOOOOOOOOOOOOOOOOOOOOOOOOOOOOOOOOOOOO
I/OOI/OOI/OOI/OOI/OOI/OOI/OOI/OOI/OOI/OOI/OOI/OOOO
OOOOOOOOOOOOOOOOOOOOOOOOOOOOOOOOOOOOOOOOOOOOOOOOOO
I/OOI/OOI/OOI/OOI/OOI/OOI/OOI/OOI/OOI/OOI/OOI/OOOO
OOOOOOOOOOOOOOOOOOOOOOOOOOOOOOOOOOOOOOOOOOOOOOOOOO
Case #10:
IOOOIOOOIOOOIOOOIOOOIOOOIOOOIOOOIOOOIOOOIOOOIOOOOO
OOOOOOOOOOOOOOOOOOOOOOOOOOOOOOOOOOOOOOOOOOOOOOOOOO
IOOOIOOOIOOOIOOOIOOOIOOOIOOOIOOOIOOOIOOOIOOOIOOOOO
OOOOOOOOOOOOOOOOOOOOOOOOOOOOOOOOOOOOOOOOOOOOOOOOOO
IOOOIOOOIOOOIOOOIOOOIOOOIOOOIOOOIOOOIOOOIOOOIOOOOO
OOOOOOOOOOOOOOOOOOOOOOOOOOOOOOOOOOOOOOOOOOOOOOOOOO
IOOOIOOOIOOOIOOOIOOOIOOOIOOOIOOOIOOOIOOOIOOOIOOOOO
OOOOOOOOOOOOOOOOOOOOOOOOOOOOOOOOOOOOOOOOOOOOOOOOOO
IOOOIOOOIOOOIOOOIOOOIOOOIOOOIOOOIOOOIOOOIOOOIOOOOO
OOOOOOOOOOOOOOOOOOOOOOOOOOOOOOOOOOOOOOOOOOOOOOOOOO
IOOOIOOOIOOOIOOOIOOOIOOOIOOOIOOOIOOOIOOOIOOOIOOOOO
OOOOOOOOOOOOOOOOOOOOOOOOOOOOOOOOOOOOOOOOOOOOOOOOOO
IOOOIOOOIOOOIOOOIOOOIOOOIOOOIOOOIOOOIOOOIOOOIOOOOO
OOOOOOOOOOOOOOOOOOOOOOOOOOOOOOOOOOOOOOOOOOOOOOOOOO
IOOOIOOOIOOOIOOOIOOOIOOOIOOOIOOOIOOOIOOOIOOOIOOOOO
OOOOOOOOOOOOOOOOOOOOOOOOOOOOOOOOOOOOOOOOOOOOOOOOOO
IOOOIOOOIOOOIOOOIOOOIOOOIOOOIOOOIOOOIOOOIOOOIOOOOO
OOOOOOOOOOOOOOOOOOOOOOOOOOOOOOOOOOOOOOOOOOOOOOOOOO
IOOOIOOOIOOOIOOOIOOOIOOOIOOOIOOOIOOOIOOOIOOOIOOOOO
OOOOOOOOOOOOOOOOOOOOOOOOOOOOOOOOOOOOOOOOOOOOOOOOOO
IOOOIOOOIOOOIOOOIOOOIOOOIOOOIOOOIOOOIOOOIOOOIOOOOO
OOOOOOOOOOOOOOOOOOOOOOOOOOOOOOOOOOOOOOOOOOOOOOOOOO
IOOOIOOOIOOOIOOOIOOOI/OOI/OOI/OOI/OOI/OOI/OOI/OOOO
OOOOOOOOOOOOOOOOOOOOOOOOOOOOOOOOOOOOOOOOOOOOOOOOOO
I/OOI/OOI/OOI/OOI/OOI/OOI/OOI/OOI/OOI/OOI/OOI/OOOO
OOOOOOOOOOOOOOOOOOOOOOOOOOOOOOOOOOOOOOOOOOOOOOOOOO
I/OOI/OOI/OOI/OOI/OOI/OOI/OOI/OOI/OOI/OOI/OOI/OOOO
OOOOOOOOOOOOOOOOOOOOOOOOOOOOOOOOOOOOOOOOOOOOOOOOOO
I/OOI/OOI/OOI/OOI/OOI/OOI/OOI/OOI/OOI/OOI/OOI/OOOO
OOOOOOOOOOOOOOOOOOOOOOOOOOOOOOOOOOOOOOOOOOOOOOOOOO
I/OOI/OOI/OOI/OOI/OOI/OOI/OOI/OOI/OOI/OOI/OOI/OOOO
OOOOOOOOOOOOOOOOOOOOOOOOOOOOOOOOOOOOOOOOOOOOOOOOOO
I/OOI/OOI/OOI/OOI/OOI/OOI/OOI/OOI/OOI/OOI/OOI/OOOO
OOOOOOOOOOOOOOOOOOOOOOOOOOOOOOOOOOOOOOOOOOOOOOOOOO
I/OOI/OOI/OOI/OOI/OOI/OOI/OOI/OOI/OOI/OOI/OOI/OOOO
OOOOOOOOOOOOOOOOOOOOOOOOOOOOOOOOOOOOOOOOOOOOOOOOOO
I/OOI/OOI/OOI/OOI/OOI/OOI/OOI/OOI/OOI/OOI/OOI/OOOO
OOOOOOOOOOOOOOOOOOOOOOOOOOOOOOOOOOOOOOOOOOOOOOOOOO
I/OOI/OOI/OOI/OOI/OOI/OOI/OOI/OOI/OOI/OOI/OOI/OOOO
OOOOOOOOOOOOOOOOOOOOOOOOOOOOOOOOOOOOOOOOOOOOOOOOOO
I/OOI/OOI/OOI/OOI/OOI/OOI/OOI/OOI/OOI/OOI/OOI/OOOO
OOOOOOOOOOOOOOOOOOOOOOOOOOOOOOOOOOOOOOOOOOOOOOOOOO
I/OOI/OOI/OOI/OOI/OOI/OOI/OOI/OOI/OOI/OOI/OOI/OOOO
OOOOOOOOOOOOOOOOOOOOOOOOOOOOOOOOOOOOOOOOOOOOOOOOOO
I/OOI/OOI/OOI/OOI/OOI/OOI/OOI/OOI/OOI/OOI/OOI/OOOO
OOOOOOOOOOOOOOOOOOOOOOOOOOOOOOOOOOOOOOOOOOOOOOOOOO
I/OOI/OOI/OOI/OOI/OOI/OOI/OOI/OOI/OOI/OOI/OOI/OOOO
OOOOOOOOOOOOOOOOOOOOOOOOOOOOOOOOOOOOOOOOOOOOOOOOOO
I/OOI/OOI/OOI/OOI/OOI/OOI/OOI/OOI/OOI/OOI/OOI/OOOO
OOOOOOOOOOOOOOOOOOOOOOOOOOOOOOOOOOOOOOOOOOOOOOOOOO
Case #11:
IOOOIOOOIOOOIOOOIOOOIOOOIOOOIOOOIOOOIOOOIOOOIOOOOO
OOOOOOOOOOOOOOOOOOOOOOOOOOOOOOOOOOOOOOOOOOOOOOOOOO
IOOOIOOOIOOOIOOOIOOOIOOOIOOOIOOOIOOOIOOOIOOOIOOOOO
OOOOOOOOOOOOOOOOOOOOOOOOOOOOOOOOOOOOOOOOOOOOOOOOOO
IOOOIOOOIOOOIOOOIOOOIOOOIOOOIOOOIOOOI/OOI/OOI/OOOO
OOOOOOOOOOOOOOOOOOOOOOOOOOOOOOOOOOOOOOOOOOOOOOOOOO
I/OOI/OOI/OOI/OOI/OOI/OOI/OOI/OOI/OOI/OOI/OOI/OOOO
OOOOOOOOOOOOOOOOOOOOOOOOOOOOOOOOOOOOOOOOOOOOOOOOOO
I/OOI/OOI/OOI/OOI/OOI/OOI/OOI/OOI/OOI/OOI/OOI/OOOO
OOOOOOOOOOOOOOOOOOOOOOOOOOOOOOOOOOOOOOOOOOOOOOOOOO
I/OOI/OOI/OOI/OOI/OOI/OOI/OOI/OOI/OOI/OOI/OOI/OOOO
OOOOOOOOOOOOOOOOOOOOOOOOOOOOOOOOOOOOOOOOOOOOOOOOOO
I/OOI/OOI/OOI/OOI/OOI/OOI/OOI/OOI/OOI/OOI/OOI/OOOO
OOOOOOOOOOOOOOOOOOOOOOOOOOOOOOOOOOOOOOOOOOOOOOOOOO
I/OOI/OOI/OOI/OOI/OOI/OOI/OOI/OOI/OOI/OOI/OOI/OOOO
OOOOOOOOOOOOOOOOOOOOOOOOOOOOOOOOOOOOOOOOOOOOOOOOOO
I/OOI/OOI/OOI/OOI/OOI/OOI/OOI/OOI/OOI/OOI/OOI/OOOO
OOOOOOOOOOOOOOOOOOOOOOOOOOOOOOOOOOOOOOOOOOOOOOOOOO
I/OOI/OOI/OOI/OOI/OOI/OOI/OOI/OOI/OOI/OOI/OOI/OOOO
OOOOOOOOOOOOOOOOOOOOOOOOOOOOOOOOOOOOOOOOOOOOOOOOOO
I/OOI/OOI/OOI/OOI/OOI/OOI/OOI/OOI/OOI/OOI/OOI/OOOO
OOOOOOOOOOOOOOOOOOOOOOOOOOOOOOOOOOOOOOOOOOOOOOOOOO
I/OOI/OOI/OOI/OOI/OOI/OOI/OOI/OOI/OOI/OOI/OOI/OOOO
OOOOOOOOOOOOOOOOOOOOOOOOOOOOOOOOOOOOOOOOOOOOOOOOOO
I/OOI/OOI/OOI/OOI/OOI/OOI/OOI/OOI/OOI/OOI/OOI/OOOO
OOOOOOOOOOOOOOOOOOOOOOOOOOOOOOOOOOOOOOOOOOOOOOOOOO
I/OOI/OOI/OOI/OOI/OOI/OOI/OOI/OOI/OOI/OOI/OOI/OOOO
OOOOOOOOOOOOOOOOOOOOOOOOOOOOOOOOOOOOOOOOOOOOOOOOOO
I/OOI/OOI/OOI/OOI/OOI/OOI/OOI/OOI/OOI/OOI/OOI/OOOO
OOOOOOOOOOOOOOOOOOOOOOOOOOOOOOOOOOOOOOOOOOOOOOOOOO
I/OOI/OOI/OOI/OOI/OOI/OOI/OOI/OOI/OOI/OOI/OOI/OOOO
OOOOOOOOOOOOOOOOOOOOOOOOOOOOOOOOOOOOOOOOOOOOOOOOOO
I/OOI/OOI/OOI/OOI/OOI/OOI/OOI/OOI/OOI/OOI/OOI/OOOO
OOOOOOOOOOOOOOOOOOOOOOOOOOOOOOOOOOOOOOOOOOOOOOOOOO
I/OOI/OOI/OOI/OOI/OOI/OOI/OOI/OOI/OOI/OOI/OOI/OOOO
OOOOOOOOOOOOOOOOOOOOOOOOOOOOOOOOOOOOOOOOOOOOOOOOOO
I/OOI/OOI/OOI/OOI/OOI/OOI/OOI/OOI/OOI/OOI/OOI/OOOO
OOOOOOOOOOOOOOOOOOOOOOOOOOOOOOOOOOOOOOOOOOOOOOOOOO
I/OOI/OOI/OOI/OOI/OOI/OOI/OOI/OOI/OOI/OOI/OOI/OOOO
OOOOOOOOOOOOOOOOOOOOOOOOOOOOOOOOOOOOOOOOOOOOOOOOOO
I/OOI/OOI/OOI/OOI/OOI/OOI/OOI/OOI/OOI/OOI/OOI/OOOO
OOOOOOOOOOOOOOOOOOOOOOOOOOOOOOOOOOOOOOOOOOOOOOOOOO
I/OOI/OOI/OOI/OOI/OOI/OOI/OOI/OOI/OOI/OOI/OOI/OOOO
OOOOOOOOOOOOOOOOOOOOOOOOOOOOOOOOOOOOOOOOOOOOOOOOOO
I/OOI/OOI/OOI/OOI/OOI/OOI/OOI/OOI/OOI/OOI/OOI/OOOO
OOOOOOOOOOOOOOOOOOOOOOOOOOOOOOOOOOOOOOOOOOOOOOOOOO
I/OOI/OOI/OOI/OOI/OOI/OOI/OOI/OOI/OOI/OOI/OOI/OOOO
OOOOOOOOOOOOOOOOOOOOOOOOOOOOOOOOOOOOOOOOOOOOOOOOOO
I/OOI/OOI/OOI/OOI/OOI/OOI/OOI/OOI/OOI/OOI/OOI/OOOO
OOOOOOOOOOOOOOOOOOOOOOOOOOOOOOOOOOOOOOOOOOOOOOOOOO
Case #12:
IOOOIOOOIOOOIOOOIOOOIOOOIOOOIOOOIOOOIOOOIOOOIOOOOO
OOOOOOOOOOOOOOOOOOOOOOOOOOOOOOOOOOOOOOOOOOOOOOOOOO
IOOOIOOOIOOOIOOOIOOOIOOOIOOOIOOOIOOOIOOOIOOOIOOOOO
OOOOOOOOOOOOOOOOOOOOOOOOOOOOOOOOOOOOOOOOOOOOOOOOOO
IOOOIOOOIOOOIOOOIOOOIOOOIOOOIOOOIOOOIOOOIOOOIOOOOO
OOOOOOOOOOOOOOOOOOOOOOOOOOOOOOOOOOOOOOOOOOOOOOOOOO
IOOOIOOOIOOOIOOOIOOOIOOOIOOOIOOOIOOOIOOOIOOOIOOOOO
OOOOOOOOOOOOOOOOOOOOOOOOOOOOOOOOOOOOOOOOOOOOOOOOOO
IOOOIOOOIOOOIOOOIOOOIOOOIOOOIOOOIOOOIOOOIOOOIOOOOO
OOOOOOOOOOOOOOOOOOOOOOOOOOOOOOOOOOOOOOOOOOOOOOOOOO
IOOOIOOOIOOOIOOOIOOOIOOOIOOOIOOOIOOOIOOOIOOOIOOOOO
OOOOOOOOOOOOOOOOOOOOOOOOOOOOOOOOOOOOOOOOOOOOOOOOOO
IOOOIOOOIOOOIOOOIOOOIOOOIOOOIOOOIOOOIOOOIOOOIOOOOO
OOOOOOOOOOOOOOOOOOOOOOOOOOOOOOOOOOOOOOOOOOOOOOOOOO
IOOOIOOOIOOOIOOOIOOOIOOOIOOOIOOOIOOOIOOOIOOOIOOOOO
OOOOOOOOOOOOOOOOOOOOOOOOOOOOOOOOOOOOOOOOOOOOOOOOOO
IOOOIOOOIOOOIOOOIOOOIOOOIOOOI/OOI/OOI/OOI/OOI/OOOO
OOOOOOOOOOOOOOOOOOOOOOOOOOOOOOOOOOOOOOOOOOOOOOOOOO
I/OOI/OOI/OOI/OOI/OOI/OOI/OOI/OOI/OOI/OOI/OOI/OOOO
OOOOOOOOOOOOOOOOOOOOOOOOOOOOOOOOOOOOOOOOOOOOOOOOOO
I/OOI/OOI/OOI/OOI/OOI/OOI/OOI/OOI/OOI/OOI/OOI/OOOO
OOOOOOOOOOOOOOOOOOOOOOOOOOOOOOOOOOOOOOOOOOOOOOOOOO
I/OOI/OOI/OOI/OOI/OOI/OOI/OOI/OOI/OOI/OOI/OOI/OOOO
OOOOOOOOOOOOOOOOOOOOOOOOOOOOOOOOOOOOOOOOOOOOOOOOOO
I/OOI/OOI/OOI/OOI/OOI/OOI/OOI/OOI/OOI/OOI/OOI/OOOO
OOOOOOOOOOOOOOOOOOOOOOOOOOOOOOOOOOOOOOOOOOOOOOOOOO
I/OOI/OOI/OOI/OOI/OOI/OOI/OOI/OOI/OOI/OOI/OOI/OOOO
OOOOOOOOOOOOOOOOOOOOOOOOOOOOOOOOOOOOOOOOOOOOOOOOOO
I/OOI/OOI/OOI/OOI/OOI/OOI/OOI/OOI/OOI/OOI/OOI/OOOO
OOOOOOOOOOOOOOOOOOOOOOOOOOOOOOOOOOOOOOOOOOOOOOOOOO
I/OOI/OOI/OOI/OOI/OOI/OOI/OOI/OOI/OOI/OOI/OOI/OOOO
OOOOOOOOOOOOOOOOOOOOOOOOOOOOOOOOOOOOOOOOOOOOOOOOOO
I/OOI/OOI/OOI/OOI/OOI/OOI/OOI/OOI/OOI/OOI/OOI/OOOO
OOOOOOOOOOOOOOOOOOOOOOOOOOOOOOOOOOOOOOOOOOOOOOOOOO
I/OOI/OOI/OOI/OOI/OOI/OOI/OOI/OOI/OOI/OOI/OOI/OOOO
OOOOOOOOOOOOOOOOOOOOOOOOOOOOOOOOOOOOOOOOOOOOOOOOOO
I/OOI/OOI/OOI/OOI/OOI/OOI/OOI/OOI/OOI/OOI/OOI/OOOO
OOOOOOOOOOOOOOOOOOOOOOOOOOOOOOOOOOOOOOOOOOOOOOOOOO
I/OOI/OOI/OOI/OOI/OOI/OOI/OOI/OOI/OOI/OOI/OOI/OOOO
OOOOOOOOOOOOOOOOOOOOOOOOOOOOOOOOOOOOOOOOOOOOOOOOOO
I/OOI/OOI/OOI/OOI/OOI/OOI/OOI/OOI/OOI/OOI/OOI/OOOO
OOOOOOOOOOOOOOOOOOOOOOOOOOOOOOOOOOOOOOOOOOOOOOOOOO
I/OOI/OOI/OOI/OOI/OOI/OOI/OOI/OOI/OOI/OOI/OOI/OOOO
OOOOOOOOOOOOOOOOOOOOOOOOOOOOOOOOOOOOOOOOOOOOOOOOOO
I/OOI/OOI/OOI/OOI/OOI/OOI/OOI/OOI/OOI/OOI/OOI/OOOO
OOOOOOOOOOOOOOOOOOOOOOOOOOOOOOOOOOOOOOOOOOOOOOOOOO
I/OOI/OOI/OOI/OOI/OOI/OOI/OOI/OOI/OOI/OOI/OOI/OOOO
OOOOOOOOOOOOOOOOOOOOOOOOOOOOOOOOOOOOOOOOOOOOOOOOOO
I/OOI/OOI/OOI/OOI/OOI/OOI/OOI/OOI/OOI/OOI/OOI/OOOO
OOOOOOOOOOOOOOOOOOOOOOOOOOOOOOOOOOOOOOOOOOOOOOOOOO
Case #13:
IOOOIOOOIOOOIOOOIOOOIOOOIOOOIOOOIOOOIOOOIOOOIOOOOO
OOOOOOOOOOOOOOOOOOOOOOOOOOOOOOOOOOOOOOOOOOOOOOOOOO
IOOOIOOOI/OOI/OOI/OOI/OOI/OOI/OOI/OOI/OOI/OOI/OOOO
OOOOOOOOOOOOOOOOOOOOOOOOOOOOOOOOOOOOOOOOOOOOOOOOOO
I/OOI/OOI/OOI/OOI/OOI/OOI/OOI/OOI/OOI/OOI/OOI/OOOO
OOOOOOOOOOOOOOOOOOOOOOOOOOOOOOOOOOOOOOOOOOOOOOOOOO
I/OOI/OOI/OOI/OOI/OOI/OOI/OOI/OOI/OOI/OOI/OOI/OOOO
OOOOOOOOOOOOOOOOOOOOOOOOOOOOOOOOOOOOOOOOOOOOOOOOOO
I/OOI/OOI/OOI/OOI/OOI/OOI/OOI/OOI/OOI/OOI/OOI/OOOO
OOOOOOOOOOOOOOOOOOOOOOOOOOOOOOOOOOOOOOOOOOOOOOOOOO
I/OOI/OOI/OOI/OOI/OOI/OOI/OOI/OOI/OOI/OOI/OOI/OOOO
OOOOOOOOOOOOOOOOOOOOOOOOOOOOOOOOOOOOOOOOOOOOOOOOOO
I/OOI/OOI/OOI/OOI/OOI/OOI/OOI/OOI/OOI/OOI/OOI/OOOO
OOOOOOOOOOOOOOOOOOOOOOOOOOOOOOOOOOOOOOOOOOOOOOOOOO
I/OOI/OOI/OOI/OOI/OOI/OOI/OOI/OOI/OOI/OOI/OOI/OOOO
OOOOOOOOOOOOOOOOOOOOOOOOOOOOOOOOOOOOOOOOOOOOOOOOOO
I/OOI/OOI/OOI/OOI/OOI/OOI/OOI/OOI/OOI/OOI/OOI/OOOO
OOOOOOOOOOOOOOOOOOOOOOOOOOOOOOOOOOOOOOOOOOOOOOOOOO
I/OOI/OOI/OOI/OOI/OOI/OOI/OOI/OOI/OOI/OOI/OOI/OOOO
OOOOOOOOOOOOOOOOOOOOOOOOOOOOOOOOOOOOOOOOOOOOOOOOOO
I/OOI/OOI/OOI/OOI/OOI/OOI/OOI/OOI/OOI/OOI/OOI/OOOO
OOOOOOOOOOOOOOOOOOOOOOOOOOOOOOOOOOOOOOOOOOOOOOOOOO
I/OOI/OOI/OOI/OOI/OOI/OOI/OOI/OOI/OOI/OOI/OOI/OOOO
OOOOOOOOOOOOOOOOOOOOOOOOOOOOOOOOOOOOOOOOOOOOOOOOOO
I/OOI/OOI/OOI/OOI/OOI/OOI/OOI/OOI/OOI/OOI/OOI/OOOO
OOOOOOOOOOOOOOOOOOOOOOOOOOOOOOOOOOOOOOOOOOOOOOOOOO
I/OOI/OOI/OOI/OOI/OOI/OOI/OOI/OOI/OOI/OOI/OOI/OOOO
OOOOOOOOOOOOOOOOOOOOOOOOOOOOOOOOOOOOOOOOOOOOOOOOOO
I/OOI/OOI/OOI/OOI/OOI/OOI/OOI/OOI/OOI/OOI/OOI/OOOO
OOOOOOOOOOOOOOOOOOOOOOOOOOOOOOOOOOOOOOOOOOOOOOOOOO
I/OOI/OOI/OOI/OOI/OOI/OOI/OOI/OOI/OOI/OOI/OOI/OOOO
OOOOOOOOOOOOOOOOOOOOOOOOOOOOOOOOOOOOOOOOOOOOOOOOOO
I/OOI/OOI/OOI/OOI/OOI/OOI/OOI/OOI/OOI/OOI/OOI/OOOO
OOOOOOOOOOOOOOOOOOOOOOOOOOOOOOOOOOOOOOOOOOOOOOOOOO
I/OOI/OOI/OOI/OOI/OOI/OOI/OOI/OOI/OOI/OOI/OOI/OOOO
OOOOOOOOOOOOOOOOOOOOOOOOOOOOOOOOOOOOOOOOOOOOOOOOOO
I/OOI/OOI/OOI/OOI/OOI/OOI/OOI/OOI/OOI/OOI/OOI/OOOO
OOOOOOOOOOOOOOOOOOOOOOOOOOOOOOOOOOOOOOOOOOOOOOOOOO
I/OOI/OOI/OOI/OOI/OOI/OOI/OOI/OOI/OOI/OOI/OOI/OOOO
OOOOOOOOOOOOOOOOOOOOOOOOOOOOOOOOOOOOOOOOOOOOOOOOOO
I/OOI/OOI/OOI/OOI/OOI/OOI/OOI/OOI/OOI/OOI/OOI/OOOO
OOOOOOOOOOOOOOOOOOOOOOOOOOOOOOOOOOOOOOOOOOOOOOOOOO
I/OOI/OOI/OOI/OOI/OOI/OOI/OOI/OOI/OOI/OOI/OOI/OOOO
OOOOOOOOOOOOOOOOOOOOOOOOOOOOOOOOOOOOOOOOOOOOOOOOOO
I/OOI/OOI/OOI/OOI/OOI/OOI/OOI/OOI/OOI/OOI/OOI/OOOO
OOOOOOOOOOOOOOOOOOOOOOOOOOOOOOOOOOOOOOOOOOOOOOOOOO
I/OOI/OOI/OOI/OOI/OOI/OOI/OOI/OOI/OOI/OOI/OOI/OOOO
OOOOOOOOOOOOOOOOOOOOOOOOOOOOOOOOOOOOOOOOOOOOOOOOOO
I/OOI/OOI/OOI/OOI/OOI/OOI/OOI/OOI/OOI/OOI/OOI/OOOO
OOOOOOOOOOOOOOOOOOOOOOOOOOOOOOOOOOOOOOOOOOOOOOOOOO
Case #14:
IOOOIOOOIOOOIOOOIOOOIOOOIOOOIOOOIOOOIOOOIOOOIOOOOO
OOOOOOOOOOOOOOOOOOOOOOOOOOOOOOOOOOOOOOOOOOOOOOOOOO
IOOOIOOOIOOOIOOOIOOOIOOOIOOOIOOOIOOOIOOOIOOOIOOOOO
OOOOOOOOOOOOOOOOOOOOOOOOOOOOOOOOOOOOOOOOOOOOOOOOOO
IOOOIOOOIOOOIOOOIOOOIOOOIOOOIOOOIOOOIOOOIOOOIOOOOO
OOOOOOOOOOOOOOOOOOOOOOOOOOOOOOOOOOOOOOOOOOOOOOOOOO
IOOOIOOOIOOOIOOOIOOOIOOOIOOOIOOOIOOOIOOOIOOOIOOOOO
OOOOOOOOOOOOOOOOOOOOOOOOOOOOOOOOOOOOOOOOOOOOOOOOOO
IOOOIOOOIOOOIOOOIOOOIOOOIOOOIOOOIOOOIOOOIOOOIOOOOO
OOOOOOOOOOOOOOOOOOOOOOOOOOOOOOOOOOOOOOOOOOOOOOOOOO
IOOOIOOOIOOOIOOOIOOOIOOOIOOOIOOOIOOOIOOOIOOOIOOOOO
OOOOOOOOOOOOOOOOOOOOOOOOOOOOOOOOOOOOOOOOOOOOOOOOOO
IOOOIOOOIOOOIOOOIOOOIOOOIOOOIOOOIOOOIOOOIOOOIOOOOO
OOOOOOOOOOOOOOOOOOOOOOOOOOOOOOOOOOOOOOOOOOOOOOOOOO
IOOOIOOOIOOOIOOOIOOOIOOOIOOOIOOOIOOOIOOOIOOOIOOOOO
OOOOOOOOOOOOOOOOOOOOOOOOOOOOOOOOOOOOOOOOOOOOOOOOOO
IOOOIOOOIOOOIOOOIOOOIOOOIOOOIOOOIOOOIOOOIOOOIOOOOO
OOOOOOOOOOOOOOOOOOOOOOOOOOOOOOOOOOOOOOOOOOOOOOOOOO
IOOOIOOOIOOOIOOOIOOOIOOOIOOOIOOOIOOOIOOOIOOOIOOOOO
OOOOOOOOOOOOOOOOOOOOOOOOOOOOOOOOOOOOOOOOOOOOOOOOOO
IOOOIOOOIOOOIOOOIOOOIOOOIOOOIOOOIOOOIOOOIOOOIOOOOO
OOOOOOOOOOOOOOOOOOOOOOOOOOOOOOOOOOOOOOOOOOOOOOOOOO
IOOOIOOOIOOOIOOOIOOOIOOOIOOOIOOOIOOOIOOOIOOOIOOOOO
OOOOOOOOOOOOOOOOOOOOOOOOOOOOOOOOOOOOOOOOOOOOOOOOOO
IOOOIOOOIOOOIOOOIOOOIOOOIOOOIOOOIOOOIOOOIOOOIOOOOO
OOOOOOOOOOOOOOOOOOOOOOOOOOOOOOOOOOOOOOOOOOOOOOOOOO
IOOOIOOOIOOOIOOOIOOOIOOOIOOOIOOOIOOOIOOOIOOOIOOOOO
OOOOOOOOOOOOOOOOOOOOOOOOOOOOOOOOOOOOOOOOOOOOOOOOOO
IOOOIOOOIOOOIOOOIOOOIOOOIOOOIOOOIOOOIOOOIOOOIOOOOO
OOOOOOOOOOOOOOOOOOOOOOOOOOOOOOOOOOOOOOOOOOOOOOOOOO
IOOOIOOOIOOOIOOOIOOOIOOOIOOOIOOOIOOOIOOOIOOOIOOOOO
OOOOOOOOOOOOOOOOOOOOOOOOOOOOOOOOOOOOOOOOOOOOOOOOOO
IOOOIOOOIOOOIOOOIOOOIOOOIOOOIOOOIOOOIOOOIOOOIOOOOO
OOOOOOOOOOOOOOOOOOOOOOOOOOOOOOOOOOOOOOOOOOOOOOOOOO
IOOOIOOOIOOOIOOOIOOOIOOOIOOOIOOOIOOOIOOOIOOOIOOOOO
OOOOOOOOOOOOOOOOOOOOOOOOOOOOOOOOOOOOOOOOOOOOOOOOOO
IOOOIOOOIOOOIOOOIOOOIOOOIOOOIOOOIOOOIOOOIOOOIOOOOO
OOOOOOOOOOOOOOOOOOOOOOOOOOOOOOOOOOOOOOOOOOOOOOOOOO
IOOOIOOOIOOOIOOOIOOOIOOOIOOOIOOOIOOOIOOOIOOOIOOOOO
OOOOOOOOOOOOOOOOOOOOOOOOOOOOOOOOOOOOOOOOOOOOOOOOOO
IOOOIOOOIOOOIOOOIOOOIOOOIOOOIOOOIOOOIOOOIOOOIOOOOO
OOOOOOOOOOOOOOOOOOOOOOOOOOOOOOOOOOOOOOOOOOOOOOOOOO
IOOOIOOOIOOOIOOOIOOOIOOOIOOOIOOOIOOOIOOOIOOOIOOOOO
OOOOOOOOOOOOOOOOOOOOOOOOOOOOOOOOOOOOOOOOOOOOOOOOOO
IOOOIOOOIOOOIOOOIOOOIOOOIOOOIOOOIOOOIOOOIOOOIOOOOO
OOOOOOOOOOOOOOOOOOOOOOOOOOOOOOOOOOOOOOOOOOOOOOOOOO
IOOOIOOOIOOOIOOOIOOOIOOOIOOOIOOOI/OOI/OOI/OOI/OOOO
OOOOOOOOOOOOOOOOOOOOOOOOOOOOOOOOOOOOOOOOOOOOOOOOOO
I/OOI/OOI/OOI/OOI/OOI/OOI/OOI/OOI/OOI/OOI/OOI/OOOO
OOOOOOOOOOOOOOOOOOOOOOOOOOOOOOOOOOOOOOOOOOOOOOOOOO
Case #15:
IOOOIOOOIOOOIOOOIOOOIOOOIOOOIOOOIOOOIOOOIOOOIOOOOO
OOOOOOOOOOOOOOOOOOOOOOOOOOOOOOOOOOOOOOOOOOOOOOOOOO
IOOOIOOOIOOOIOOOIOOOIOOOIOOOIOOOIOOOIOOOIOOOIOOOOO
OOOOOOOOOOOOOOOOOOOOOOOOOOOOOOOOOOOOOOOOOOOOOOOOOO
IOOOIOOOIOOOIOOOIOOOIOOOIOOOIOOOIOOOIOOOIOOOIOOOOO
OOOOOOOOOOOOOOOOOOOOOOOOOOOOOOOOOOOOOOOOOOOOOOOOOO
IOOOIOOOIOOOIOOOIOOOIOOOIOOOIOOOIOOOIOOOIOOOIOOOOO
OOOOOOOOOOOOOOOOOOOOOOOOOOOOOOOOOOOOOOOOOOOOOOOOOO
IOOOIOOOIOOOIOOOIOOOIOOOIOOOIOOOIOOOIOOOIOOOIOOOOO
OOOOOOOOOOOOOOOOOOOOOOOOOOOOOOOOOOOOOOOOOOOOOOOOOO
IOOOIOOOIOOOIOOOIOOOIOOOIOOOIOOOIOOOIOOOIOOOIOOOOO
OOOOOOOOOOOOOOOOOOOOOOOOOOOOOOOOOOOOOOOOOOOOOOOOOO
IOOOIOOOIOOOIOOOIOOOIOOOIOOOIOOOIOOOIOOOIOOOIOOOOO
OOOOOOOOOOOOOOOOOOOOOOOOOOOOOOOOOOOOOOOOOOOOOOOOOO
IOOOIOOOIOOOIOOOIOOOIOOOIOOOIOOOIOOOIOOOIOOOIOOOOO
OOOOOOOOOOOOOOOOOOOOOOOOOOOOOOOOOOOOOOOOOOOOOOOOOO
IOOOIOOOIOOOIOOOIOOOIOOOIOOOIOOOIOOOIOOOIOOOIOOOOO
OOOOOOOOOOOOOOOOOOOOOOOOOOOOOOOOOOOOOOOOOOOOOOOOOO
IOOOIOOOIOOOIOOOIOOOIOOOIOOOIOOOIOOOIOOOIOOOIOOOOO
OOOOOOOOOOOOOOOOOOOOOOOOOOOOOOOOOOOOOOOOOOOOOOOOOO
IOOOIOOOIOOOIOOOIOOOIOOOIOOOIOOOIOOOIOOOIOOOIOOOOO
OOOOOOOOOOOOOOOOOOOOOOOOOOOOOOOOOOOOOOOOOOOOOOOOOO
IOOOIOOOIOOOIOOOIOOOIOOOIOOOIOOOIOOOIOOOIOOOIOOOOO
OOOOOOOOOOOOOOOOOOOOOOOOOOOOOOOOOOOOOOOOOOOOOOOOOO
IOOOIOOOIOOOIOOOIOOOIOOOIOOOIOOOIOOOIOOOIOOOIOOOOO
OOOOOOOOOOOOOOOOOOOOOOOOOOOOOOOOOOOOOOOOOOOOOOOOOO
IOOOIOOOIOOOIOOOIOOOIOOOIOOOIOOOIOOOIOOOIOOOIOOOOO
OOOOOOOOOOOOOOOOOOOOOOOOOOOOOOOOOOOOOOOOOOOOOOOOOO
IOOOIOOOIOOOIOOOIOOOIOOOIOOOI/OOI/OOI/OOI/OOI/OOOO
OOOOOOOOOOOOOOOOOOOOOOOOOOOOOOOOOOOOOOOOOOOOOOOOOO
I/OOI/OOI/OOI/OOI/OOI/OOI/OOI/OOI/OOI/OOI/OOI/OOOO
OOOOOOOOOOOOOOOOOOOOOOOOOOOOOOOOOOOOOOOOOOOOOOOOOO
I/OOI/OOI/OOI/OOI/OOI/OOI/OOI/OOI/OOI/OOI/OOI/OOOO
OOOOOOOOOOOOOOOOOOOOOOOOOOOOOOOOOOOOOOOOOOOOOOOOOO
I/OOI/OOI/OOI/OOI/OOI/OOI/OOI/OOI/OOI/OOI/OOI/OOOO
OOOOOOOOOOOOOOOOOOOOOOOOOOOOOOOOOOOOOOOOOOOOOOOOOO
I/OOI/OOI/OOI/OOI/OOI/OOI/OOI/OOI/OOI/OOI/OOI/OOOO
OOOOOOOOOOOOOOOOOOOOOOOOOOOOOOOOOOOOOOOOOOOOOOOOOO
I/OOI/OOI/OOI/OOI/OOI/OOI/OOI/OOI/OOI/OOI/OOI/OOOO
OOOOOOOOOOOOOOOOOOOOOOOOOOOOOOOOOOOOOOOOOOOOOOOOOO
I/OOI/OOI/OOI/OOI/OOI/OOI/OOI/OOI/OOI/OOI/OOI/OOOO
OOOOOOOOOOOOOOOOOOOOOOOOOOOOOOOOOOOOOOOOOOOOOOOOOO
I/OOI/OOI/OOI/OOI/OOI/OOI/OOI/OOI/OOI/OOI/OOI/OOOO
OOOOOOOOOOOOOOOOOOOOOOOOOOOOOOOOOOOOOOOOOOOOOOOOOO
I/OOI/OOI/OOI/OOI/OOI/OOI/OOI/OOI/OOI/OOI/OOI/OOOO
OOOOOOOOOOOOOOOOOOOOOOOOOOOOOOOOOOOOOOOOOOOOOOOOOO
I/OOI/OOI/OOI/OOI/OOI/OOI/OOI/OOI/OOI/OOI/OOI/OOOO
OOOOOOOOOOOOOOOOOOOOOOOOOOOOOOOOOOOOOOOOOOOOOOOOOO
I/OOI/OOI/OOI/OOI/OOI/OOI/OOI/OOI/OOI/OOI/OOI/OOOO
OOOOOOOOOOOOOOOOOOOOOOOOOOOOOOOOOOOOOOOOOOOOOOOOOO
Case #16:
IOOOIOOOIOOOIOOOIOOOIOOOIOOOIOOOIOOOIOOOIOOOIOOOOO
OOOOOOOOOOOOOOOOOOOOOOOOOOOOOOOOOOOOOOOOOOOOOOOOOO
IOOOIOOOIOOOIOOOIOOOIOOOIOOOIOOOIOOOIOOOIOOOIOOOOO
OOOOOOOOOOOOOOOOOOOOOOOOOOOOOOOOOOOOOOOOOOOOOOOOOO
IOOOIOOOIOOOIOOOIOOOIOOOIOOOIOOOIOOOIOOOIOOOIOOOOO
OOOOOOOOOOOOOOOOOOOOOOOOOOOOOOOOOOOOOOOOOOOOOOOOOO
IOOOIOOOIOOOIOOOIOOOIOOOIOOOIOOOIOOOIOOOIOOOIOOOOO
OOOOOOOOOOOOOOOOOOOOOOOOOOOOOOOOOOOOOOOOOOOOOOOOOO
IOOOIOOOIOOOIOOOIOOOIOOOIOOOIOOOIOOOIOOOIOOOIOOOOO
OOOOOOOOOOOOOOOOOOOOOOOOOOOOOOOOOOOOOOOOOOOOOOOOOO
IOOOI/OOI/OOI/OOI/OOI/OOI/OOI/OOI/OOI/OOI/OOI/OOOO
OOOOOOOOOOOOOOOOOOOOOOOOOOOOOOOOOOOOOOOOOOOOOOOOOO
I/OOI/OOI/OOI/OOI/OOI/OOI/OOI/OOI/OOI/OOI/OOI/OOOO
OOOOOOOOOOOOOOOOOOOOOOOOOOOOOOOOOOOOOOOOOOOOOOOOOO
I/OOI/OOI/OOI/OOI/OOI/OOI/OOI/OOI/OOI/OOI/OOI/OOOO
OOOOOOOOOOOOOOOOOOOOOOOOOOOOOOOOOOOOOOOOOOOOOOOOOO
I/OOI/OOI/OOI/OOI/OOI/OOI/OOI/OOI/OOI/OOI/OOI/OOOO
OOOOOOOOOOOOOOOOOOOOOOOOOOOOOOOOOOOOOOOOOOOOOOOOOO
I/OOI/OOI/OOI/OOI/OOI/OOI/OOI/OOI/OOI/OOI/OOI/OOOO
OOOOOOOOOOOOOOOOOOOOOOOOOOOOOOOOOOOOOOOOOOOOOOOOOO
I/OOI/OOI/OOI/OOI/OOI/OOI/OOI/OOI/OOI/OOI/OOI/OOOO
OOOOOOOOOOOOOOOOOOOOOOOOOOOOOOOOOOOOOOOOOOOOOOOOOO
I/OOI/OOI/OOI/OOI/OOI/OOI/OOI/OOI/OOI/OOI/OOI/OOOO
OOOOOOOOOOOOOOOOOOOOOOOOOOOOOOOOOOOOOOOOOOOOOOOOOO
I/OOI/OOI/OOI/OOI/OOI/OOI/OOI/OOI/OOI/OOI/OOI/OOOO
OOOOOOOOOOOOOOOOOOOOOOOOOOOOOOOOOOOOOOOOOOOOOOOOOO
I/OOI/OOI/OOI/OOI/OOI/OOI/OOI/OOI/OOI/OOI/OOI/OOOO
OOOOOOOOOOOOOOOOOOOOOOOOOOOOOOOOOOOOOOOOOOOOOOOOOO
I/OOI/OOI/OOI/OOI/OOI/OOI/OOI/OOI/OOI/OOI/OOI/OOOO
OOOOOOOOOOOOOOOOOOOOOOOOOOOOOOOOOOOOOOOOOOOOOOOOOO
I/OOI/OOI/OOI/OOI/OOI/OOI/OOI/OOI/OOI/OOI/OOI/OOOO
OOOOOOOOOOOOOOOOOOOOOOOOOOOOOOOOOOOOOOOOOOOOOOOOOO
I/OOI/OOI/OOI/OOI/OOI/OOI/OOI/OOI/OOI/OOI/OOI/OOOO
OOOOOOOOOOOOOOOOOOOOOOOOOOOOOOOOOOOOOOOOOOOOOOOOOO
I/OOI/OOI/OOI/OOI/OOI/OOI/OOI/OOI/OOI/OOI/OOI/OOOO
OOOOOOOOOOOOOOOOOOOOOOOOOOOOOOOOOOOOOOOOOOOOOOOOOO
I/OOI/OOI/OOI/OOI/OOI/OOI/OOI/OOI/OOI/OOI/OOI/OOOO
OOOOOOOOOOOOOOOOOOOOOOOOOOOOOOOOOOOOOOOOOOOOOOOOOO
I/OOI/OOI/OOI/OOI/OOI/OOI/OOI/OOI/OOI/OOI/OOI/OOOO
OOOOOOOOOOOOOOOOOOOOOOOOOOOOOOOOOOOOOOOOOOOOOOOOOO
I/OOI/OOI/OOI/OOI/OOI/OOI/OOI/OOI/OOI/OOI/OOI/OOOO
OOOOOOOOOOOOOOOOOOOOOOOOOOOOOOOOOOOOOOOOOOOOOOOOOO
I/OOI/OOI/OOI/OOI/OOI/OOI/OOI/OOI/OOI/OOI/OOI/OOOO
OOOOOOOOOOOOOOOOOOOOOOOOOOOOOOOOOOOOOOOOOOOOOOOOOO
I/OOI/OOI/OOI/OOI/OOI/OOI/OOI/OOI/OOI/OOI/OOI/OOOO
OOOOOOOOOOOOOOOOOOOOOOOOOOOOOOOOOOOOOOOOOOOOOOOOOO
I/OOI/OOI/OOI/OOI/OOI/OOI/OOI/OOI/OOI/OOI/OOI/OOOO
OOOOOOOOOOOOOOOOOOOOOOOOOOOOOOOOOOOOOOOOOOOOOOOOOO
I/OOI/OOI/OOI/OOI/OOI/OOI/OOI/OOI/OOI/OOI/OOI/OOOO
OOOOOOOOOOOOOOOOOOOOOOOOOOOOOOOOOOOOOOOOOOOOOOOOOO
Case #17:
IOOOIOOOIOOOIOOOIOOOIOOOIOOOIOOOIOOOIOOOIOOOIOOOOO
OOOOOOOOOOOOOOOOOOOOOOOOOOOOOOOOOOOOOOOOOOOOOOOOOO
IOOOIOOOIOOOIOOOIOOOIOOOIOOOIOOOIOOOIOOOIOOOIOOOOO
OOOOOOOOOOOOOOOOOOOOOOOOOOOOOOOOOOOOOOOOOOOOOOOOOO
IOOOIOOOIOOOIOOOIOOOIOOOIOOOIOOOIOOOIOOOIOOOIOOOOO
OOOOOOOOOOOOOOOOOOOOOOOOOOOOOOOOOOOOOOOOOOOOOOOOOO
IOOOIOOOIOOOIOOOIOOOIOOOIOOOIOOOIOOOIOOOIOOOIOOOOO
OOOOOOOOOOOOOOOOOOOOOOOOOOOOOOOOOOOOOOOOOOOOOOOOOO
IOOOIOOOIOOOIOOOIOOOIOOOIOOOIOOOIOOOIOOOIOOOIOOOOO
OOOOOOOOOOOOOOOOOOOOOOOOOOOOOOOOOOOOOOOOOOOOOOOOOO
IOOOIOOOIOOOIOOOIOOOIOOOIOOOIOOOIOOOIOOOIOOOIOOOOO
OOOOOOOOOOOOOOOOOOOOOOOOOOOOOOOOOOOOOOOOOOOOOOOOOO
IOOOIOOOIOOOIOOOIOOOIOOOIOOOIOOOIOOOIOOOIOOOIOOOOO
OOOOOOOOOOOOOOOOOOOOOOOOOOOOOOOOOOOOOOOOOOOOOOOOOO
IOOOIOOOIOOOIOOOIOOOIOOOIOOOIOOOIOOOIOOOIOOOIOOOOO
OOOOOOOOOOOOOOOOOOOOOOOOOOOOOOOOOOOOOOOOOOOOOOOOOO
IOOOIOOOIOOOIOOOIOOOIOOOIOOOIOOOIOOOIOOOIOOOIOOOOO
OOOOOOOOOOOOOOOOOOOOOOOOOOOOOOOOOOOOOOOOOOOOOOOOOO
IOOOIOOOIOOOIOOOIOOOIOOOIOOOIOOOIOOOIOOOIOOOIOOOOO
OOOOOOOOOOOOOOOOOOOOOOOOOOOOOOOOOOOOOOOOOOOOOOOOOO
IOOOIOOOIOOOIOOOIOOOIOOOIOOOIOOOIOOOIOOOIOOOIOOOOO
OOOOOOOOOOOOOOOOOOOOOOOOOOOOOOOOOOOOOOOOOOOOOOOOOO
IOOOIOOOIOOOIOOOIOOOIOOOIOOOIOOOIOOOIOOOIOOOIOOOOO
OOOOOOOOOOOOOOOOOOOOOOOOOOOOOOOOOOOOOOOOOOOOOOOOOO
IOOOIOOOIOOOIOOOIOOOIOOOIOOOIOOOIOOOIOOOIOOOIOOOOO
OOOOOOOOOOOOOOOOOOOOOOOOOOOOOOOOOOOOOOOOOOOOOOOOOO
IOOOIOOOIOOOIOOOIOOOIOOOIOOOIOOOIOOOIOOOIOOOIOOOOO
OOOOOOOOOOOOOOOOOOOOOOOOOOOOOOOOOOOOOOOOOOOOOOOOOO
IOOOIOOOIOOOIOOOIOOOIOOOIOOOIOOOIOOOIOOOIOOOIOOOOO
OOOOOOOOOOOOOOOOOOOOOOOOOOOOOOOOOOOOOOOOOOOOOOOOOO
IOOOIOOOIOOOIOOOIOOOIOOOIOOOIOOOIOOOIOOOIOOOIOOOOO
OOOOOOOOOOOOOOOOOOOOOOOOOOOOOOOOOOOOOOOOOOOOOOOOOO
IOOOIOOOIOOOIOOOIOOOIOOOIOOOIOOOIOOOIOOOIOOOIOOOOO
OOOOOOOOOOOOOOOOOOOOOOOOOOOOOOOOOOOOOOOOOOOOOOOOOO
IOOOIOOOIOOOIOOOIOOOIOOOIOOOIOOOIOOOIOOOIOOOIOOOOO
OOOOOOOOOOOOOOOOOOOOOOOOOOOOOOOOOOOOOOOOOOOOOOOOOO
IOOOIOOOIOOOIOOOIOOOIOOOIOOOIOOOIOOOIOOOIOOOIOOOOO
OOOOOOOOOOOOOOOOOOOOOOOOOOOOOOOOOOOOOOOOOOOOOOOOOO
IOOOIOOOIOOOIOOOIOOOIOOOIOOOIOOOIOOOIOOOIOOOIOOOOO
OOOOOOOOOOOOOOOOOOOOOOOOOOOOOOOOOOOOOOOOOOOOOOOOOO
IOOOIOOOIOOOIOOOIOOOIOOOIOOOIOOOIOOOIOOOIOOOIOOOOO
OOOOOOOOOOOOOOOOOOOOOOOOOOOOOOOOOOOOOOOOOOOOOOOOOO
IOOOIOOOIOOOIOOOIOOOIOOOIOOOIOOOIOOOIOOOIOOOIOOOOO
OOOOOOOOOOOOOOOOOOOOOOOOOOOOOOOOOOOOOOOOOOOOOOOOOO
IOOOIOOOIOOOIOOOIOOOIOOOIOOOIOOOIOOOIOOOIOOOIOOOOO
OOOOOOOOOOOOOOOOOOOOOOOOOOOOOOOOOOOOOOOOOOOOOOOOOO
IOOOIOOOIOOOIOOOIOOOIOOOIOOOIOOOIOOOIOOOIOOOIOOOOO
OOOOOOOOOOOOOOOOOOOOOOOOOOOOOOOOOOOOOOOOOOOOOOOOOO
IOOOIOOOIOOOIOOOIOOOIOOOIOOOIOOOI/OOI/OOI/OOI/OOOO
OOOOOOOOOOOOOOOOOOOOOOOOOOOOOOOOOOOOOOOOOOOOOOOOOO
Case #18:
IOOOIOOOIOOOIOOOIOOOIOOOIOOOIOOOIOOOIOOOIOOOIOOOOO
OOOOOOOOOOOOOOOOOOOOOOOOOOOOOOOOOOOOOOOOOOOOOOOOOO
IOOOIOOOIOOOIOOOIOOOIOOOIOOOIOOOIOOOIOOOIOOOIOOOOO
OOOOOOOOOOOOOOOOOOOOOOOOOOOOOOOOOOOOOOOOOOOOOOOOOO
IOOOIOOOIOOOIOOOIOOOIOOOIOOOIOOOIOOOIOOOIOOOIOOOOO
OOOOOOOOOOOOOOOOOOOOOOOOOOOOOOOOOOOOOOOOOOOOOOOOOO
IOOOIOOOIOOOIOOOIOOOIOOOIOOOIOOOIOOOIOOOIOOOIOOOOO
OOOOOOOOOOOOOOOOOOOOOOOOOOOOOOOOOOOOOOOOOOOOOOOOOO
IOOOIOOOIOOOIOOOIOOOIOOOIOOOIOOOIOOOIOOOIOOOIOOOOO
OOOOOOOOOOOOOOOOOOOOOOOOOOOOOOOOOOOOOOOOOOOOOOOOOO
IOOOIOOOIOOOIOOOIOOOIOOOIOOOIOOOIOOOIOOOIOOOIOOOOO
OOOOOOOOOOOOOOOOOOOOOOOOOOOOOOOOOOOOOOOOOOOOOOOOOO
IOOOIOOOIOOOIOOOIOOOIOOOIOOOIOOOIOOOIOOOIOOOIOOOOO
OOOOOOOOOOOOOOOOOOOOOOOOOOOOOOOOOOOOOOOOOOOOOOOOOO
IOOOIOOOIOOOIOOOIOOOIOOOIOOOIOOOIOOOIOOOIOOOIOOOOO
OOOOOOOOOOOOOOOOOOOOOOOOOOOOOOOOOOOOOOOOOOOOOOOOOO
IOOOIOOOIOOOIOOOIOOOIOOOIOOOIOOOIOOOIOOOIOOOIOOOOO
OOOOOOOOOOOOOOOOOOOOOOOOOOOOOOOOOOOOOOOOOOOOOOOOOO
IOOOIOOOIOOOIOOOIOOOIOOOIOOOIOOOIOOOIOOOIOOOIOOOOO
OOOOOOOOOOOOOOOOOOOOOOOOOOOOOOOOOOOOOOOOOOOOOOOOOO
IOOOIOOOIOOOIOOOIOOOIOOOIOOOIOOOIOOOIOOOIOOOIOOOOO
OOOOOOOOOOOOOOOOOOOOOOOOOOOOOOOOOOOOOOOOOOOOOOOOOO
IOOOIOOOIOOOIOOOIOOOIOOOIOOOIOOOIOOOIOOOIOOOIOOOOO
OOOOOOOOOOOOOOOOOOOOOOOOOOOOOOOOOOOOOOOOOOOOOOOOOO
IOOOIOOOIOOOIOOOIOOOIOOOIOOOIOOOIOOOIOOOIOOOIOOOOO
OOOOOOOOOOOOOOOOOOOOOOOOOOOOOOOOOOOOOOOOOOOOOOOOOO
IOOOIOOOIOOOIOOOIOOOIOOOIOOOIOOOIOOOIOOOIOOOIOOOOO
OOOOOOOOOOOOOOOOOOOOOOOOOOOOOOOOOOOOOOOOOOOOOOOOOO
IOOOIOOOIOOOIOOOIOOOIOOOIOOOIOOOIOOOIOOOIOOOIOOOOO
OOOOOOOOOOOOOOOOOOOOOOOOOOOOOOOOOOOOOOOOOOOOOOOOOO
IOOOIOOOIOOOIOOOIOOOIOOOIOOOIOOOIOOOIOOOI/OOI/OOOO
OOOOOOOOOOOOOOOOOOOOOOOOOOOOOOOOOOOOOOOOOOOOOOOOOO
I/OOI/OOI/OOI/OOI/OOI/OOI/OOI/OOI/OOI/OOI/OOI/OOOO
OOOOOOOOOOOOOOOOOOOOOOOOOOOOOOOOOOOOOOOOOOOOOOOOOO
I/OOI/OOI/OOI/OOI/OOI/OOI/OOI/OOI/OOI/OOI/OOI/OOOO
OOOOOOOOOOOOOOOOOOOOOOOOOOOOOOOOOOOOOOOOOOOOOOOOOO
I/OOI/OOI/OOI/OOI/OOI/OOI/OOI/OOI/OOI/OOI/OOI/OOOO
OOOOOOOOOOOOOOOOOOOOOOOOOOOOOOOOOOOOOOOOOOOOOOOOOO
I/OOI/OOI/OOI/OOI/OOI/OOI/OOI/OOI/OOI/OOI/OOI/OOOO
OOOOOOOOOOOOOOOOOOOOOOOOOOOOOOOOOOOOOOOOOOOOOOOOOO
I/OOI/OOI/OOI/OOI/OOI/OOI/OOI/OOI/OOI/OOI/OOI/OOOO
OOOOOOOOOOOOOOOOOOOOOOOOOOOOOOOOOOOOOOOOOOOOOOOOOO
I/OOI/OOI/OOI/OOI/OOI/OOI/OOI/OOI/OOI/OOI/OOI/OOOO
OOOOOOOOOOOOOOOOOOOOOOOOOOOOOOOOOOOOOOOOOOOOOOOOOO
I/OOI/OOI/OOI/OOI/OOI/OOI/OOI/OOI/OOI/OOI/OOI/OOOO
OOOOOOOOOOOOOOOOOOOOOOOOOOOOOOOOOOOOOOOOOOOOOOOOOO
I/OOI/OOI/OOI/OOI/OOI/OOI/OOI/OOI/OOI/OOI/OOI/OOOO
OOOOOOOOOOOOOOOOOOOOOOOOOOOOOOOOOOOOOOOOOOOOOOOOOO
I/OOI/OOI/OOI/OOI/OOI/OOI/OOI/OOI/OOI/OOI/OOI/OOOO
OOOOOOOOOOOOOOOOOOOOOOOOOOOOOOOOOOOOOOOOOOOOOOOOOO
Case #19:
IOOOIOOOIOOOIOOOIOOOIOOOIOOOIOOOIOOOIOOOIOOOIOOOOO
OOOOOOOOOOOOOOOOOOOOOOOOOOOOOOOOOOOOOOOOOOOOOOOOOO
IOOOIOOOIOOOIOOOIOOOIOOOIOOOIOOOIOOOIOOOIOOOIOOOOO
OOOOOOOOOOOOOOOOOOOOOOOOOOOOOOOOOOOOOOOOOOOOOOOOOO
IOOOIOOOIOOOIOOOIOOOIOOOIOOOIOOOIOOOIOOOIOOOIOOOOO
OOOOOOOOOOOOOOOOOOOOOOOOOOOOOOOOOOOOOOOOOOOOOOOOOO
IOOOIOOOIOOOIOOOIOOOIOOOIOOOIOOOIOOOIOOOIOOOIOOOOO
OOOOOOOOOOOOOOOOOOOOOOOOOOOOOOOOOOOOOOOOOOOOOOOOOO
IOOOIOOOIOOOIOOOIOOOIOOOIOOOIOOOIOOOIOOOIOOOIOOOOO
OOOOOOOOOOOOOOOOOOOOOOOOOOOOOOOOOOOOOOOOOOOOOOOOOO
IOOOIOOOIOOOIOOOIOOOIOOOIOOOIOOOIOOOIOOOIOOOIOOOOO
OOOOOOOOOOOOOOOOOOOOOOOOOOOOOOOOOOOOOOOOOOOOOOOOOO
IOOOIOOOIOOOIOOOIOOOIOOOIOOOIOOOIOOOIOOOIOOOIOOOOO
OOOOOOOOOOOOOOOOOOOOOOOOOOOOOOOOOOOOOOOOOOOOOOOOOO
IOOOIOOOIOOOIOOOIOOOIOOOIOOOIOOOIOOOIOOOIOOOIOOOOO
OOOOOOOOOOOOOOOOOOOOOOOOOOOOOOOOOOOOOOOOOOOOOOOOOO
IOOOIOOOIOOOIOOOIOOOIOOOIOOOIOOOIOOOIOOOIOOOIOOOOO
OOOOOOOOOOOOOOOOOOOOOOOOOOOOOOOOOOOOOOOOOOOOOOOOOO
IOOOIOOOIOOOIOOOIOOOIOOOIOOOIOOOIOOOIOOOIOOOIOOOOO
OOOOOOOOOOOOOOOOOOOOOOOOOOOOOOOOOOOOOOOOOOOOOOOOOO
IOOOIOOOIOOOIOOOIOOOIOOOIOOOIOOOIOOOIOOOIOOOIOOOOO
OOOOOOOOOOOOOOOOOOOOOOOOOOOOOOOOOOOOOOOOOOOOOOOOOO
IOOOIOOOIOOOIOOOIOOOIOOOIOOOIOOOIOOOIOOOIOOOIOOOOO
OOOOOOOOOOOOOOOOOOOOOOOOOOOOOOOOOOOOOOOOOOOOOOOOOO
IOOOIOOOIOOOIOOOIOOOIOOOIOOOIOOOIOOOIOOOIOOOIOOOOO
OOOOOOOOOOOOOOOOOOOOOOOOOOOOOOOOOOOOOOOOOOOOOOOOOO
IOOOIOOOIOOOIOOOIOOOIOOOIOOOIOOOIOOOIOOOIOOOIOOOOO
OOOOOOOOOOOOOOOOOOOOOOOOOOOOOOOOOOOOOOOOOOOOOOOOOO
IOOOIOOOIOOOIOOOIOOOIOOOIOOOIOOOIOOOIOOOIOOOIOOOOO
OOOOOOOOOOOOOOOOOOOOOOOOOOOOOOOOOOOOOOOOOOOOOOOOOO
IOOOIOOOIOOOI/OOI/OOI/OOI/OOI/OOI/OOI/OOI/OOI/OOOO
OOOOOOOOOOOOOOOOOOOOOOOOOOOOOOOOOOOOOOOOOOOOOOOOOO
I/OOI/OOI/OOI/OOI/OOI/OOI/OOI/OOI/OOI/OOI/OOI/OOOO
OOOOOOOOOOOOOOOOOOOOOOOOOOOOOOOOOOOOOOOOOOOOOOOOOO
I/OOI/OOI/OOI/OOI/OOI/OOI/OOI/OOI/OOI/OOI/OOI/OOOO
OOOOOOOOOOOOOOOOOOOOOOOOOOOOOOOOOOOOOOOOOOOOOOOOOO
I/OOI/OOI/OOI/OOI/OOI/OOI/OOI/OOI/OOI/OOI/OOI/OOOO
OOOOOOOOOOOOOOOOOOOOOOOOOOOOOOOOOOOOOOOOOOOOOOOOOO
I/OOI/OOI/OOI/OOI/OOI/OOI/OOI/OOI/OOI/OOI/OOI/OOOO
OOOOOOOOOOOOOOOOOOOOOOOOOOOOOOOOOOOOOOOOOOOOOOOOOO
I/OOI/OOI/OOI/OOI/OOI/OOI/OOI/OOI/OOI/OOI/OOI/OOOO
OOOOOOOOOOOOOOOOOOOOOOOOOOOOOOOOOOOOOOOOOOOOOOOOOO
I/OOI/OOI/OOI/OOI/OOI/OOI/OOI/OOI/OOI/OOI/OOI/OOOO
OOOOOOOOOOOOOOOOOOOOOOOOOOOOOOOOOOOOOOOOOOOOOOOOOO
I/OOI/OOI/OOI/OOI/OOI/OOI/OOI/OOI/OOI/OOI/OOI/OOOO
OOOOOOOOOOOOOOOOOOOOOOOOOOOOOOOOOOOOOOOOOOOOOOOOOO
I/OOI/OOI/OOI/OOI/OOI/OOI/OOI/OOI/OOI/OOI/OOI/OOOO
OOOOOOOOOOOOOOOOOOOOOOOOOOOOOOOOOOOOOOOOOOOOOOOOOO
I/OOI/OOI/OOI/OOI/OOI/OOI/OOI/OOI/OOI/OOI/OOI/OOOO
OOOOOOOOOOOOOOOOOOOOOOOOOOOOOOOOOOOOOOOOOOOOOOOOOO
Case #20:
IOOOIOOOIOOOIOOOIOOOIOOOIOOOIOOOIOOOIOOOIOOOIOOOOO
OOOOOOOOOOOOOOOOOOOOOOOOOOOOOOOOOOOOOOOOOOOOOOOOOO
IOOOI/OOI/OOI/OOI/OOI/OOI/OOI/OOI/OOI/OOI/OOI/OOOO
OOOOOOOOOOOOOOOOOOOOOOOOOOOOOOOOOOOOOOOOOOOOOOOOOO
I/OOI/OOI/OOI/OOI/OOI/OOI/OOI/OOI/OOI/OOI/OOI/OOOO
OOOOOOOOOOOOOOOOOOOOOOOOOOOOOOOOOOOOOOOOOOOOOOOOOO
I/OOI/OOI/OOI/OOI/OOI/OOI/OOI/OOI/OOI/OOI/OOI/OOOO
OOOOOOOOOOOOOOOOOOOOOOOOOOOOOOOOOOOOOOOOOOOOOOOOOO
I/OOI/OOI/OOI/OOI/OOI/OOI/OOI/OOI/OOI/OOI/OOI/OOOO
OOOOOOOOOOOOOOOOOOOOOOOOOOOOOOOOOOOOOOOOOOOOOOOOOO
I/OOI/OOI/OOI/OOI/OOI/OOI/OOI/OOI/OOI/OOI/OOI/OOOO
OOOOOOOOOOOOOOOOOOOOOOOOOOOOOOOOOOOOOOOOOOOOOOOOOO
I/OOI/OOI/OOI/OOI/OOI/OOI/OOI/OOI/OOI/OOI/OOI/OOOO
OOOOOOOOOOOOOOOOOOOOOOOOOOOOOOOOOOOOOOOOOOOOOOOOOO
I/OOI/OOI/OOI/OOI/OOI/OOI/OOI/OOI/OOI/OOI/OOI/OOOO
OOOOOOOOOOOOOOOOOOOOOOOOOOOOOOOOOOOOOOOOOOOOOOOOOO
I/OOI/OOI/OOI/OOI/OOI/OOI/OOI/OOI/OOI/OOI/OOI/OOOO
OOOOOOOOOOOOOOOOOOOOOOOOOOOOOOOOOOOOOOOOOOOOOOOOOO
I/OOI/OOI/OOI/OOI/OOI/OOI/OOI/OOI/OOI/OOI/OOI/OOOO
OOOOOOOOOOOOOOOOOOOOOOOOOOOOOOOOOOOOOOOOOOOOOOOOOO
I/OOI/OOI/OOI/OOI/OOI/OOI/OOI/OOI/OOI/OOI/OOI/OOOO
OOOOOOOOOOOOOOOOOOOOOOOOOOOOOOOOOOOOOOOOOOOOOOOOOO
I/OOI/OOI/OOI/OOI/OOI/OOI/OOI/OOI/OOI/OOI/OOI/OOOO
OOOOOOOOOOOOOOOOOOOOOOOOOOOOOOOOOOOOOOOOOOOOOOOOOO
I/OOI/OOI/OOI/OOI/OOI/OOI/OOI/OOI/OOI/OOI/OOI/OOOO
OOOOOOOOOOOOOOOOOOOOOOOOOOOOOOOOOOOOOOOOOOOOOOOOOO
I/OOI/OOI/OOI/OOI/OOI/OOI/OOI/OOI/OOI/OOI/OOI/OOOO
OOOOOOOOOOOOOOOOOOOOOOOOOOOOOOOOOOOOOOOOOOOOOOOOOO
I/OOI/OOI/OOI/OOI/OOI/OOI/OOI/OOI/OOI/OOI/OOI/OOOO
OOOOOOOOOOOOOOOOOOOOOOOOOOOOOOOOOOOOOOOOOOOOOOOOOO
I/OOI/OOI/OOI/OOI/OOI/OOI/OOI/OOI/OOI/OOI/OOI/OOOO
OOOOOOOOOOOOOOOOOOOOOOOOOOOOOOOOOOOOOOOOOOOOOOOOOO
I/OOI/OOI/OOI/OOI/OOI/OOI/OOI/OOI/OOI/OOI/OOI/OOOO
OOOOOOOOOOOOOOOOOOOOOOOOOOOOOOOOOOOOOOOOOOOOOOOOOO
I/OOI/OOI/OOI/OOI/OOI/OOI/OOI/OOI/OOI/OOI/OOI/OOOO
OOOOOOOOOOOOOOOOOOOOOOOOOOOOOOOOOOOOOOOOOOOOOOOOOO
I/OOI/OOI/OOI/OOI/OOI/OOI/OOI/OOI/OOI/OOI/OOI/OOOO
OOOOOOOOOOOOOOOOOOOOOOOOOOOOOOOOOOOOOOOOOOOOOOOOOO
I/OOI/OOI/OOI/OOI/OOI/OOI/OOI/OOI/OOI/OOI/OOI/OOOO
OOOOOOOOOOOOOOOOOOOOOOOOOOOOOOOOOOOOOOOOOOOOOOOOOO
I/OOI/OOI/OOI/OOI/OOI/OOI/OOI/OOI/OOI/OOI/OOI/OOOO
OOOOOOOOOOOOOOOOOOOOOOOOOOOOOOOOOOOOOOOOOOOOOOOOOO
I/OOI/OOI/OOI/OOI/OOI/OOI/OOI/OOI/OOI/OOI/OOI/OOOO
OOOOOOOOOOOOOOOOOOOOOOOOOOOOOOOOOOOOOOOOOOOOOOOOOO
I/OOI/OOI/OOI/OOI/OOI/OOI/OOI/OOI/OOI/OOI/OOI/OOOO
OOOOOOOOOOOOOOOOOOOOOOOOOOOOOOOOOOOOOOOOOOOOOOOOOO
I/OOI/OOI/OOI/OOI/OOI/OOI/OOI/OOI/OOI/OOI/OOI/OOOO
OOOOOOOOOOOOOOOOOOOOOOOOOOOOOOOOOOOOOOOOOOOOOOOOOO
I/OOI/OOI/OOI/OOI/OOI/OOI/OOI/OOI/OOI/OOI/OOI/OOOO
OOOOOOOOOOOOOOOOOOOOOOOOOOOOOOOOOOOOOOOOOOOOOOOOOO
Case #21:
IOOOIOOOIOOOIOOOIOOOIOOOIOOOIOOOIOOOIOOOIOOOIOOOOO
OOOOOOOOOOOOOOOOOOOOOOOOOOOOOOOOOOOOOOOOOOOOOOOOOO
IOOOIOOOIOOOIOOOIOOOIOOOIOOOIOOOIOOOIOOOIOOOIOOOOO
OOOOOOOOOOOOOOOOOOOOOOOOOOOOOOOOOOOOOOOOOOOOOOOOOO
IOOOIOOOIOOOIOOOIOOOIOOOIOOOIOOOIOOOIOOOIOOOIOOOOO
OOOOOOOOOOOOOOOOOOOOOOOOOOOOOOOOOOOOOOOOOOOOOOOOOO
IOOOIOOOIOOOIOOOIOOOIOOOIOOOIOOOIOOOIOOOIOOOIOOOOO
OOOOOOOOOOOOOOOOOOOOOOOOOOOOOOOOOOOOOOOOOOOOOOOOOO
IOOOIOOOIOOOIOOOIOOOIOOOIOOOIOOOIOOOIOOOIOOOIOOOOO
OOOOOOOOOOOOOOOOOOOOOOOOOOOOOOOOOOOOOOOOOOOOOOOOOO
IOOOIOOOIOOOIOOOIOOOIOOOIOOOIOOOIOOOIOOOIOOOIOOOOO
OOOOOOOOOOOOOOOOOOOOOOOOOOOOOOOOOOOOOOOOOOOOOOOOOO
IOOOIOOOIOOOIOOOIOOOIOOOIOOOIOOOIOOOIOOOIOOOIOOOOO
OOOOOOOOOOOOOOOOOOOOOOOOOOOOOOOOOOOOOOOOOOOOOOOOOO
IOOOIOOOIOOOIOOOIOOOIOOOIOOOIOOOIOOOIOOOIOOOIOOOOO
OOOOOOOOOOOOOOOOOOOOOOOOOOOOOOOOOOOOOOOOOOOOOOOOOO
IOOOIOOOIOOOIOOOIOOOIOOOIOOOIOOOIOOOIOOOIOOOIOOOOO
OOOOOOOOOOOOOOOOOOOOOOOOOOOOOOOOOOOOOOOOOOOOOOOOOO
IOOOIOOOIOOOIOOOIOOOIOOOIOOOIOOOIOOOIOOOIOOOIOOOOO
OOOOOOOOOOOOOOOOOOOOOOOOOOOOOOOOOOOOOOOOOOOOOOOOOO
IOOOIOOOIOOOIOOOIOOOIOOOIOOOIOOOIOOOIOOOIOOOIOOOOO
OOOOOOOOOOOOOOOOOOOOOOOOOOOOOOOOOOOOOOOOOOOOOOOOOO
IOOOIOOOIOOOIOOOIOOOIOOOIOOOIOOOIOOOIOOOIOOOIOOOOO
OOOOOOOOOOOOOOOOOOOOOOOOOOOOOOOOOOOOOOOOOOOOOOOOOO
IOOOIOOOIOOOIOOOIOOOIOOOIOOOIOOOIOOOIOOOIOOOIOOOOO
OOOOOOOOOOOOOOOOOOOOOOOOOOOOOOOOOOOOOOOOOOOOOOOOOO
IOOOIOOOIOOOIOOOIOOOIOOOI/OOI/OOI/OOI/OOI/OOI/OOOO
OOOOOOOOOOOOOOOOOOOOOOOOOOOOOOOOOOOOOOOOOOOOOOOOOO
I/OOI/OOI/OOI/OOI/OOI/OOI/OOI/OOI/OOI/OOI/OOI/OOOO
OOOOOOOOOOOOOOOOOOOOOOOOOOOOOOOOOOOOOOOOOOOOOOOOOO
I/OOI/OOI/OOI/OOI/OOI/OOI/OOI/OOI/OOI/OOI/OOI/OOOO
OOOOOOOOOOOOOOOOOOOOOOOOOOOOOOOOOOOOOOOOOOOOOOOOOO
I/OOI/OOI/OOI/OOI/OOI/OOI/OOI/OOI/OOI/OOI/OOI/OOOO
OOOOOOOOOOOOOOOOOOOOOOOOOOOOOOOOOOOOOOOOOOOOOOOOOO
I/OOI/OOI/OOI/OOI/OOI/OOI/OOI/OOI/OOI/OOI/OOI/OOOO
OOOOOOOOOOOOOOOOOOOOOOOOOOOOOOOOOOOOOOOOOOOOOOOOOO
I/OOI/OOI/OOI/OOI/OOI/OOI/OOI/OOI/OOI/OOI/OOI/OOOO
OOOOOOOOOOOOOOOOOOOOOOOOOOOOOOOOOOOOOOOOOOOOOOOOOO
I/OOI/OOI/OOI/OOI/OOI/OOI/OOI/OOI/OOI/OOI/OOI/OOOO
OOOOOOOOOOOOOOOOOOOOOOOOOOOOOOOOOOOOOOOOOOOOOOOOOO
I/OOI/OOI/OOI/OOI/OOI/OOI/OOI/OOI/OOI/OOI/OOI/OOOO
OOOOOOOOOOOOOOOOOOOOOOOOOOOOOOOOOOOOOOOOOOOOOOOOOO
I/OOI/OOI/OOI/OOI/OOI/OOI/OOI/OOI/OOI/OOI/OOI/OOOO
OOOOOOOOOOOOOOOOOOOOOOOOOOOOOOOOOOOOOOOOOOOOOOOOOO
I/OOI/OOI/OOI/OOI/OOI/OOI/OOI/OOI/OOI/OOI/OOI/OOOO
OOOOOOOOOOOOOOOOOOOOOOOOOOOOOOOOOOOOOOOOOOOOOOOOOO
I/OOI/OOI/OOI/OOI/OOI/OOI/OOI/OOI/OOI/OOI/OOI/OOOO
OOOOOOOOOOOOOOOOOOOOOOOOOOOOOOOOOOOOOOOOOOOOOOOOOO
I/OOI/OOI/OOI/OOI/OOI/OOI/OOI/OOI/OOI/OOI/OOI/OOOO
OOOOOOOOOOOOOOOOOOOOOOOOOOOOOOOOOOOOOOOOOOOOOOOOOO
Case #22:
IOOOIOOOIOOOIOOOIOOOIOOOIOOOIOOOIOOOIOOOIOOOIOOOOO
OOOOOOOOOOOOOOOOOOOOOOOOOOOOOOOOOOOOOOOOOOOOOOOOOO
IOOOIOOOIOOOIOOOIOOOI/OOI/OOI/OOI/OOI/OOI/OOI/OOOO
OOOOOOOOOOOOOOOOOOOOOOOOOOOOOOOOOOOOOOOOOOOOOOOOOO
I/OOI/OOI/OOI/OOI/OOI/OOI/OOI/OOI/OOI/OOI/OOI/OOOO
OOOOOOOOOOOOOOOOOOOOOOOOOOOOOOOOOOOOOOOOOOOOOOOOOO
I/OOI/OOI/OOI/OOI/OOI/OOI/OOI/OOI/OOI/OOI/OOI/OOOO
OOOOOOOOOOOOOOOOOOOOOOOOOOOOOOOOOOOOOOOOOOOOOOOOOO
I/OOI/OOI/OOI/OOI/OOI/OOI/OOI/OOI/OOI/OOI/OOI/OOOO
OOOOOOOOOOOOOOOOOOOOOOOOOOOOOOOOOOOOOOOOOOOOOOOOOO
I/OOI/OOI/OOI/OOI/OOI/OOI/OOI/OOI/OOI/OOI/OOI/OOOO
OOOOOOOOOOOOOOOOOOOOOOOOOOOOOOOOOOOOOOOOOOOOOOOOOO
I/OOI/OOI/OOI/OOI/OOI/OOI/OOI/OOI/OOI/OOI/OOI/OOOO
OOOOOOOOOOOOOOOOOOOOOOOOOOOOOOOOOOOOOOOOOOOOOOOOOO
I/OOI/OOI/OOI/OOI/OOI/OOI/OOI/OOI/OOI/OOI/OOI/OOOO
OOOOOOOOOOOOOOOOOOOOOOOOOOOOOOOOOOOOOOOOOOOOOOOOOO
I/OOI/OOI/OOI/OOI/OOI/OOI/OOI/OOI/OOI/OOI/OOI/OOOO
OOOOOOOOOOOOOOOOOOOOOOOOOOOOOOOOOOOOOOOOOOOOOOOOOO
I/OOI/OOI/OOI/OOI/OOI/OOI/OOI/OOI/OOI/OOI/OOI/OOOO
OOOOOOOOOOOOOOOOOOOOOOOOOOOOOOOOOOOOOOOOOOOOOOOOOO
I/OOI/OOI/OOI/OOI/OOI/OOI/OOI/OOI/OOI/OOI/OOI/OOOO
OOOOOOOOOOOOOOOOOOOOOOOOOOOOOOOOOOOOOOOOOOOOOOOOOO
I/OOI/OOI/OOI/OOI/OOI/OOI/OOI/OOI/OOI/OOI/OOI/OOOO
OOOOOOOOOOOOOOOOOOOOOOOOOOOOOOOOOOOOOOOOOOOOOOOOOO
I/OOI/OOI/OOI/OOI/OOI/OOI/OOI/OOI/OOI/OOI/OOI/OOOO
OOOOOOOOOOOOOOOOOOOOOOOOOOOOOOOOOOOOOOOOOOOOOOOOOO
I/OOI/OOI/OOI/OOI/OOI/OOI/OOI/OOI/OOI/OOI/OOI/OOOO
OOOOOOOOOOOOOOOOOOOOOOOOOOOOOOOOOOOOOOOOOOOOOOOOOO
I/OOI/OOI/OOI/OOI/OOI/OOI/OOI/OOI/OOI/OOI/OOI/OOOO
OOOOOOOOOOOOOOOOOOOOOOOOOOOOOOOOOOOOOOOOOOOOOOOOOO
I/OOI/OOI/OOI/OOI/OOI/OOI/OOI/OOI/OOI/OOI/OOI/OOOO
OOOOOOOOOOOOOOOOOOOOOOOOOOOOOOOOOOOOOOOOOOOOOOOOOO
I/OOI/OOI/OOI/OOI/OOI/OOI/OOI/OOI/OOI/OOI/OOI/OOOO
OOOOOOOOOOOOOOOOOOOOOOOOOOOOOOOOOOOOOOOOOOOOOOOOOO
I/OOI/OOI/OOI/OOI/OOI/OOI/OOI/OOI/OOI/OOI/OOI/OOOO
OOOOOOOOOOOOOOOOOOOOOOOOOOOOOOOOOOOOOOOOOOOOOOOOOO
I/OOI/OOI/OOI/OOI/OOI/OOI/OOI/OOI/OOI/OOI/OOI/OOOO
OOOOOOOOOOOOOOOOOOOOOOOOOOOOOOOOOOOOOOOOOOOOOOOOOO
I/OOI/OOI/OOI/OOI/OOI/OOI/OOI/OOI/OOI/OOI/OOI/OOOO
OOOOOOOOOOOOOOOOOOOOOOOOOOOOOOOOOOOOOOOOOOOOOOOOOO
I/OOI/OOI/OOI/OOI/OOI/OOI/OOI/OOI/OOI/OOI/OOI/OOOO
OOOOOOOOOOOOOOOOOOOOOOOOOOOOOOOOOOOOOOOOOOOOOOOOOO
I/OOI/OOI/OOI/OOI/OOI/OOI/OOI/OOI/OOI/OOI/OOI/OOOO
OOOOOOOOOOOOOOOOOOOOOOOOOOOOOOOOOOOOOOOOOOOOOOOOOO
I/OOI/OOI/OOI/OOI/OOI/OOI/OOI/OOI/OOI/OOI/OOI/OOOO
OOOOOOOOOOOOOOOOOOOOOOOOOOOOOOOOOOOOOOOOOOOOOOOOOO
I/OOI/OOI/OOI/OOI/OOI/OOI/OOI/OOI/OOI/OOI/OOI/OOOO
OOOOOOOOOOOOOOOOOOOOOOOOOOOOOOOOOOOOOOOOOOOOOOOOOO
I/OOI/OOI/OOI/OOI/OOI/OOI/OOI/OOI/OOI/OOI/OOI/OOOO
OOOOOOOOOOOOOOOOOOOOOOOOOOOOOOOOOOOOOOOOOOOOOOOOOO
Case #23:
IOOOIOOOIOOOIOOOIOOOIOOOIOOOIOOOIOOOIOOOIOOOIOOOOO
OOOOOOOOOOOOOOOOOOOOOOOOOOOOOOOOOOOOOOOOOOOOOOOOOO
IOOOIOOOIOOOIOOOI/OOI/OOI/OOI/OOI/OOI/OOI/OOI/OOOO
OOOOOOOOOOOOOOOOOOOOOOOOOOOOOOOOOOOOOOOOOOOOOOOOOO
I/OOI/OOI/OOI/OOI/OOI/OOI/OOI/OOI/OOI/OOI/OOI/OOOO
OOOOOOOOOOOOOOOOOOOOOOOOOOOOOOOOOOOOOOOOOOOOOOOOOO
I/OOI/OOI/OOI/OOI/OOI/OOI/OOI/OOI/OOI/OOI/OOI/OOOO
OOOOOOOOOOOOOOOOOOOOOOOOOOOOOOOOOOOOOOOOOOOOOOOOOO
I/OOI/OOI/OOI/OOI/OOI/OOI/OOI/OOI/OOI/OOI/OOI/OOOO
OOOOOOOOOOOOOOOOOOOOOOOOOOOOOOOOOOOOOOOOOOOOOOOOOO
I/OOI/OOI/OOI/OOI/OOI/OOI/OOI/OOI/OOI/OOI/OOI/OOOO
OOOOOOOOOOOOOOOOOOOOOOOOOOOOOOOOOOOOOOOOOOOOOOOOOO
I/OOI/OOI/OOI/OOI/OOI/OOI/OOI/OOI/OOI/OOI/OOI/OOOO
OOOOOOOOOOOOOOOOOOOOOOOOOOOOOOOOOOOOOOOOOOOOOOOOOO
I/OOI/OOI/OOI/OOI/OOI/OOI/OOI/OOI/OOI/OOI/OOI/OOOO
OOOOOOOOOOOOOOOOOOOOOOOOOOOOOOOOOOOOOOOOOOOOOOOOOO
I/OOI/OOI/OOI/OOI/OOI/OOI/OOI/OOI/OOI/OOI/OOI/OOOO
OOOOOOOOOOOOOOOOOOOOOOOOOOOOOOOOOOOOOOOOOOOOOOOOOO
I/OOI/OOI/OOI/OOI/OOI/OOI/OOI/OOI/OOI/OOI/OOI/OOOO
OOOOOOOOOOOOOOOOOOOOOOOOOOOOOOOOOOOOOOOOOOOOOOOOOO
I/OOI/OOI/OOI/OOI/OOI/OOI/OOI/OOI/OOI/OOI/OOI/OOOO
OOOOOOOOOOOOOOOOOOOOOOOOOOOOOOOOOOOOOOOOOOOOOOOOOO
I/OOI/OOI/OOI/OOI/OOI/OOI/OOI/OOI/OOI/OOI/OOI/OOOO
OOOOOOOOOOOOOOOOOOOOOOOOOOOOOOOOOOOOOOOOOOOOOOOOOO
I/OOI/OOI/OOI/OOI/OOI/OOI/OOI/OOI/OOI/OOI/OOI/OOOO
OOOOOOOOOOOOOOOOOOOOOOOOOOOOOOOOOOOOOOOOOOOOOOOOOO
I/OOI/OOI/OOI/OOI/OOI/OOI/OOI/OOI/OOI/OOI/OOI/OOOO
OOOOOOOOOOOOOOOOOOOOOOOOOOOOOOOOOOOOOOOOOOOOOOOOOO
I/OOI/OOI/OOI/OOI/OOI/OOI/OOI/OOI/OOI/OOI/OOI/OOOO
OOOOOOOOOOOOOOOOOOOOOOOOOOOOOOOOOOOOOOOOOOOOOOOOOO
I/OOI/OOI/OOI/OOI/OOI/OOI/OOI/OOI/OOI/OOI/OOI/OOOO
OOOOOOOOOOOOOOOOOOOOOOOOOOOOOOOOOOOOOOOOOOOOOOOOOO
I/OOI/OOI/OOI/OOI/OOI/OOI/OOI/OOI/OOI/OOI/OOI/OOOO
OOOOOOOOOOOOOOOOOOOOOOOOOOOOOOOOOOOOOOOOOOOOOOOOOO
I/OOI/OOI/OOI/OOI/OOI/OOI/OOI/OOI/OOI/OOI/OOI/OOOO
OOOOOOOOOOOOOOOOOOOOOOOOOOOOOOOOOOOOOOOOOOOOOOOOOO
I/OOI/OOI/OOI/OOI/OOI/OOI/OOI/OOI/OOI/OOI/OOI/OOOO
OOOOOOOOOOOOOOOOOOOOOOOOOOOOOOOOOOOOOOOOOOOOOOOOOO
I/OOI/OOI/OOI/OOI/OOI/OOI/OOI/OOI/OOI/OOI/OOI/OOOO
OOOOOOOOOOOOOOOOOOOOOOOOOOOOOOOOOOOOOOOOOOOOOOOOOO
I/OOI/OOI/OOI/OOI/OOI/OOI/OOI/OOI/OOI/OOI/OOI/OOOO
OOOOOOOOOOOOOOOOOOOOOOOOOOOOOOOOOOOOOOOOOOOOOOOOOO
I/OOI/OOI/OOI/OOI/OOI/OOI/OOI/OOI/OOI/OOI/OOI/OOOO
OOOOOOOOOOOOOOOOOOOOOOOOOOOOOOOOOOOOOOOOOOOOOOOOOO
I/OOI/OOI/OOI/OOI/OOI/OOI/OOI/OOI/OOI/OOI/OOI/OOOO
OOOOOOOOOOOOOOOOOOOOOOOOOOOOOOOOOOOOOOOOOOOOOOOOOO
I/OOI/OOI/OOI/OOI/OOI/OOI/OOI/OOI/OOI/OOI/OOI/OOOO
OOOOOOOOOOOOOOOOOOOOOOOOOOOOOOOOOOOOOOOOOOOOOOOOOO
I/OOI/OOI/OOI/OOI/OOI/OOI/OOI/OOI/OOI/OOI/OOI/OOOO
OOOOOOOOOOOOOOOOOOOOOOOOOOOOOOOOOOOOOOOOOOOOOOOOOO
Case #24:
IOOOIOOOIOOOIOOOIOOOIOOOIOOOIOOOIOOOIOOOIOOOIOOOOO
OOOOOOOOOOOOOOOOOOOOOOOOOOOOOOOOOOOOOOOOOOOOOOOOOO
IOOOIOOOIOOOIOOOIOOOIOOOIOOOIOOOIOOOIOOOIOOOIOOOOO
OOOOOOOOOOOOOOOOOOOOOOOOOOOOOOOOOOOOOOOOOOOOOOOOOO
IOOOIOOOIOOOIOOOIOOOIOOOIOOOIOOOIOOOIOOOIOOOIOOOOO
OOOOOOOOOOOOOOOOOOOOOOOOOOOOOOOOOOOOOOOOOOOOOOOOOO
IOOOIOOOIOOOIOOOIOOOIOOOIOOOIOOOIOOOIOOOIOOOIOOOOO
OOOOOOOOOOOOOOOOOOOOOOOOOOOOOOOOOOOOOOOOOOOOOOOOOO
IOOOIOOOIOOOIOOOIOOOIOOOIOOOIOOOIOOOIOOOIOOOI/OOOO
OOOOOOOOOOOOOOOOOOOOOOOOOOOOOOOOOOOOOOOOOOOOOOOOOO
I/OOI/OOI/OOI/OOI/OOI/OOI/OOI/OOI/OOI/OOI/OOI/OOOO
OOOOOOOOOOOOOOOOOOOOOOOOOOOOOOOOOOOOOOOOOOOOOOOOOO
I/OOI/OOI/OOI/OOI/OOI/OOI/OOI/OOI/OOI/OOI/OOI/OOOO
OOOOOOOOOOOOOOOOOOOOOOOOOOOOOOOOOOOOOOOOOOOOOOOOOO
I/OOI/OOI/OOI/OOI/OOI/OOI/OOI/OOI/OOI/OOI/OOI/OOOO
OOOOOOOOOOOOOOOOOOOOOOOOOOOOOOOOOOOOOOOOOOOOOOOOOO
I/OOI/OOI/OOI/OOI/OOI/OOI/OOI/OOI/OOI/OOI/OOI/OOOO
OOOOOOOOOOOOOOOOOOOOOOOOOOOOOOOOOOOOOOOOOOOOOOOOOO
I/OOI/OOI/OOI/OOI/OOI/OOI/OOI/OOI/OOI/OOI/OOI/OOOO
OOOOOOOOOOOOOOOOOOOOOOOOOOOOOOOOOOOOOOOOOOOOOOOOOO
I/OOI/OOI/OOI/OOI/OOI/OOI/OOI/OOI/OOI/OOI/OOI/OOOO
OOOOOOOOOOOOOOOOOOOOOOOOOOOOOOOOOOOOOOOOOOOOOOOOOO
I/OOI/OOI/OOI/OOI/OOI/OOI/OOI/OOI/OOI/OOI/OOI/OOOO
OOOOOOOOOOOOOOOOOOOOOOOOOOOOOOOOOOOOOOOOOOOOOOOOOO
I/OOI/OOI/OOI/OOI/OOI/OOI/OOI/OOI/OOI/OOI/OOI/OOOO
OOOOOOOOOOOOOOOOOOOOOOOOOOOOOOOOOOOOOOOOOOOOOOOOOO
I/OOI/OOI/OOI/OOI/OOI/OOI/OOI/OOI/OOI/OOI/OOI/OOOO
OOOOOOOOOOOOOOOOOOOOOOOOOOOOOOOOOOOOOOOOOOOOOOOOOO
I/OOI/OOI/OOI/OOI/OOI/OOI/OOI/OOI/OOI/OOI/OOI/OOOO
OOOOOOOOOOOOOOOOOOOOOOOOOOOOOOOOOOOOOOOOOOOOOOOOOO
I/OOI/OOI/OOI/OOI/OOI/OOI/OOI/OOI/OOI/OOI/OOI/OOOO
OOOOOOOOOOOOOOOOOOOOOOOOOOOOOOOOOOOOOOOOOOOOOOOOOO
I/OOI/OOI/OOI/OOI/OOI/OOI/OOI/OOI/OOI/OOI/OOI/OOOO
OOOOOOOOOOOOOOOOOOOOOOOOOOOOOOOOOOOOOOOOOOOOOOOOOO
I/OOI/OOI/OOI/OOI/OOI/OOI/OOI/OOI/OOI/OOI/OOI/OOOO
OOOOOOOOOOOOOOOOOOOOOOOOOOOOOOOOOOOOOOOOOOOOOOOOOO
I/OOI/OOI/OOI/OOI/OOI/OOI/OOI/OOI/OOI/OOI/OOI/OOOO
OOOOOOOOOOOOOOOOOOOOOOOOOOOOOOOOOOOOOOOOOOOOOOOOOO
I/OOI/OOI/OOI/OOI/OOI/OOI/OOI/OOI/OOI/OOI/OOI/OOOO
OOOOOOOOOOOOOOOOOOOOOOOOOOOOOOOOOOOOOOOOOOOOOOOOOO
I/OOI/OOI/OOI/OOI/OOI/OOI/OOI/OOI/OOI/OOI/OOI/OOOO
OOOOOOOOOOOOOOOOOOOOOOOOOOOOOOOOOOOOOOOOOOOOOOOOOO
I/OOI/OOI/OOI/OOI/OOI/OOI/OOI/OOI/OOI/OOI/OOI/OOOO
OOOOOOOOOOOOOOOOOOOOOOOOOOOOOOOOOOOOOOOOOOOOOOOOOO
I/OOI/OOI/OOI/OOI/OOI/OOI/OOI/OOI/OOI/OOI/OOI/OOOO
OOOOOOOOOOOOOOOOOOOOOOOOOOOOOOOOOOOOOOOOOOOOOOOOOO
I/OOI/OOI/OOI/OOI/OOI/OOI/OOI/OOI/OOI/OOI/OOI/OOOO
OOOOOOOOOOOOOOOOOOOOOOOOOOOOOOOOOOOOOOOOOOOOOOOOOO
I/OOI/OOI/OOI/OOI/OOI/OOI/OOI/OOI/OOI/OOI/OOI/OOOO
OOOOOOOOOOOOOOOOOOOOOOOOOOOOOOOOOOOOOOOOOOOOOOOOOO
Case #25:
IOOOIOOOIOOOIOOOIOOOIOOOIOOOIOOOIOOOIOOOIOOOIOOOOO
OOOOOOOOOOOOOOOOOOOOOOOOOOOOOOOOOOOOOOOOOOOOOOOOOO
IOOOIOOOIOOOIOOOIOOOIOOOIOOOIOOOIOOOIOOOIOOOIOOOOO
OOOOOOOOOOOOOOOOOOOOOOOOOOOOOOOOOOOOOOOOOOOOOOOOOO
IOOOIOOOIOOOIOOOIOOOIOOOIOOOIOOOIOOOIOOOIOOOIOOOOO
OOOOOOOOOOOOOOOOOOOOOOOOOOOOOOOOOOOOOOOOOOOOOOOOOO
IOOOIOOOIOOOIOOOIOOOIOOOIOOOIOOOIOOOIOOOIOOOIOOOOO
OOOOOOOOOOOOOOOOOOOOOOOOOOOOOOOOOOOOOOOOOOOOOOOOOO
IOOOIOOOIOOOIOOOIOOOIOOOIOOOIOOOIOOOIOOOIOOOIOOOOO
OOOOOOOOOOOOOOOOOOOOOOOOOOOOOOOOOOOOOOOOOOOOOOOOOO
IOOOIOOOIOOOIOOOIOOOIOOOIOOOIOOOIOOOIOOOIOOOIOOOOO
OOOOOOOOOOOOOOOOOOOOOOOOOOOOOOOOOOOOOOOOOOOOOOOOOO
IOOOIOOOIOOOIOOOIOOOIOOOIOOOIOOOIOOOIOOOIOOOIOOOOO
OOOOOOOOOOOOOOOOOOOOOOOOOOOOOOOOOOOOOOOOOOOOOOOOOO
IOOOIOOOIOOOIOOOIOOOIOOOIOOOIOOOIOOOIOOOIOOOIOOOOO
OOOOOOOOOOOOOOOOOOOOOOOOOOOOOOOOOOOOOOOOOOOOOOOOOO
IOOOIOOOIOOOIOOOIOOOIOOOIOOOIOOOIOOOIOOOIOOOIOOOOO
OOOOOOOOOOOOOOOOOOOOOOOOOOOOOOOOOOOOOOOOOOOOOOOOOO
IOOOIOOOIOOOIOOOIOOOIOOOIOOOIOOOIOOOIOOOIOOOIOOOOO
OOOOOOOOOOOOOOOOOOOOOOOOOOOOOOOOOOOOOOOOOOOOOOOOOO
IOOOIOOOIOOOIOOOIOOOIOOOIOOOIOOOIOOOIOOOIOOOIOOOOO
OOOOOOOOOOOOOOOOOOOOOOOOOOOOOOOOOOOOOOOOOOOOOOOOOO
IOOOIOOOIOOOIOOOIOOOIOOOIOOOIOOOIOOOIOOOIOOOIOOOOO
OOOOOOOOOOOOOOOOOOOOOOOOOOOOOOOOOOOOOOOOOOOOOOOOOO
IOOOIOOOIOOOIOOOIOOOIOOOIOOOIOOOIOOOIOOOIOOOIOOOOO
OOOOOOOOOOOOOOOOOOOOOOOOOOOOOOOOOOOOOOOOOOOOOOOOOO
IOOOIOOOIOOOIOOOIOOOIOOOIOOOIOOOIOOOIOOOIOOOIOOOOO
OOOOOOOOOOOOOOOOOOOOOOOOOOOOOOOOOOOOOOOOOOOOOOOOOO
IOOOIOOOIOOOIOOOIOOOIOOOIOOOIOOOIOOOIOOOIOOOIOOOOO
OOOOOOOOOOOOOOOOOOOOOOOOOOOOOOOOOOOOOOOOOOOOOOOOOO
IOOOIOOOIOOOIOOOIOOOIOOOIOOOIOOOIOOOIOOOIOOOIOOOOO
OOOOOOOOOOOOOOOOOOOOOOOOOOOOOOOOOOOOOOOOOOOOOOOOOO
IOOOIOOOIOOOIOOOIOOOIOOOIOOOIOOOIOOOIOOOIOOOIOOOOO
OOOOOOOOOOOOOOOOOOOOOOOOOOOOOOOOOOOOOOOOOOOOOOOOOO
IOOOIOOOI/OOI/OOI/OOI/OOI/OOI/OOI/OOI/OOI/OOI/OOOO
OOOOOOOOOOOOOOOOOOOOOOOOOOOOOOOOOOOOOOOOOOOOOOOOOO
I/OOI/OOI/OOI/OOI/OOI/OOI/OOI/OOI/OOI/OOI/OOI/OOOO
OOOOOOOOOOOOOOOOOOOOOOOOOOOOOOOOOOOOOOOOOOOOOOOOOO
I/OOI/OOI/OOI/OOI/OOI/OOI/OOI/OOI/OOI/OOI/OOI/OOOO
OOOOOOOOOOOOOOOOOOOOOOOOOOOOOOOOOOOOOOOOOOOOOOOOOO
I/OOI/OOI/OOI/OOI/OOI/OOI/OOI/OOI/OOI/OOI/OOI/OOOO
OOOOOOOOOOOOOOOOOOOOOOOOOOOOOOOOOOOOOOOOOOOOOOOOOO
I/OOI/OOI/OOI/OOI/OOI/OOI/OOI/OOI/OOI/OOI/OOI/OOOO
OOOOOOOOOOOOOOOOOOOOOOOOOOOOOOOOOOOOOOOOOOOOOOOOOO
I/OOI/OOI/OOI/OOI/OOI/OOI/OOI/OOI/OOI/OOI/OOI/OOOO
OOOOOOOOOOOOOOOOOOOOOOOOOOOOOOOOOOOOOOOOOOOOOOOOOO
I/OOI/OOI/OOI/OOI/OOI/OOI/OOI/OOI/OOI/OOI/OOI/OOOO
OOOOOOOOOOOOOOOOOOOOOOOOOOOOOOOOOOOOOOOOOOOOOOOOOO
I/OOI/OOI/OOI/OOI/OOI/OOI/OOI/OOI/OOI/OOI/OOI/OOOO
OOOOOOOOOOOOOOOOOOOOOOOOOOOOOOOOOOOOOOOOOOOOOOOOOO
